<?xml version="1.0" encoding="UTF-8"?>
<coverage generated="1785154873027" clover="3.2.0">
  <project timestamp="1785154873027" name="All files">
    <metrics statements="1302" coveredstatements="1091" conditionals="664" coveredconditionals="465" methods="507" coveredmethods="428" elements="2473" coveredelements="1984" complexity="0" loc="1302" ncloc="1302" packages="8" files="38" classes="38"/>
    <package name="src">
      <metrics statements="119" coveredstatements="78" conditionals="53" coveredconditionals="15" methods="64" coveredmethods="37"/>
      <file name="App.tsx" path="C:\Users\xorex\Code\ubet-render\src\App.tsx">
        <metrics statements="115" coveredstatements="74" conditionals="51" coveredconditionals="13" methods="63" coveredmethods="37"/>
        <line num="46" count="9" type="stmt"/>
        <line num="47" count="9" type="stmt"/>
        <line num="48" count="9" type="stmt"/>
        <line num="60" count="9" type="stmt"/>
        <line num="61" count="9" type="stmt"/>
        <line num="62" count="9" type="stmt"/>
        <line num="64" count="9" type="stmt"/>
        <line num="65" count="24" type="cond" truecount="2" falsecount="0"/>
        <line num="68" count="9" type="stmt"/>
        <line num="71" count="9" type="stmt"/>
        <line num="72" count="9" type="stmt"/>
        <line num="73" count="9" type="stmt"/>
        <line num="76" count="9" type="stmt"/>
        <line num="77" count="0" type="cond" truecount="0" falsecount="2"/>
        <line num="80" count="0" type="cond" truecount="0" falsecount="4"/>
        <line num="81" count="0" type="stmt"/>
        <line num="82" count="0" type="stmt"/>
        <line num="83" count="0" type="stmt"/>
        <line num="87" count="0" type="cond" truecount="0" falsecount="2"/>
        <line num="88" count="0" type="stmt"/>
        <line num="89" count="0" type="stmt"/>
        <line num="90" count="0" type="stmt"/>
        <line num="91" count="0" type="stmt"/>
        <line num="95" count="0" type="cond" truecount="0" falsecount="5"/>
        <line num="96" count="0" type="stmt"/>
        <line num="97" count="0" type="stmt"/>
        <line num="98" count="0" type="stmt"/>
        <line num="102" count="0" type="cond" truecount="0" falsecount="4"/>
        <line num="103" count="0" type="stmt"/>
        <line num="104" count="0" type="stmt"/>
        <line num="105" count="0" type="stmt"/>
        <line num="107" count="0" type="cond" truecount="0" falsecount="4"/>
        <line num="108" count="0" type="stmt"/>
        <line num="109" count="0" type="stmt"/>
        <line num="110" count="0" type="stmt"/>
        <line num="114" count="9" type="stmt"/>
        <line num="115" count="9" type="stmt"/>
        <line num="119" count="9" type="stmt"/>
        <line num="120" count="9" type="stmt"/>
        <line num="121" count="9" type="stmt"/>
        <line num="122" count="9" type="stmt"/>
        <line num="124" count="9" type="cond" truecount="1" falsecount="1"/>
        <line num="125" count="0" type="stmt"/>
        <line num="128" count="9" type="cond" truecount="1" falsecount="1"/>
        <line num="129" count="0" type="stmt"/>
        <line num="135" count="9" type="cond" truecount="1" falsecount="1"/>
        <line num="137" count="0" type="stmt"/>
        <line num="139" count="9" type="stmt"/>
        <line num="145" count="9" type="stmt"/>
        <line num="148" count="9" type="stmt"/>
        <line num="154" count="9" type="stmt"/>
        <line num="170" count="0" type="cond" truecount="0" falsecount="4"/>
        <line num="171" count="0" type="stmt"/>
        <line num="172" count="0" type="stmt"/>
        <line num="173" count="0" type="cond" truecount="0" falsecount="2"/>
        <line num="183" count="0" type="stmt"/>
        <line num="184" count="0" type="stmt"/>
        <line num="187" count="0" type="stmt"/>
        <line num="190" count="9" type="stmt"/>
        <line num="194" count="12" type="stmt"/>
        <line num="195" count="12" type="cond" truecount="2" falsecount="0"/>
        <line num="196" count="12" type="stmt"/>
        <line num="197" count="9" type="stmt"/>
        <line num="199" count="9" type="stmt"/>
        <line num="204" count="12" type="stmt"/>
        <line num="205" count="12" type="cond" truecount="2" falsecount="0"/>
        <line num="206" count="12" type="cond" truecount="2" falsecount="0"/>
        <line num="207" count="9" type="stmt"/>
        <line num="209" count="9" type="stmt"/>
        <line num="211" count="9" type="stmt"/>
        <line num="213" count="9" type="stmt"/>
        <line num="221" count="9" type="stmt"/>
        <line num="223" count="9" type="stmt"/>
        <line num="228" count="9" type="stmt"/>
        <line num="229" count="9" type="stmt"/>
        <line num="230" count="9" type="stmt"/>
        <line num="246" count="12" type="stmt"/>
        <line num="261" count="10" type="stmt"/>
        <line num="263" count="10" type="stmt"/>
        <line num="268" count="10" type="stmt"/>
        <line num="270" count="10" type="stmt"/>
        <line num="275" count="90" type="stmt"/>
        <line num="276" count="78" type="stmt"/>
        <line num="277" count="0" type="stmt"/>
        <line num="278" count="0" type="stmt"/>
        <line num="279" count="0" type="stmt"/>
        <line num="280" count="0" type="stmt"/>
        <line num="281" count="72" type="stmt"/>
        <line num="282" count="36" type="stmt"/>
        <line num="285" count="36" type="stmt"/>
        <line num="288" count="10" type="stmt"/>
        <line num="289" count="0" type="cond" truecount="2" falsecount="0"/>
        <line num="293" count="0" type="stmt"/>
        <line num="294" count="10" type="stmt"/>
        <line num="305" count="12" type="stmt"/>
        <line num="315" count="2" type="stmt"/>
        <line num="317" count="2" type="stmt"/>
        <line num="331" count="2" type="stmt"/>
        <line num="336" count="2" type="stmt"/>
        <line num="341" count="2" type="stmt"/>
        <line num="342" count="2" type="cond" truecount="0" falsecount="2"/>
        <line num="348" count="10" type="stmt"/>
        <line num="359" count="9" type="stmt"/>
        <line num="361" count="9" type="stmt"/>
        <line num="364" count="9" type="stmt"/>
        <line num="382" count="9" type="stmt"/>
        <line num="386" count="9" type="stmt"/>
        <line num="387" count="9" type="stmt"/>
        <line num="388" count="0" type="cond" truecount="0" falsecount="2"/>
        <line num="389" count="0" type="stmt"/>
        <line num="390" count="0" type="stmt"/>
        <line num="393" count="9" type="stmt"/>
        <line num="394" count="9" type="stmt"/>
        <line num="396" count="27" type="stmt"/>
        <line num="397" count="2" type="stmt"/>
      </file>
      <file name="index.tsx" path="C:\Users\xorex\Code\ubet-render\src\index.tsx">
        <metrics statements="4" coveredstatements="4" conditionals="2" coveredconditionals="2" methods="1" coveredmethods="0"/>
        <line num="16" count="2" type="stmt"/>
        <line num="18" count="2" type="stmt"/>
        <line num="19" count="2" type="cond" truecount="2" falsecount="0"/>
        <line num="20" count="1" type="stmt"/>
      </file>
    </package>
    <package name="src.components">
      <metrics statements="0" coveredstatements="0" conditionals="0" coveredconditionals="0" methods="0" coveredmethods="0"/>
      <file name="index.ts" path="C:\Users\xorex\Code\ubet-render\src\components\index.ts">
        <metrics statements="0" coveredstatements="0" conditionals="0" coveredconditionals="0" methods="0" coveredmethods="0"/>
      </file>
    </package>
    <package name="src.components.layout">
      <metrics statements="401" coveredstatements="343" conditionals="174" coveredconditionals="112" methods="190" coveredmethods="152"/>
      <file name="AppHeader.tsx" path="C:\Users\xorex\Code\ubet-render\src\components\layout\AppHeader.tsx">
        <metrics statements="47" coveredstatements="46" conditionals="44" coveredconditionals="41" methods="26" coveredmethods="26"/>
        <line num="15" count="25" type="stmt"/>
        <line num="20" count="25" type="stmt"/>
        <line num="22" count="25" type="stmt"/>
        <line num="24" count="28" type="cond" truecount="4" falsecount="0"/>
        <line num="25" count="2" type="stmt"/>
        <line num="26" count="2" type="stmt"/>
        <line num="27" count="26" type="cond" truecount="3" falsecount="1"/>
        <line num="28" count="0" type="stmt"/>
        <line num="35" count="25" type="stmt"/>
        <line num="36" count="1" type="stmt"/>
        <line num="37" count="1" type="stmt"/>
        <line num="40" count="25" type="stmt"/>
        <line num="45" count="1" type="cond" truecount="1" falsecount="1"/>
        <line num="46" count="1" type="stmt"/>
        <line num="47" count="1" type="stmt"/>
        <line num="50" count="25" type="stmt"/>
        <line num="56" count="25" type="cond" truecount="4" falsecount="0"/>
        <line num="59" count="50" type="stmt"/>
        <line num="60" count="50" type="cond" truecount="2" falsecount="0"/>
        <line num="64" count="25" type="stmt"/>
        <line num="68" count="25" type="stmt"/>
        <line num="73" count="25" type="cond" truecount="2" falsecount="0"/>
        <line num="77" count="25" type="stmt"/>
        <line num="80" count="33" type="cond" truecount="2" falsecount="0"/>
        <line num="82" count="28" type="cond" truecount="2" falsecount="0"/>
        <line num="86" count="25" type="stmt"/>
        <line num="92" count="25" type="cond" truecount="2" falsecount="0"/>
        <line num="95" count="25" type="cond" truecount="2" falsecount="0"/>
        <line num="98" count="25" type="cond" truecount="4" falsecount="0"/>
        <line num="106" count="25" type="cond" truecount="2" falsecount="0"/>
        <line num="107" count="17" type="stmt"/>
        <line num="109" count="17" type="stmt"/>
        <line num="115" count="25" type="cond" truecount="2" falsecount="0"/>
        <line num="119" count="3" type="stmt"/>
        <line num="121" count="25" type="stmt"/>
        <line num="126" count="25" type="stmt"/>
        <line num="131" count="5" type="stmt"/>
        <line num="133" count="5" type="stmt"/>
        <line num="140" count="5" type="stmt"/>
        <line num="142" count="25" type="stmt"/>
        <line num="151" count="28" type="stmt"/>
        <line num="153" count="2" type="cond" truecount="1" falsecount="1"/>
        <line num="156" count="1" type="stmt"/>
        <line num="160" count="1" type="stmt"/>
        <line num="165" count="2" type="stmt"/>
        <line num="176" count="2" type="stmt"/>
        <line num="188" count="4" type="stmt"/>
      </file>
      <file name="JobTable.tsx" path="C:\Users\xorex\Code\ubet-render\src\components\layout\JobTable.tsx">
        <metrics statements="37" coveredstatements="32" conditionals="6" coveredconditionals="5" methods="27" coveredmethods="23"/>
        <line num="10" count="4" type="stmt"/>
        <line num="12" count="4" type="stmt"/>
        <line num="13" count="0" type="stmt"/>
        <line num="14" count="0" type="stmt"/>
        <line num="16" count="0" type="stmt"/>
        <line num="31" count="11" type="stmt"/>
        <line num="33" count="11" type="stmt"/>
        <line num="34" count="3" type="stmt"/>
        <line num="40" count="8" type="stmt"/>
        <line num="61" count="8" type="stmt"/>
        <line num="65" count="23" type="stmt"/>
        <line num="66" count="23" type="stmt"/>
        <line num="71" count="23" type="cond" truecount="2" falsecount="0"/>
        <line num="72" count="16" type="stmt"/>
        <line num="77" count="7" type="stmt"/>
        <line num="83" count="23" type="stmt"/>
        <line num="87" count="7" type="stmt"/>
        <line num="91" count="23" type="stmt"/>
        <line num="92" count="23" type="stmt"/>
        <line num="96" count="23" type="stmt"/>
        <line num="98" count="23" type="stmt"/>
        <line num="104" count="69" type="stmt"/>
        <line num="108" count="23" type="stmt"/>
        <line num="110" count="23" type="stmt"/>
        <line num="116" count="23" type="stmt"/>
        <line num="118" count="23" type="stmt"/>
        <line num="121" count="23" type="stmt"/>
        <line num="131" count="23" type="stmt"/>
        <line num="132" count="23" type="cond" truecount="2" falsecount="0"/>
        <line num="133" count="23" type="stmt"/>
        <line num="138" count="23" type="stmt"/>
        <line num="141" count="23" type="cond" truecount="1" falsecount="1"/>
        <line num="146" count="23" type="stmt"/>
        <line num="147" count="0" type="stmt"/>
        <line num="152" count="0" type="stmt"/>
        <line num="160" count="8" type="stmt"/>
        <line num="167" count="4" type="stmt"/>
      </file>
      <file name="LogViewer.tsx" path="C:\Users\xorex\Code\ubet-render\src\components\layout\LogViewer.tsx">
        <metrics statements="108" coveredstatements="87" conditionals="50" coveredconditionals="25" methods="47" coveredmethods="39"/>
        <line num="20" count="4" type="stmt"/>
        <line num="21" count="4" type="stmt"/>
        <line num="23" count="4" type="stmt"/>
        <line num="34" count="4" type="stmt"/>
        <line num="60" count="7" type="stmt"/>
        <line num="61" count="7" type="stmt"/>
        <line num="62" count="7" type="stmt"/>
        <line num="68" count="7" type="stmt"/>
        <line num="71" count="7" type="stmt"/>
        <line num="74" count="7" type="stmt"/>
        <line num="75" count="0" type="stmt"/>
        <line num="76" count="0" type="stmt"/>
        <line num="77" count="0" type="cond" truecount="0" falsecount="2"/>
        <line num="78" count="0" type="stmt"/>
        <line num="79" count="0" type="stmt"/>
        <line num="91" count="7" type="stmt"/>
        <line num="92" count="7" type="stmt"/>
        <line num="93" count="7" type="stmt"/>
        <line num="94" count="7" type="stmt"/>
        <line num="96" count="7" type="stmt"/>
        <line num="97" count="8" type="cond" truecount="1" falsecount="1"/>
        <line num="98" count="0" type="cond" truecount="0" falsecount="2"/>
        <line num="99" count="8" type="stmt"/>
        <line num="102" count="7" type="stmt"/>
        <line num="103" count="8" type="cond" truecount="1" falsecount="1"/>
        <line num="104" count="8" type="cond" truecount="2" falsecount="2"/>
        <line num="105" count="8" type="stmt"/>
        <line num="109" count="7" type="stmt"/>
        <line num="111" count="7" type="cond" truecount="2" falsecount="0"/>
        <line num="127" count="7" type="stmt"/>
        <line num="128" count="7" type="stmt"/>
        <line num="129" count="7" type="stmt"/>
        <line num="130" count="7" type="cond" truecount="1" falsecount="1"/>
        <line num="134" count="7" type="stmt"/>
        <line num="135" count="20" type="stmt"/>
        <line num="137" count="7" type="stmt"/>
        <line num="138" count="10" type="cond" truecount="1" falsecount="1"/>
        <line num="142" count="7" type="stmt"/>
        <line num="143" count="10" type="stmt"/>
        <line num="145" count="7" type="stmt"/>
        <line num="146" count="7" type="stmt"/>
        <line num="148" count="7" type="stmt"/>
        <line num="149" count="3" type="stmt"/>
        <line num="151" count="7" type="stmt"/>
        <line num="152" count="0" type="cond" truecount="0" falsecount="2"/>
        <line num="153" count="0" type="stmt"/>
        <line num="157" count="0" type="stmt"/>
        <line num="158" count="0" type="stmt"/>
        <line num="159" count="0" type="stmt"/>
        <line num="164" count="7" type="stmt"/>
        <line num="167" count="7" type="stmt"/>
        <line num="168" count="7" type="cond" truecount="1" falsecount="1"/>
        <line num="169" count="7" type="stmt"/>
        <line num="171" count="7" type="stmt"/>
        <line num="172" count="6" type="stmt"/>
        <line num="174" count="6" type="cond" truecount="1" falsecount="1"/>
        <line num="175" count="6" type="stmt"/>
        <line num="176" count="0" type="cond" truecount="0" falsecount="2"/>
        <line num="177" count="0" type="stmt"/>
        <line num="181" count="7" type="stmt"/>
        <line num="182" count="7" type="stmt"/>
        <line num="183" count="7" type="stmt"/>
        <line num="184" count="7" type="stmt"/>
        <line num="191" count="7" type="stmt"/>
        <line num="192" count="7" type="stmt"/>
        <line num="193" count="7" type="cond" truecount="3" falsecount="1"/>
        <line num="195" count="7" type="stmt"/>
        <line num="196" count="0" type="cond" truecount="0" falsecount="2"/>
        <line num="197" count="0" type="stmt"/>
        <line num="198" count="0" type="stmt"/>
        <line num="200" count="7" type="stmt"/>
        <line num="203" count="7" type="stmt"/>
        <line num="213" count="7" type="stmt"/>
        <line num="218" count="7" type="stmt"/>
        <line num="222" count="7" type="cond" truecount="1" falsecount="1"/>
        <line num="224" count="7" type="cond" truecount="2" falsecount="0"/>
        <line num="227" count="7" type="cond" truecount="1" falsecount="1"/>
        <line num="229" count="7" type="stmt"/>
        <line num="233" count="7" type="stmt"/>
        <line num="241" count="18" type="stmt"/>
        <line num="242" count="9" type="stmt"/>
        <line num="245" count="9" type="stmt"/>
        <line num="248" count="9" type="stmt"/>
        <line num="249" count="9" type="stmt"/>
        <line num="250" count="9" type="cond" truecount="2" falsecount="0"/>
        <line num="251" count="9" type="stmt"/>
        <line num="253" count="18" type="stmt"/>
        <line num="254" count="9" type="stmt"/>
        <line num="257" count="3" type="stmt"/>
        <line num="267" count="3" type="stmt"/>
        <line num="270" count="3" type="cond" truecount="1" falsecount="1"/>
        <line num="274" count="7" type="stmt"/>
        <line num="277" count="0" type="stmt"/>
        <line num="279" count="3" type="stmt"/>
        <line num="285" count="0" type="stmt"/>
        <line num="286" count="0" type="stmt"/>
        <line num="287" count="0" type="stmt"/>
        <line num="289" count="3" type="stmt"/>
        <line num="298" count="7" type="cond" truecount="1" falsecount="1"/>
        <line num="303" count="7" type="stmt"/>
        <line num="304" count="4" type="stmt"/>
        <line num="306" count="4" type="stmt"/>
        <line num="307" count="0" type="stmt"/>
        <line num="318" count="3" type="stmt"/>
        <line num="329" count="3" type="stmt"/>
        <line num="330" count="7" type="cond" truecount="2" falsecount="0"/>
        <line num="333" count="8" type="stmt"/>
        <line num="339" count="4" type="stmt"/>
      </file>
      <file name="SettingsCard.tsx" path="C:\Users\xorex\Code\ubet-render\src\components\layout\SettingsCard.tsx">
        <metrics statements="88" coveredstatements="75" conditionals="30" coveredconditionals="11" methods="52" coveredmethods="35"/>
        <line num="14" count="5" type="stmt"/>
        <line num="18" count="5" type="stmt"/>
        <line num="22" count="192" type="cond" truecount="1" falsecount="1"/>
        <line num="23" count="192" type="cond" truecount="1" falsecount="1"/>
        <line num="24" count="192" type="stmt"/>
        <line num="27" count="5" type="stmt"/>
        <line num="28" count="0" type="stmt"/>
        <line num="29" count="0" type="stmt"/>
        <line num="31" count="0" type="stmt"/>
        <line num="37" count="5" type="stmt"/>
        <line num="41" count="5" type="stmt"/>
        <line num="44" count="48" type="stmt"/>
        <line num="46" count="48" type="stmt"/>
        <line num="47" count="168" type="cond" truecount="1" falsecount="1"/>
        <line num="51" count="48" type="stmt"/>
        <line num="52" count="0" type="stmt"/>
        <line num="57" count="0" type="cond" truecount="0" falsecount="2"/>
        <line num="60" count="48" type="stmt"/>
        <line num="74" count="56" type="stmt"/>
        <line num="78" count="96" type="stmt"/>
        <line num="80" count="0" type="cond" truecount="0" falsecount="2"/>
        <line num="83" count="48" type="stmt"/>
        <line num="87" count="56" type="stmt"/>
        <line num="91" count="96" type="stmt"/>
        <line num="93" count="0" type="cond" truecount="0" falsecount="2"/>
        <line num="96" count="48" type="stmt"/>
        <line num="102" count="56" type="stmt"/>
        <line num="107" count="48" type="stmt"/>
        <line num="110" count="48" type="stmt"/>
        <line num="118" count="48" type="cond" truecount="2" falsecount="0"/>
        <line num="120" count="48" type="stmt"/>
        <line num="126" count="48" type="stmt"/>
        <line num="127" count="3" type="stmt"/>
        <line num="139" count="48" type="stmt"/>
        <line num="141" count="3" type="stmt"/>
        <line num="146" count="3" type="stmt"/>
        <line num="148" count="3" type="stmt"/>
        <line num="163" count="48" type="stmt"/>
        <line num="173" count="48" type="stmt"/>
        <line num="186" count="48" type="stmt"/>
        <line num="188" count="0" type="stmt"/>
        <line num="190" count="48" type="stmt"/>
        <line num="203" count="48" type="stmt"/>
        <line num="204" count="48" type="stmt"/>
        <line num="212" count="56" type="stmt"/>
        <line num="213" count="48" type="stmt"/>
        <line num="229" count="48" type="stmt"/>
        <line num="239" count="48" type="stmt"/>
        <line num="240" count="48" type="stmt"/>
        <line num="244" count="56" type="stmt"/>
        <line num="245" count="56" type="cond" truecount="2" falsecount="0"/>
        <line num="257" count="56" type="cond" truecount="2" falsecount="0"/>
        <line num="259" count="48" type="stmt"/>
        <line num="260" count="48" type="stmt"/>
        <line num="262" count="0" type="stmt"/>
        <line num="263" count="0" type="cond" truecount="0" falsecount="2"/>
        <line num="264" count="0" type="stmt"/>
        <line num="266" count="48" type="stmt"/>
        <line num="267" count="56" type="cond" truecount="2" falsecount="0"/>
        <line num="269" count="48" type="stmt"/>
        <line num="284" count="48" type="stmt"/>
        <line num="285" count="48" type="stmt"/>
        <line num="293" count="48" type="stmt"/>
        <line num="294" count="48" type="stmt"/>
        <line num="312" count="48" type="stmt"/>
        <line num="314" count="48" type="stmt"/>
        <line num="325" count="48" type="stmt"/>
        <line num="337" count="48" type="stmt"/>
        <line num="338" count="48" type="stmt"/>
        <line num="346" count="48" type="stmt"/>
        <line num="347" count="48" type="stmt"/>
        <line num="353" count="48" type="stmt"/>
        <line num="364" count="48" type="stmt"/>
        <line num="366" count="0" type="stmt"/>
        <line num="371" count="46" type="stmt"/>
        <line num="379" count="48" type="stmt"/>
        <line num="389" count="48" type="stmt"/>
        <line num="391" count="0" type="stmt"/>
        <line num="396" count="2" type="stmt"/>
        <line num="408" count="48" type="stmt"/>
        <line num="424" count="48" type="stmt"/>
        <line num="426" count="48" type="stmt"/>
        <line num="441" count="48" type="stmt"/>
        <line num="443" count="48" type="stmt"/>
        <line num="466" count="48" type="stmt"/>
        <line num="468" count="1" type="stmt"/>
        <line num="470" count="48" type="stmt"/>
        <line num="481" count="5" type="stmt"/>
      </file>
      <file name="StatsStrip.tsx" path="C:\Users\xorex\Code\ubet-render\src\components\layout\StatsStrip.tsx">
        <metrics statements="51" coveredstatements="51" conditionals="18" coveredconditionals="17" methods="15" coveredmethods="15"/>
        <line num="11" count="17" type="stmt"/>
        <line num="12" count="40" type="stmt"/>
        <line num="13" count="23" type="stmt"/>
        <line num="17" count="17" type="stmt"/>
        <line num="18" count="17" type="stmt"/>
        <line num="19" count="17" type="stmt"/>
        <line num="20" count="17" type="stmt"/>
        <line num="21" count="17" type="stmt"/>
        <line num="22" count="17" type="stmt"/>
        <line num="23" count="20" type="cond" truecount="4" falsecount="0"/>
        <line num="25" count="5" type="stmt"/>
        <line num="26" count="5" type="stmt"/>
        <line num="28" count="5" type="stmt"/>
        <line num="29" count="5" type="stmt"/>
        <line num="31" count="5" type="stmt"/>
        <line num="32" count="5" type="stmt"/>
        <line num="34" count="5" type="stmt"/>
        <line num="35" count="5" type="stmt"/>
        <line num="38" count="17" type="stmt"/>
        <line num="40" count="17" type="stmt"/>
        <line num="41" count="6" type="cond" truecount="2" falsecount="0"/>
        <line num="42" count="17" type="cond" truecount="2" falsecount="0"/>
        <line num="43" count="24" type="stmt"/>
        <line num="46" count="17" type="cond" truecount="4" falsecount="0"/>
        <line num="47" count="11" type="stmt"/>
        <line num="51" count="11" type="stmt"/>
        <line num="59" count="11" type="stmt"/>
        <line num="67" count="11" type="stmt"/>
        <line num="75" count="11" type="stmt"/>
        <line num="83" count="11" type="stmt"/>
        <line num="93" count="6" type="stmt"/>
        <line num="97" count="6" type="stmt"/>
        <line num="100" count="6" type="stmt"/>
        <line num="102" count="6" type="stmt"/>
        <line num="108" count="6" type="stmt"/>
        <line num="111" count="6" type="stmt"/>
        <line num="117" count="6" type="stmt"/>
        <line num="120" count="6" type="stmt"/>
        <line num="126" count="6" type="stmt"/>
        <line num="129" count="6" type="stmt"/>
        <line num="130" count="6" type="stmt"/>
        <line num="135" count="6" type="stmt"/>
        <line num="140" count="6" type="stmt"/>
        <line num="141" count="6" type="cond" truecount="2" falsecount="0"/>
        <line num="142" count="6" type="stmt"/>
        <line num="146" count="6" type="stmt"/>
        <line num="147" count="6" type="cond" truecount="2" falsecount="0"/>
        <line num="148" count="1" type="stmt"/>
        <line num="150" count="1" type="cond" truecount="1" falsecount="1"/>
        <line num="153" count="6" type="stmt"/>
        <line num="154" count="6" type="stmt"/>
      </file>
      <file name="Titlebar.tsx" path="C:\Users\xorex\Code\ubet-render\src\components\layout\Titlebar.tsx">
        <metrics statements="70" coveredstatements="52" conditionals="26" coveredconditionals="13" methods="23" coveredmethods="14"/>
        <line num="12" count="18" type="stmt"/>
        <line num="13" count="18" type="stmt"/>
        <line num="14" count="18" type="stmt"/>
        <line num="16" count="18" type="stmt"/>
        <line num="18" count="18" type="stmt"/>
        <line num="22" count="18" type="stmt"/>
        <line num="23" count="18" type="stmt"/>
        <line num="24" count="18" type="stmt"/>
        <line num="26" count="18" type="stmt"/>
        <line num="31" count="18" type="stmt"/>
        <line num="32" count="0" type="cond" truecount="0" falsecount="2"/>
        <line num="33" count="0" type="stmt"/>
        <line num="34" count="0" type="stmt"/>
        <line num="39" count="18" type="stmt"/>
        <line num="40" count="38" type="cond" truecount="2" falsecount="2"/>
        <line num="41" count="0" type="stmt"/>
        <line num="44" count="18" type="stmt"/>
        <line num="47" count="18" type="stmt"/>
        <line num="48" count="0" type="cond" truecount="0" falsecount="2"/>
        <line num="50" count="18" type="stmt"/>
        <line num="53" count="18" type="stmt"/>
        <line num="54" count="0" type="stmt"/>
        <line num="55" count="0" type="cond" truecount="0" falsecount="2"/>
        <line num="56" count="0" type="stmt"/>
        <line num="57" count="0" type="stmt"/>
        <line num="61" count="18" type="stmt"/>
        <line num="62" count="18" type="stmt"/>
        <line num="63" count="18" type="stmt"/>
        <line num="64" count="18" type="stmt"/>
        <line num="65" count="0" type="stmt"/>
        <line num="66" count="0" type="stmt"/>
        <line num="67" count="0" type="stmt"/>
        <line num="71" count="18" type="stmt"/>
        <line num="74" count="18" type="stmt"/>
        <line num="75" count="1" type="stmt"/>
        <line num="76" count="1" type="stmt"/>
        <line num="79" count="18" type="stmt"/>
        <line num="83" count="18" type="stmt"/>
        <line num="84" count="18" type="stmt"/>
        <line num="92" count="18" type="stmt"/>
        <line num="102" count="18" type="stmt"/>
        <line num="106" count="18" type="stmt"/>
        <line num="108" count="19" type="cond" truecount="1" falsecount="1"/>
        <line num="113" count="19" type="cond" truecount="1" falsecount="1"/>
        <line num="119" count="36" type="cond" truecount="1" falsecount="1"/>
        <line num="121" count="18" type="stmt"/>
        <line num="127" count="18" type="stmt"/>
        <line num="131" count="18" type="stmt"/>
        <line num="136" count="18" type="stmt"/>
        <line num="137" count="19" type="cond" truecount="4" falsecount="0"/>
        <line num="141" count="37" type="cond" truecount="2" falsecount="0"/>
        <line num="143" count="18" type="stmt"/>
        <line num="149" count="18" type="stmt"/>
        <line num="153" count="18" type="stmt"/>
        <line num="158" count="19" type="stmt"/>
        <line num="160" count="1" type="cond" truecount="1" falsecount="1"/>
        <line num="166" count="0" type="stmt"/>
        <line num="167" count="0" type="stmt"/>
        <line num="168" count="1" type="stmt"/>
        <line num="170" count="1" type="stmt"/>
        <line num="171" count="1" type="cond" truecount="1" falsecount="1"/>
        <line num="176" count="0" type="stmt"/>
        <line num="177" count="0" type="stmt"/>
        <line num="178" count="1" type="stmt"/>
        <line num="180" count="1" type="stmt"/>
        <line num="187" count="0" type="stmt"/>
        <line num="188" count="0" type="stmt"/>
        <line num="189" count="1" type="stmt"/>
        <line num="191" count="18" type="stmt"/>
        <line num="198" count="4" type="stmt"/>
      </file>
    </package>
    <package name="src.components.media">
      <metrics statements="45" coveredstatements="42" conditionals="14" coveredconditionals="10" methods="25" coveredmethods="25"/>
      <file name="SourceSelector.tsx" path="C:\Users\xorex\Code\ubet-render\src\components\media\SourceSelector.tsx">
        <metrics statements="45" coveredstatements="42" conditionals="14" coveredconditionals="10" methods="25" coveredmethods="25"/>
        <line num="18" count="7" type="stmt"/>
        <line num="20" count="7" type="stmt"/>
        <line num="29" count="117" type="stmt"/>
        <line num="30" count="117" type="stmt"/>
        <line num="32" count="117" type="stmt"/>
        <line num="33" count="26" type="cond" truecount="1" falsecount="1"/>
        <line num="35" count="117" type="stmt"/>
        <line num="36" count="3" type="stmt"/>
        <line num="37" count="3" type="cond" truecount="3" falsecount="1"/>
        <line num="38" count="0" type="stmt"/>
        <line num="39" count="0" type="stmt"/>
        <line num="41" count="0" type="stmt"/>
        <line num="45" count="3" type="stmt"/>
        <line num="52" count="9" type="stmt"/>
        <line num="58" count="3" type="cond" truecount="2" falsecount="0"/>
        <line num="60" count="1" type="cond" truecount="1" falsecount="1"/>
        <line num="61" count="3" type="cond" truecount="1" falsecount="1"/>
        <line num="63" count="1" type="stmt"/>
        <line num="64" count="1" type="stmt"/>
        <line num="67" count="1" type="stmt"/>
        <line num="70" count="117" type="stmt"/>
        <line num="74" count="117" type="stmt"/>
        <line num="75" count="117" type="stmt"/>
        <line num="78" count="234" type="stmt"/>
        <line num="83" count="117" type="stmt"/>
        <line num="86" count="117" type="cond" truecount="2" falsecount="0"/>
        <line num="88" count="117" type="stmt"/>
        <line num="94" count="117" type="stmt"/>
        <line num="95" count="106" type="stmt"/>
        <line num="97" count="106" type="stmt"/>
        <line num="109" count="11" type="stmt"/>
        <line num="115" count="11" type="stmt"/>
        <line num="116" count="26" type="stmt"/>
        <line num="119" count="26" type="stmt"/>
        <line num="121" count="26" type="stmt"/>
        <line num="123" count="11" type="stmt"/>
        <line num="125" count="11" type="stmt"/>
        <line num="127" count="117" type="stmt"/>
        <line num="135" count="368" type="stmt"/>
        <line num="136" count="4" type="stmt"/>
        <line num="137" count="4" type="stmt"/>
        <line num="140" count="1" type="stmt"/>
        <line num="141" count="1" type="stmt"/>
        <line num="143" count="117" type="stmt"/>
        <line num="147" count="7" type="stmt"/>
      </file>
    </package>
    <package name="src.components.ui">
      <metrics statements="145" coveredstatements="143" conditionals="62" coveredconditionals="56" methods="86" coveredmethods="86"/>
      <file name="ConfirmDialog.tsx" path="C:\Users\xorex\Code\ubet-render\src\components\ui\ConfirmDialog.tsx">
        <metrics statements="26" coveredstatements="25" conditionals="18" coveredconditionals="14" methods="11" coveredmethods="11"/>
        <line num="19" count="123" type="stmt"/>
        <line num="21" count="123" type="stmt"/>
        <line num="22" count="130" type="cond" truecount="4" falsecount="0"/>
        <line num="23" count="9" type="stmt"/>
        <line num="24" count="9" type="stmt"/>
        <line num="25" count="121" type="cond" truecount="3" falsecount="1"/>
        <line num="29" count="0" type="stmt"/>
        <line num="37" count="123" type="stmt"/>
        <line num="38" count="5" type="stmt"/>
        <line num="39" count="5" type="stmt"/>
        <line num="44" count="123" type="stmt"/>
        <line num="45" count="3" type="cond" truecount="1" falsecount="1"/>
        <line num="46" count="3" type="stmt"/>
        <line num="49" count="123" type="stmt"/>
        <line num="50" count="2" type="cond" truecount="1" falsecount="1"/>
        <line num="51" count="2" type="stmt"/>
        <line num="54" count="123" type="stmt"/>
        <line num="55" count="130" type="stmt"/>
        <line num="56" count="9" type="cond" truecount="1" falsecount="1"/>
        <line num="58" count="9" type="stmt"/>
        <line num="59" count="9" type="stmt"/>
        <line num="64" count="9" type="stmt"/>
        <line num="66" count="9" type="cond" truecount="2" falsecount="0"/>
        <line num="72" count="9" type="stmt"/>
        <line num="74" count="9" type="cond" truecount="2" falsecount="0"/>
        <line num="84" count="8" type="stmt"/>
      </file>
      <file name="FatalScreen.tsx" path="C:\Users\xorex\Code\ubet-render\src\components\ui\FatalScreen.tsx">
        <metrics statements="6" coveredstatements="6" conditionals="6" coveredconditionals="6" methods="2" coveredmethods="2"/>
        <line num="5" count="6" type="cond" truecount="2" falsecount="0"/>
        <line num="11" count="6" type="stmt"/>
        <line num="19" count="6" type="stmt"/>
        <line num="22" count="6" type="stmt"/>
        <line num="23" count="6" type="stmt"/>
        <line num="30" count="3" type="stmt"/>
      </file>
      <file name="HardwareInfo.tsx" path="C:\Users\xorex\Code\ubet-render\src\components\ui\HardwareInfo.tsx">
        <metrics statements="28" coveredstatements="28" conditionals="4" coveredconditionals="4" methods="26" coveredmethods="26"/>
        <line num="13" count="42" type="stmt"/>
        <line num="16" count="84" type="stmt"/>
        <line num="19" count="42" type="stmt"/>
        <line num="23" count="42" type="stmt"/>
        <line num="25" count="42" type="stmt"/>
        <line num="26" count="42" type="stmt"/>
        <line num="35" count="12" type="stmt"/>
        <line num="40" count="12" type="stmt"/>
        <line num="43" count="36" type="stmt"/>
        <line num="46" count="72" type="stmt"/>
        <line num="49" count="36" type="stmt"/>
        <line num="52" count="36" type="stmt"/>
        <line num="53" count="36" type="stmt"/>
        <line num="56" count="12" type="stmt"/>
        <line num="63" count="18" type="stmt"/>
        <line num="72" count="18" type="stmt"/>
        <line num="77" count="26" type="stmt"/>
        <line num="78" count="12" type="stmt"/>
        <line num="80" count="14" type="stmt"/>
        <line num="84" count="14" type="stmt"/>
        <line num="86" count="14" type="cond" truecount="2" falsecount="0"/>
        <line num="88" count="18" type="stmt"/>
        <line num="92" count="26" type="stmt"/>
        <line num="93" count="14" type="stmt"/>
        <line num="98" count="28" type="stmt"/>
        <line num="103" count="28" type="stmt"/>
        <line num="108" count="28" type="stmt"/>
        <line num="111" count="18" type="stmt"/>
      </file>
      <file name="LogLine.tsx" path="C:\Users\xorex\Code\ubet-render\src\components\ui\LogLine.tsx">
        <metrics statements="8" coveredstatements="8" conditionals="2" coveredconditionals="2" methods="4" coveredmethods="4"/>
        <line num="7" count="6" type="stmt"/>
        <line num="15" count="24" type="stmt"/>
        <line num="16" count="24" type="stmt"/>
        <line num="19" count="24" type="cond" truecount="2" falsecount="0"/>
        <line num="20" count="11" type="stmt"/>
        <line num="23" count="24" type="stmt"/>
        <line num="24" count="24" type="stmt"/>
        <line num="25" count="24" type="stmt"/>
      </file>
      <file name="OverallProgress.tsx" path="C:\Users\xorex\Code\ubet-render\src\components\ui\OverallProgress.tsx">
        <metrics statements="12" coveredstatements="12" conditionals="8" coveredconditionals="8" methods="6" coveredmethods="6"/>
        <line num="12" count="9" type="stmt"/>
        <line num="13" count="14" type="cond" truecount="2" falsecount="0"/>
        <line num="16" count="9" type="cond" truecount="4" falsecount="0"/>
        <line num="17" count="2" type="stmt"/>
        <line num="22" count="2" type="stmt"/>
        <line num="23" count="2" type="stmt"/>
        <line num="25" count="2" type="stmt"/>
        <line num="27" count="2" type="stmt"/>
        <line num="33" count="7" type="stmt"/>
        <line num="40" count="7" type="cond" truecount="2" falsecount="0"/>
        <line num="44" count="7" type="stmt"/>
        <line num="49" count="7" type="stmt"/>
      </file>
      <file name="ShortcutsDialog.tsx" path="C:\Users\xorex\Code\ubet-render\src\components\ui\ShortcutsDialog.tsx">
        <metrics statements="42" coveredstatements="41" conditionals="14" coveredconditionals="12" methods="21" coveredmethods="21"/>
        <line num="18" count="4" type="stmt"/>
        <line num="41" count="4" type="stmt"/>
        <line num="45" count="4" type="stmt"/>
        <line num="50" count="4" type="stmt"/>
        <line num="51" count="12" type="stmt"/>
        <line num="53" count="84" type="stmt"/>
        <line num="55" count="12" type="stmt"/>
        <line num="78" count="19" type="stmt"/>
        <line num="80" count="19" type="stmt"/>
        <line num="81" count="21" type="cond" truecount="4" falsecount="0"/>
        <line num="82" count="9" type="stmt"/>
        <line num="83" count="9" type="stmt"/>
        <line num="84" count="12" type="cond" truecount="4" falsecount="0"/>
        <line num="85" count="1" type="stmt"/>
        <line num="89" count="19" type="stmt"/>
        <line num="90" count="2" type="cond" truecount="1" falsecount="1"/>
        <line num="91" count="2" type="stmt"/>
        <line num="96" count="0" type="stmt"/>
        <line num="100" count="19" type="stmt"/>
        <line num="101" count="21" type="stmt"/>
        <line num="103" count="9" type="cond" truecount="1" falsecount="1"/>
        <line num="107" count="4" type="stmt"/>
        <line num="108" count="4" type="stmt"/>
        <line num="109" count="4" type="stmt"/>
        <line num="119" count="9" type="stmt"/>
        <line num="129" count="9" type="stmt"/>
        <line num="131" count="9" type="stmt"/>
        <line num="137" count="27" type="stmt"/>
        <line num="140" count="27" type="stmt"/>
        <line num="143" count="27" type="stmt"/>
        <line num="144" count="63" type="stmt"/>
        <line num="147" count="63" type="stmt"/>
        <line num="150" count="63" type="stmt"/>
        <line num="151" count="108" type="stmt"/>
        <line num="153" count="108" type="cond" truecount="2" falsecount="0"/>
        <line num="157" count="108" type="stmt"/>
        <line num="158" count="108" type="stmt"/>
        <line num="160" count="63" type="stmt"/>
        <line num="164" count="27" type="stmt"/>
        <line num="168" count="9" type="stmt"/>
        <line num="181" count="9" type="stmt"/>
        <line num="193" count="4" type="stmt"/>
      </file>
      <file name="Skeleton.tsx" path="C:\Users\xorex\Code\ubet-render\src\components\ui\Skeleton.tsx">
        <metrics statements="4" coveredstatements="4" conditionals="6" coveredconditionals="6" methods="4" coveredmethods="4"/>
        <line num="33" count="6" type="stmt"/>
        <line num="40" count="98" type="stmt"/>
        <line num="42" count="98" type="cond" truecount="4" falsecount="0"/>
        <line num="44" count="98" type="cond" truecount="2" falsecount="0"/>
      </file>
      <file name="StatusBadge.tsx" path="C:\Users\xorex\Code\ubet-render\src\components\ui\StatusBadge.tsx">
        <metrics statements="4" coveredstatements="4" conditionals="2" coveredconditionals="2" methods="3" coveredmethods="3"/>
        <line num="4" count="5" type="stmt"/>
        <line num="16" count="28" type="stmt"/>
        <line num="18" count="28" type="cond" truecount="2" falsecount="0"/>
        <line num="20" count="28" type="stmt"/>
      </file>
      <file name="Toast.tsx" path="C:\Users\xorex\Code\ubet-render\src\components\ui\Toast.tsx">
        <metrics statements="15" coveredstatements="15" conditionals="2" coveredconditionals="2" methods="9" coveredmethods="9"/>
        <line num="13" count="4" type="stmt"/>
        <line num="45" count="18" type="stmt"/>
        <line num="47" count="18" type="stmt"/>
        <line num="48" count="18" type="stmt"/>
        <line num="50" count="33" type="stmt"/>
        <line num="52" count="11" type="stmt"/>
        <line num="53" count="11" type="stmt"/>
        <line num="55" count="11" type="stmt"/>
        <line num="56" count="11" type="cond" truecount="2" falsecount="0"/>
        <line num="58" count="22" type="stmt"/>
        <line num="59" count="11" type="stmt"/>
        <line num="64" count="11" type="stmt"/>
        <line num="66" count="11" type="stmt"/>
        <line num="70" count="18" type="stmt"/>
        <line num="75" count="4" type="stmt"/>
      </file>
    </package>
    <package name="src.context">
      <metrics statements="7" coveredstatements="7" conditionals="2" coveredconditionals="2" methods="4" coveredmethods="4"/>
      <file name="pipeline.tsx" path="C:\Users\xorex\Code\ubet-render\src\context\pipeline.tsx">
        <metrics statements="7" coveredstatements="7" conditionals="2" coveredconditionals="2" methods="4" coveredmethods="4"/>
        <line num="6" count="7" type="stmt"/>
        <line num="12" count="55" type="stmt"/>
        <line num="13" count="55" type="stmt"/>
        <line num="20" count="67" type="stmt"/>
        <line num="21" count="67" type="cond" truecount="2" falsecount="0"/>
        <line num="22" count="1" type="stmt"/>
        <line num="26" count="66" type="stmt"/>
      </file>
    </package>
    <package name="src.core">
      <metrics statements="200" coveredstatements="185" conditionals="149" coveredconditionals="136" methods="53" coveredmethods="48"/>
      <file name="buildAppConfig.ts" path="C:\Users\xorex\Code\ubet-render\src\core\buildAppConfig.ts">
        <metrics statements="1" coveredstatements="1" conditionals="12" coveredconditionals="12" methods="1" coveredmethods="1"/>
        <line num="19" count="26" type="stmt"/>
      </file>
      <file name="config.ts" path="C:\Users\xorex\Code\ubet-render\src\core\config.ts">
        <metrics statements="3" coveredstatements="3" conditionals="0" coveredconditionals="0" methods="0" coveredmethods="0"/>
        <line num="3" count="12" type="stmt"/>
        <line num="51" count="12" type="stmt"/>
        <line num="60" count="12" type="stmt"/>
      </file>
      <file name="constants.ts" path="C:\Users\xorex\Code\ubet-render\src\core\constants.ts">
        <metrics statements="2" coveredstatements="2" conditionals="0" coveredconditionals="0" methods="0" coveredmethods="0"/>
        <line num="1" count="23" type="stmt"/>
        <line num="11" count="23" type="stmt"/>
      </file>
      <file name="estimate.ts" path="C:\Users\xorex\Code\ubet-render\src\core\estimate.ts">
        <metrics statements="17" coveredstatements="17" conditionals="13" coveredconditionals="13" methods="3" coveredmethods="3"/>
        <line num="7" count="9" type="stmt"/>
        <line num="8" count="9" type="stmt"/>
        <line num="16" count="10" type="stmt"/>
        <line num="17" count="10" type="stmt"/>
        <line num="18" count="10" type="cond" truecount="2" falsecount="0"/>
        <line num="19" count="6" type="stmt"/>
        <line num="29" count="94" type="stmt"/>
        <line num="30" count="94" type="stmt"/>
        <line num="31" count="94" type="cond" truecount="2" falsecount="0"/>
        <line num="32" count="87" type="stmt"/>
        <line num="33" count="87" type="cond" truecount="3" falsecount="0"/>
        <line num="38" count="11" type="cond" truecount="4" falsecount="0"/>
        <line num="39" count="8" type="stmt"/>
        <line num="40" count="8" type="stmt"/>
        <line num="41" count="8" type="stmt"/>
        <line num="42" count="8" type="stmt"/>
        <line num="43" count="8" type="cond" truecount="2" falsecount="0"/>
      </file>
      <file name="eta.ts" path="C:\Users\xorex\Code\ubet-render\src\core\eta.ts">
        <metrics statements="14" coveredstatements="14" conditionals="12" coveredconditionals="12" methods="4" coveredmethods="4"/>
        <line num="5" count="35" type="stmt"/>
        <line num="11" count="35" type="stmt"/>
        <line num="18" count="7" type="stmt"/>
        <line num="25" count="8" type="cond" truecount="2" falsecount="0"/>
        <line num="26" count="7" type="stmt"/>
        <line num="27" count="7" type="cond" truecount="2" falsecount="0"/>
        <line num="28" count="6" type="stmt"/>
        <line num="30" count="1" type="stmt"/>
        <line num="37" count="11" type="cond" truecount="2" falsecount="0"/>
        <line num="38" count="9" type="cond" truecount="2" falsecount="0"/>
        <line num="40" count="6" type="stmt"/>
        <line num="41" count="6" type="cond" truecount="4" falsecount="0"/>
        <line num="42" count="5" type="stmt"/>
        <line num="44" count="1" type="stmt"/>
      </file>
      <file name="focus.ts" path="C:\Users\xorex\Code\ubet-render\src\core\focus.ts">
        <metrics statements="5" coveredstatements="5" conditionals="6" coveredconditionals="5" methods="2" coveredmethods="2"/>
        <line num="29" count="24" type="cond" truecount="1" falsecount="1"/>
        <line num="33" count="24" type="stmt"/>
        <line num="37" count="14" type="cond" truecount="4" falsecount="0"/>
        <line num="40" count="13" type="stmt"/>
        <line num="41" count="13" type="stmt"/>
      </file>
      <file name="logLevels.ts" path="C:\Users\xorex\Code\ubet-render\src\core\logLevels.ts">
        <metrics statements="7" coveredstatements="7" conditionals="11" coveredconditionals="11" methods="1" coveredmethods="1"/>
        <line num="31" count="7" type="stmt"/>
        <line num="44" count="59" type="cond" truecount="2" falsecount="0"/>
        <line num="47" count="54" type="cond" truecount="2" falsecount="0"/>
        <line num="52" count="19" type="stmt"/>
        <line num="53" count="35" type="cond" truecount="2" falsecount="0"/>
        <line num="54" count="30" type="cond" truecount="2" falsecount="0"/>
        <line num="55" count="25" type="stmt"/>
      </file>
      <file name="logger.ts" path="C:\Users\xorex\Code\ubet-render\src\core\logger.ts">
        <metrics statements="43" coveredstatements="30" conditionals="18" coveredconditionals="8" methods="15" coveredmethods="10"/>
        <line num="44" count="23" type="stmt"/>
        <line num="48" count="23" type="stmt"/>
        <line num="50" count="23" type="stmt"/>
        <line num="51" count="23" type="stmt"/>
        <line num="53" count="23" type="stmt"/>
        <line num="54" count="0" type="cond" truecount="0" falsecount="2"/>
        <line num="55" count="0" type="stmt"/>
        <line num="59" count="0" type="stmt"/>
        <line num="62" count="23" type="stmt"/>
        <line num="63" count="13" type="cond" truecount="2" falsecount="0"/>
        <line num="64" count="4" type="stmt"/>
        <line num="65" count="0" type="stmt"/>
        <line num="66" count="0" type="stmt"/>
        <line num="70" count="23" type="stmt"/>
        <line num="75" count="13" type="stmt"/>
        <line num="76" count="13" type="cond" truecount="1" falsecount="1"/>
        <line num="77" count="0" type="stmt"/>
        <line num="79" count="13" type="stmt"/>
        <line num="86" count="13" type="cond" truecount="1" falsecount="1"/>
        <line num="87" count="0" type="cond" truecount="0" falsecount="2"/>
        <line num="88" count="0" type="cond" truecount="0" falsecount="2"/>
        <line num="89" count="0" type="stmt"/>
        <line num="90" count="0" type="stmt"/>
        <line num="93" count="0" type="stmt"/>
        <line num="100" count="65" type="stmt"/>
        <line num="101" count="23" type="stmt"/>
        <line num="108" count="13" type="stmt"/>
        <line num="109" count="13" type="stmt"/>
        <line num="121" count="41" type="stmt"/>
        <line num="122" count="13" type="stmt"/>
        <line num="123" count="13" type="stmt"/>
        <line num="124" count="25" type="cond" truecount="2" falsecount="0"/>
        <line num="127" count="12" type="cond" truecount="1" falsecount="1"/>
        <line num="130" count="12" type="cond" truecount="1" falsecount="1"/>
        <line num="132" count="13" type="stmt"/>
        <line num="136" count="13" type="stmt"/>
        <line num="139" count="13" type="stmt"/>
        <line num="142" count="13" type="stmt"/>
        <line num="145" count="41" type="stmt"/>
        <line num="146" count="0" type="stmt"/>
        <line num="147" count="0" type="stmt"/>
        <line num="148" count="1" type="stmt"/>
        <line num="149" count="12" type="stmt"/>
      </file>
      <file name="notify.ts" path="C:\Users\xorex\Code\ubet-render\src\core\notify.ts">
        <metrics statements="16" coveredstatements="16" conditionals="6" coveredconditionals="6" methods="2" coveredmethods="2"/>
        <line num="9" count="16" type="stmt"/>
        <line num="12" count="16" type="stmt"/>
        <line num="15" count="17" type="cond" truecount="2" falsecount="0"/>
        <line num="16" count="13" type="stmt"/>
        <line num="17" count="13" type="stmt"/>
        <line num="18" count="10" type="cond" truecount="2" falsecount="0"/>
        <line num="19" count="5" type="stmt"/>
        <line num="20" count="4" type="stmt"/>
        <line num="22" count="9" type="stmt"/>
        <line num="23" count="9" type="stmt"/>
        <line num="25" count="4" type="stmt"/>
        <line num="26" count="4" type="stmt"/>
        <line num="31" count="17" type="stmt"/>
        <line num="32" count="17" type="cond" truecount="2" falsecount="0"/>
        <line num="33" count="8" type="stmt"/>
        <line num="36" count="2" type="stmt"/>
      </file>
      <file name="persisted.ts" path="C:\Users\xorex\Code\ubet-render\src\core\persisted.ts">
        <metrics statements="49" coveredstatements="47" conditionals="49" coveredconditionals="47" methods="9" coveredmethods="9"/>
        <line num="19" count="6" type="stmt"/>
        <line num="20" count="6" type="stmt"/>
        <line num="57" count="6" type="stmt"/>
        <line num="65" count="6" type="stmt"/>
        <line num="70" count="27" type="cond" truecount="4" falsecount="0"/>
        <line num="71" count="10" type="stmt"/>
        <line num="72" count="10" type="cond" truecount="2" falsecount="0"/>
        <line num="73" count="6" type="stmt"/>
        <line num="75" count="5" type="stmt"/>
        <line num="78" count="4" type="cond" truecount="2" falsecount="0"/>
        <line num="79" count="3" type="stmt"/>
        <line num="81" count="1" type="stmt"/>
        <line num="85" count="29" type="cond" truecount="2" falsecount="0"/>
        <line num="93" count="32" type="cond" truecount="5" falsecount="0"/>
        <line num="99" count="29" type="cond" truecount="2" falsecount="0"/>
        <line num="103" count="42" type="stmt"/>
        <line num="129" count="8" type="stmt"/>
        <line num="171" count="43" type="stmt"/>
        <line num="172" count="43" type="stmt"/>
        <line num="173" count="43" type="cond" truecount="2" falsecount="0"/>
        <line num="175" count="13" type="stmt"/>
        <line num="177" count="13" type="cond" truecount="3" falsecount="1"/>
        <line num="179" count="0" type="stmt"/>
        <line num="180" count="0" type="stmt"/>
        <line num="183" count="11" type="stmt"/>
        <line num="184" count="11" type="stmt"/>
        <line num="187" count="11" type="cond" truecount="2" falsecount="0"/>
        <line num="188" count="5" type="stmt"/>
        <line num="192" count="6" type="cond" truecount="4" falsecount="0"/>
        <line num="193" count="1" type="stmt"/>
        <line num="194" count="1" type="stmt"/>
        <line num="198" count="5" type="cond" truecount="2" falsecount="0"/>
        <line num="199" count="3" type="stmt"/>
        <line num="203" count="3" type="stmt"/>
        <line num="204" count="5" type="stmt"/>
        <line num="205" count="5" type="cond" truecount="2" falsecount="0"/>
        <line num="206" count="3" type="stmt"/>
        <line num="207" count="3" type="stmt"/>
        <line num="209" count="5" type="stmt"/>
        <line num="213" count="3" type="stmt"/>
        <line num="216" count="3" type="stmt"/>
        <line num="217" count="3" type="stmt"/>
        <line num="222" count="3" type="stmt"/>
        <line num="226" count="2" type="stmt"/>
        <line num="227" count="2" type="stmt"/>
        <line num="230" count="2" type="cond" truecount="1" falsecount="1"/>
        <line num="231" count="2" type="stmt"/>
        <line num="232" count="2" type="stmt"/>
        <line num="237" count="2" type="stmt"/>
      </file>
      <file name="ringBuffer.ts" path="C:\Users\xorex\Code\ubet-render\src\core\ringBuffer.ts">
        <metrics statements="17" coveredstatements="17" conditionals="6" coveredconditionals="6" methods="5" coveredmethods="5"/>
        <line num="4" count="39" type="stmt"/>
        <line num="5" count="39" type="stmt"/>
        <line num="9" count="39" type="cond" truecount="2" falsecount="0"/>
        <line num="10" count="39" type="stmt"/>
        <line num="11" count="39" type="stmt"/>
        <line num="15" count="43" type="stmt"/>
        <line num="16" count="43" type="stmt"/>
        <line num="17" count="43" type="cond" truecount="2" falsecount="0"/>
        <line num="18" count="34" type="stmt"/>
        <line num="23" count="8" type="stmt"/>
        <line num="24" count="8" type="stmt"/>
        <line num="25" count="8" type="stmt"/>
        <line num="29" count="15" type="cond" truecount="2" falsecount="0"/>
        <line num="30" count="7" type="stmt"/>
        <line num="32" count="8" type="stmt"/>
        <line num="33" count="8" type="stmt"/>
        <line num="37" count="17" type="stmt"/>
      </file>
      <file name="theme.ts" path="C:\Users\xorex\Code\ubet-render\src\core\theme.ts">
        <metrics statements="13" coveredstatements="13" conditionals="9" coveredconditionals="9" methods="3" coveredmethods="3"/>
        <line num="24" count="5" type="stmt"/>
        <line num="27" count="5" type="stmt"/>
        <line num="36" count="24" type="stmt"/>
        <line num="37" count="24" type="stmt"/>
        <line num="38" count="24" type="cond" truecount="4" falsecount="0"/>
        <line num="42" count="13" type="cond" truecount="2" falsecount="0"/>
        <line num="47" count="1" type="stmt"/>
        <line num="49" count="12" type="stmt"/>
        <line num="54" count="22" type="stmt"/>
        <line num="55" count="22" type="stmt"/>
        <line num="56" count="22" type="stmt"/>
        <line num="64" count="2" type="stmt"/>
        <line num="65" count="2" type="stmt"/>
      </file>
      <file name="toast.ts" path="C:\Users\xorex\Code\ubet-render\src\core\toast.ts">
        <metrics statements="13" coveredstatements="13" conditionals="7" coveredconditionals="7" methods="8" coveredmethods="8"/>
        <line num="26" count="6" type="stmt"/>
        <line num="28" count="6" type="stmt"/>
        <line num="29" count="6" type="stmt"/>
        <line num="30" count="15" type="stmt"/>
        <line num="31" count="15" type="stmt"/>
        <line num="46" count="15" type="cond" truecount="2" falsecount="0"/>
        <line num="47" count="15" type="stmt"/>
        <line num="48" count="15" type="stmt"/>
        <line num="57" count="15" type="cond" truecount="2" falsecount="0"/>
        <line num="61" count="6" type="stmt"/>
        <line num="63" count="15" type="stmt"/>
        <line num="68" count="14" type="stmt"/>
        <line num="73" count="27" type="stmt"/>
      </file>
      <file name="types.ts" path="C:\Users\xorex\Code\ubet-render\src\core\types.ts">
        <metrics statements="0" coveredstatements="0" conditionals="0" coveredconditionals="0" methods="0" coveredmethods="0"/>
      </file>
    </package>
    <package name="src.hooks">
      <metrics statements="385" coveredstatements="293" conditionals="210" coveredconditionals="134" methods="85" coveredmethods="76"/>
      <file name="useDragDrop.ts" path="C:\Users\xorex\Code\ubet-render\src\hooks\useDragDrop.ts">
        <metrics statements="81" coveredstatements="51" conditionals="52" coveredconditionals="21" methods="12" coveredmethods="10"/>
        <line num="9" count="5" type="stmt"/>
        <line num="18" count="5" type="stmt"/>
        <line num="19" count="5" type="cond" truecount="2" falsecount="0"/>
        <line num="20" count="2" type="cond" truecount="2" falsecount="0"/>
        <line num="21" count="1" type="cond" truecount="1" falsecount="1"/>
        <line num="22" count="0" type="stmt"/>
        <line num="30" count="3" type="stmt"/>
        <line num="31" count="12" type="stmt"/>
        <line num="40" count="36" type="stmt"/>
        <line num="41" count="36" type="stmt"/>
        <line num="48" count="36" type="stmt"/>
        <line num="49" count="2" type="stmt"/>
        <line num="50" count="2" type="cond" truecount="2" falsecount="0"/>
        <line num="51" count="1" type="stmt"/>
        <line num="53" count="1" type="stmt"/>
        <line num="54" count="1" type="stmt"/>
        <line num="57" count="36" type="stmt"/>
        <line num="59" count="0" type="stmt"/>
        <line num="60" count="0" type="cond" truecount="0" falsecount="2"/>
        <line num="63" count="36" type="stmt"/>
        <line num="64" count="6" type="stmt"/>
        <line num="65" count="6" type="stmt"/>
        <line num="66" count="6" type="cond" truecount="2" falsecount="0"/>
        <line num="68" count="5" type="stmt"/>
        <line num="69" count="5" type="cond" truecount="2" falsecount="0"/>
        <line num="73" count="4" type="stmt"/>
        <line num="76" count="6" type="cond" truecount="1" falsecount="1"/>
        <line num="80" count="4" type="stmt"/>
        <line num="82" count="4" type="cond" truecount="2" falsecount="0"/>
        <line num="83" count="2" type="stmt"/>
        <line num="84" count="2" type="cond" truecount="1" falsecount="1"/>
        <line num="85" count="2" type="stmt"/>
        <line num="87" count="2" type="cond" truecount="2" falsecount="0"/>
        <line num="88" count="1" type="stmt"/>
        <line num="89" count="1" type="cond" truecount="1" falsecount="1"/>
        <line num="90" count="1" type="stmt"/>
        <line num="92" count="1" type="cond" truecount="1" falsecount="1"/>
        <line num="93" count="1" type="stmt"/>
        <line num="102" count="36" type="stmt"/>
        <line num="104" count="36" type="stmt"/>
        <line num="105" count="36" type="stmt"/>
        <line num="106" count="36" type="stmt"/>
        <line num="109" count="36" type="stmt"/>
        <line num="110" count="36" type="stmt"/>
        <line num="111" count="36" type="stmt"/>
        <line num="112" count="0" type="stmt"/>
        <line num="113" count="0" type="cond" truecount="0" falsecount="4"/>
        <line num="114" count="0" type="cond" truecount="0" falsecount="2"/>
        <line num="115" count="0" type="stmt"/>
        <line num="116" count="0" type="stmt"/>
        <line num="117" count="0" type="stmt"/>
        <line num="118" count="0" type="cond" truecount="0" falsecount="2"/>
        <line num="119" count="0" type="stmt"/>
        <line num="120" count="0" type="cond" truecount="0" falsecount="2"/>
        <line num="121" count="0" type="stmt"/>
        <line num="122" count="0" type="stmt"/>
        <line num="123" count="0" type="cond" truecount="0" falsecount="2"/>
        <line num="125" count="0" type="cond" truecount="0" falsecount="2"/>
        <line num="126" count="0" type="stmt"/>
        <line num="127" count="0" type="stmt"/>
        <line num="128" count="0" type="stmt"/>
        <line num="130" count="0" type="cond" truecount="0" falsecount="2"/>
        <line num="131" count="0" type="stmt"/>
        <line num="132" count="0" type="cond" truecount="0" falsecount="2"/>
        <line num="133" count="0" type="stmt"/>
        <line num="135" count="0" type="cond" truecount="0" falsecount="2"/>
        <line num="136" count="0" type="stmt"/>
        <line num="137" count="0" type="cond" truecount="0" falsecount="2"/>
        <line num="138" count="0" type="stmt"/>
        <line num="140" count="0" type="cond" truecount="0" falsecount="2"/>
        <line num="141" count="0" type="stmt"/>
        <line num="145" count="0" type="stmt"/>
        <line num="149" count="10" type="stmt"/>
        <line num="153" count="36" type="stmt"/>
        <line num="155" count="30" type="cond" truecount="2" falsecount="0"/>
        <line num="156" count="20" type="stmt"/>
        <line num="157" count="20" type="stmt"/>
        <line num="164" count="30" type="stmt"/>
        <line num="165" count="30" type="stmt"/>
        <line num="166" count="30" type="stmt"/>
        <line num="169" count="36" type="stmt"/>
      </file>
      <file name="useHardware.ts" path="C:\Users\xorex\Code\ubet-render\src\hooks\useHardware.ts">
        <metrics statements="28" coveredstatements="27" conditionals="44" coveredconditionals="39" methods="5" coveredmethods="5"/>
        <line num="15" count="34" type="stmt"/>
        <line num="19" count="34" type="stmt"/>
        <line num="23" count="34" type="stmt"/>
        <line num="25" count="34" type="stmt"/>
        <line num="32" count="33" type="stmt"/>
        <line num="39" count="33" type="cond" truecount="4" falsecount="0"/>
        <line num="40" count="1" type="stmt"/>
        <line num="44" count="17" type="cond" truecount="1" falsecount="1"/>
        <line num="45" count="17" type="stmt"/>
        <line num="47" count="17" type="stmt"/>
        <line num="56" count="34" type="stmt"/>
        <line num="57" count="28" type="cond" truecount="2" falsecount="0"/>
        <line num="58" count="28" type="cond" truecount="3" falsecount="1"/>
        <line num="60" count="6" type="cond" truecount="2" falsecount="0"/>
        <line num="61" count="5" type="cond" truecount="4" falsecount="0"/>
        <line num="62" count="4" type="cond" truecount="3" falsecount="1"/>
        <line num="63" count="4" type="stmt"/>
        <line num="65" count="5" type="cond" truecount="2" falsecount="0"/>
        <line num="66" count="4" type="cond" truecount="4" falsecount="0"/>
        <line num="67" count="3" type="cond" truecount="3" falsecount="1"/>
        <line num="68" count="3" type="stmt"/>
        <line num="70" count="17" type="cond" truecount="2" falsecount="0"/>
        <line num="71" count="16" type="cond" truecount="2" falsecount="0"/>
        <line num="72" count="7" type="cond" truecount="4" falsecount="0"/>
        <line num="73" count="6" type="cond" truecount="3" falsecount="1"/>
        <line num="74" count="6" type="stmt"/>
        <line num="76" count="0" type="stmt"/>
        <line num="80" count="34" type="stmt"/>
      </file>
      <file name="usePersistedConfig.ts" path="C:\Users\xorex\Code\ubet-render\src\hooks\usePersistedConfig.ts">
        <metrics statements="45" coveredstatements="44" conditionals="10" coveredconditionals="7" methods="34" coveredmethods="33"/>
        <line num="30" count="32" type="stmt"/>
        <line num="35" count="32" type="stmt"/>
        <line num="57" count="32" type="stmt"/>
        <line num="58" count="32" type="stmt"/>
        <line num="59" count="87" type="stmt"/>
        <line num="79" count="87" type="cond" truecount="1" falsecount="1"/>
        <line num="80" count="87" type="stmt"/>
        <line num="81" count="1" type="stmt"/>
        <line num="82" count="1" type="stmt"/>
        <line num="83" count="1" type="stmt"/>
        <line num="88" count="87" type="stmt"/>
        <line num="89" count="75" type="cond" truecount="2" falsecount="0"/>
        <line num="90" count="74" type="stmt"/>
        <line num="91" count="74" type="stmt"/>
        <line num="96" count="32" type="stmt"/>
        <line num="98" count="155" type="stmt"/>
        <line num="99" count="54" type="stmt"/>
        <line num="100" count="117" type="stmt"/>
        <line num="101" count="83" type="stmt"/>
        <line num="102" count="166" type="stmt"/>
        <line num="103" count="19" type="stmt"/>
        <line num="104" count="89" type="stmt"/>
        <line num="105" count="83" type="stmt"/>
        <line num="106" count="54" type="stmt"/>
        <line num="107" count="2" type="stmt"/>
        <line num="108" count="139" type="stmt"/>
        <line num="109" count="96" type="stmt"/>
        <line num="110" count="84" type="stmt"/>
        <line num="111" count="31" type="stmt"/>
        <line num="112" count="16" type="stmt"/>
        <line num="115" count="7" type="stmt"/>
        <line num="116" count="7" type="stmt"/>
        <line num="117" count="8" type="stmt"/>
        <line num="118" count="1" type="stmt"/>
        <line num="119" count="4" type="stmt"/>
        <line num="120" count="1" type="stmt"/>
        <line num="122" count="4" type="stmt"/>
        <line num="127" count="1" type="cond" truecount="1" falsecount="1"/>
        <line num="128" count="1" type="stmt"/>
        <line num="130" count="1" type="cond" truecount="1" falsecount="1"/>
        <line num="131" count="18" type="stmt"/>
        <line num="132" count="2" type="stmt"/>
        <line num="133" count="1" type="stmt"/>
        <line num="134" count="1" type="stmt"/>
        <line num="136" count="0" type="stmt"/>
      </file>
      <file name="usePipeline.ts" path="C:\Users\xorex\Code\ubet-render\src\hooks\usePipeline.ts">
        <metrics statements="231" coveredstatements="171" conditionals="104" coveredconditionals="67" methods="34" coveredmethods="28"/>
        <line num="21" count="4" type="stmt"/>
        <line num="22" count="4" type="stmt"/>
        <line num="26" count="4" type="stmt"/>
        <line num="29" count="26" type="stmt"/>
        <line num="33" count="26" type="stmt"/>
        <line num="34" count="26" type="stmt"/>
        <line num="35" count="26" type="stmt"/>
        <line num="36" count="26" type="stmt"/>
        <line num="38" count="0" type="stmt"/>
        <line num="41" count="0" type="stmt"/>
        <line num="45" count="0" type="stmt"/>
        <line num="46" count="0" type="stmt"/>
        <line num="47" count="0" type="cond" truecount="0" falsecount="2"/>
        <line num="48" count="0" type="cond" truecount="0" falsecount="2"/>
        <line num="49" count="0" type="stmt"/>
        <line num="54" count="26" type="stmt"/>
        <line num="55" count="26" type="stmt"/>
        <line num="61" count="0" type="stmt"/>
        <line num="62" count="0" type="stmt"/>
        <line num="66" count="0" type="stmt"/>
        <line num="69" count="26" type="stmt"/>
        <line num="70" count="26" type="stmt"/>
        <line num="71" count="26" type="stmt"/>
        <line num="72" count="26" type="stmt"/>
        <line num="73" count="26" type="stmt"/>
        <line num="74" count="26" type="stmt"/>
        <line num="75" count="26" type="stmt"/>
        <line num="81" count="26" type="stmt"/>
        <line num="82" count="26" type="stmt"/>
        <line num="83" count="26" type="stmt"/>
        <line num="84" count="26" type="stmt"/>
        <line num="89" count="26" type="stmt"/>
        <line num="91" count="26" type="stmt"/>
        <line num="92" count="26" type="stmt"/>
        <line num="94" count="26" type="stmt"/>
        <line num="96" count="26" type="stmt"/>
        <line num="97" count="26" type="stmt"/>
        <line num="98" count="4" type="stmt"/>
        <line num="99" count="4" type="stmt"/>
        <line num="100" count="4" type="cond" truecount="3" falsecount="1"/>
        <line num="101" count="4" type="stmt"/>
        <line num="102" count="4" type="stmt"/>
        <line num="106" count="26" type="stmt"/>
        <line num="107" count="29" type="cond" truecount="4" falsecount="0"/>
        <line num="108" count="6" type="stmt"/>
        <line num="109" count="6" type="stmt"/>
        <line num="110" count="6" type="stmt"/>
        <line num="114" count="26" type="stmt"/>
        <line num="115" count="6" type="stmt"/>
        <line num="116" count="6" type="stmt"/>
        <line num="117" count="6" type="stmt"/>
        <line num="118" count="6" type="cond" truecount="1" falsecount="1"/>
        <line num="119" count="6" type="stmt"/>
        <line num="120" count="6" type="stmt"/>
        <line num="121" count="6" type="stmt"/>
        <line num="122" count="6" type="stmt"/>
        <line num="123" count="6" type="stmt"/>
        <line num="124" count="6" type="stmt"/>
        <line num="125" count="6" type="stmt"/>
        <line num="127" count="0" type="stmt"/>
        <line num="128" count="0" type="stmt"/>
        <line num="130" count="6" type="stmt"/>
        <line num="133" count="26" type="stmt"/>
        <line num="134" count="1" type="stmt"/>
        <line num="135" count="1" type="stmt"/>
        <line num="136" count="1" type="stmt"/>
        <line num="137" count="2" type="stmt"/>
        <line num="141" count="1" type="cond" truecount="1" falsecount="1"/>
        <line num="144" count="1" type="stmt"/>
        <line num="146" count="1" type="stmt"/>
        <line num="147" count="1" type="cond" truecount="3" falsecount="1"/>
        <line num="148" count="1" type="stmt"/>
        <line num="149" count="1" type="stmt"/>
        <line num="150" count="1" type="stmt"/>
        <line num="151" count="0" type="cond" truecount="0" falsecount="2"/>
        <line num="152" count="0" type="stmt"/>
        <line num="156" count="26" type="stmt"/>
        <line num="161" count="1" type="stmt"/>
        <line num="162" count="1" type="stmt"/>
        <line num="163" count="1" type="stmt"/>
        <line num="164" count="1" type="cond" truecount="1" falsecount="1"/>
        <line num="165" count="1" type="stmt"/>
        <line num="166" count="1" type="stmt"/>
        <line num="173" count="1" type="stmt"/>
        <line num="184" count="26" type="stmt"/>
        <line num="186" count="1" type="cond" truecount="1" falsecount="1"/>
        <line num="187" count="0" type="stmt"/>
        <line num="188" count="0" type="stmt"/>
        <line num="190" count="1" type="stmt"/>
        <line num="191" count="1" type="stmt"/>
        <line num="192" count="1" type="stmt"/>
        <line num="193" count="1" type="stmt"/>
        <line num="198" count="1" type="stmt"/>
        <line num="201" count="26" type="stmt"/>
        <line num="202" count="1" type="stmt"/>
        <line num="203" count="1" type="stmt"/>
        <line num="204" count="1" type="stmt"/>
        <line num="205" count="1" type="stmt"/>
        <line num="206" count="1" type="stmt"/>
        <line num="209" count="26" type="stmt"/>
        <line num="210" count="1" type="stmt"/>
        <line num="211" count="1" type="stmt"/>
        <line num="212" count="1" type="stmt"/>
        <line num="213" count="1" type="stmt"/>
        <line num="214" count="1" type="stmt"/>
        <line num="215" count="1" type="stmt"/>
        <line num="218" count="1" type="stmt"/>
        <line num="221" count="26" type="cond" truecount="1" falsecount="0"/>
        <line num="222" count="7" type="cond" truecount="5" falsecount="0"/>
        <line num="224" count="6" type="cond" truecount="1" falsecount="1"/>
        <line num="225" count="0" type="stmt"/>
        <line num="228" count="0" type="stmt"/>
        <line num="232" count="0" type="stmt"/>
        <line num="235" count="6" type="stmt"/>
        <line num="240" count="6" type="stmt"/>
        <line num="241" count="6" type="stmt"/>
        <line num="242" count="6" type="stmt"/>
        <line num="244" count="6" type="stmt"/>
        <line num="245" count="6" type="stmt"/>
        <line num="248" count="7" type="stmt"/>
        <line num="249" count="7" type="cond" truecount="7" falsecount="0"/>
        <line num="251" count="1" type="stmt"/>
        <line num="254" count="1" type="stmt"/>
        <line num="256" count="1" type="stmt"/>
        <line num="257" count="1" type="stmt"/>
        <line num="259" count="1" type="stmt"/>
        <line num="260" count="1" type="stmt"/>
        <line num="262" count="1" type="stmt"/>
        <line num="263" count="1" type="stmt"/>
        <line num="265" count="1" type="stmt"/>
        <line num="266" count="1" type="stmt"/>
        <line num="268" count="1" type="stmt"/>
        <line num="269" count="1" type="stmt"/>
        <line num="271" count="1" type="stmt"/>
        <line num="272" count="1" type="stmt"/>
        <line num="277" count="6" type="stmt"/>
        <line num="279" count="6" type="stmt"/>
        <line num="299" count="7" type="stmt"/>
        <line num="305" count="0" type="stmt"/>
        <line num="306" count="0" type="stmt"/>
        <line num="307" count="0" type="stmt"/>
        <line num="308" count="0" type="stmt"/>
        <line num="309" count="0" type="stmt"/>
        <line num="310" count="0" type="stmt"/>
        <line num="314" count="26" type="stmt"/>
        <line num="315" count="0" type="cond" truecount="0" falsecount="2"/>
        <line num="316" count="0" type="stmt"/>
        <line num="317" count="0" type="stmt"/>
        <line num="318" count="0" type="cond" truecount="0" falsecount="2"/>
        <line num="319" count="0" type="stmt"/>
        <line num="320" count="0" type="stmt"/>
        <line num="321" count="0" type="stmt"/>
        <line num="324" count="0" type="stmt"/>
        <line num="325" count="0" type="stmt"/>
        <line num="330" count="0" type="stmt"/>
        <line num="331" count="0" type="stmt"/>
        <line num="335" count="26" type="stmt"/>
        <line num="336" count="0" type="stmt"/>
        <line num="337" count="0" type="stmt"/>
        <line num="338" count="0" type="stmt"/>
        <line num="340" count="0" type="stmt"/>
        <line num="341" count="0" type="stmt"/>
        <line num="346" count="0" type="stmt"/>
        <line num="350" count="26" type="stmt"/>
        <line num="351" count="21" type="cond" truecount="1" falsecount="1"/>
        <line num="352" count="0" type="stmt"/>
        <line num="353" count="0" type="stmt"/>
        <line num="357" count="26" type="stmt"/>
        <line num="358" count="1" type="stmt"/>
        <line num="359" count="1" type="stmt"/>
        <line num="360" count="1" type="stmt"/>
        <line num="361" count="1" type="stmt"/>
        <line num="366" count="1" type="stmt"/>
        <line num="367" count="1" type="stmt"/>
        <line num="368" count="1" type="cond" truecount="3" falsecount="1"/>
        <line num="369" count="1" type="stmt"/>
        <line num="370" count="1" type="stmt"/>
        <line num="371" count="1" type="stmt"/>
        <line num="372" count="1" type="stmt"/>
        <line num="375" count="1" type="stmt"/>
        <line num="377" count="0" type="stmt"/>
        <line num="378" count="0" type="stmt"/>
        <line num="379" count="0" type="stmt"/>
        <line num="380" count="0" type="stmt"/>
        <line num="381" count="0" type="stmt"/>
        <line num="382" count="0" type="stmt"/>
        <line num="386" count="26" type="stmt"/>
        <line num="387" count="126" type="stmt"/>
        <line num="388" count="126" type="stmt"/>
        <line num="395" count="26" type="stmt"/>
        <line num="396" count="25" type="stmt"/>
        <line num="397" count="25" type="stmt"/>
        <line num="404" count="26" type="stmt"/>
        <line num="406" count="26" type="stmt"/>
        <line num="407" count="85" type="cond" truecount="3" falsecount="0"/>
        <line num="409" count="64" type="stmt"/>
        <line num="411" count="26" type="stmt"/>
        <line num="412" count="85" type="stmt"/>
        <line num="413" count="85" type="cond" truecount="4" falsecount="0"/>
        <line num="414" count="8" type="cond" truecount="3" falsecount="1"/>
        <line num="415" count="8" type="stmt"/>
        <line num="418" count="26" type="stmt"/>
        <line num="419" count="67" type="stmt"/>
        <line num="420" count="67" type="cond" truecount="2" falsecount="0"/>
        <line num="421" count="41" type="cond" truecount="2" falsecount="0"/>
        <line num="422" count="17" type="cond" truecount="2" falsecount="0"/>
        <line num="423" count="12" type="cond" truecount="2" falsecount="0"/>
        <line num="424" count="7" type="cond" truecount="3" falsecount="1"/>
        <line num="425" count="0" type="stmt"/>
        <line num="426" count="7" type="cond" truecount="1" falsecount="1"/>
        <line num="427" count="7" type="stmt"/>
        <line num="438" count="26" type="stmt"/>
        <line num="439" count="58" type="stmt"/>
        <line num="450" count="58" type="stmt"/>
        <line num="451" count="1" type="stmt"/>
        <line num="452" count="1" type="stmt"/>
        <line num="456" count="0" type="stmt"/>
        <line num="459" count="0" type="stmt"/>
        <line num="466" count="58" type="stmt"/>
        <line num="469" count="26" type="stmt"/>
        <line num="470" count="20" type="stmt"/>
        <line num="471" count="20" type="stmt"/>
        <line num="474" count="26" type="stmt"/>
        <line num="483" count="37" type="cond" truecount="2" falsecount="0"/>
        <line num="510" count="0" type="cond" truecount="0" falsecount="2"/>
        <line num="511" count="0" type="stmt"/>
        <line num="515" count="0" type="stmt"/>
        <line num="517" count="0" type="cond" truecount="0" falsecount="2"/>
        <line num="518" count="0" type="stmt"/>
        <line num="522" count="0" type="stmt"/>
        <line num="524" count="0" type="stmt"/>
      </file>
    </package>
  </project>
</coverage>
