<?xml version="1.0" encoding="UTF-8"?>
<coverage generated="1784596830183" clover="3.2.0">
  <project timestamp="1784596830184" name="All files">
    <metrics statements="1010" coveredstatements="851" conditionals="532" coveredconditionals="384" methods="400" coveredmethods="339" elements="1942" coveredelements="1574" complexity="0" loc="1010" ncloc="1010" packages="8" files="31" classes="31"/>
    <package name="src">
      <metrics statements="103" coveredstatements="68" conditionals="45" coveredconditionals="11" methods="55" coveredmethods="33"/>
      <file name="App.tsx" path="C:\Users\xorex\Code\ubet-render\src\App.tsx">
        <metrics statements="100" coveredstatements="65" conditionals="43" coveredconditionals="9" methods="54" coveredmethods="33"/>
        <line num="34" count="9" type="stmt"/>
        <line num="35" count="9" type="stmt"/>
        <line num="36" count="9" type="stmt"/>
        <line num="46" count="9" type="stmt"/>
        <line num="47" count="9" type="stmt"/>
        <line num="48" count="9" type="stmt"/>
        <line num="50" count="9" type="stmt"/>
        <line num="51" count="24" type="cond" truecount="2" falsecount="0"/>
        <line num="54" count="9" type="stmt"/>
        <line num="57" count="9" type="stmt"/>
        <line num="58" count="9" type="stmt"/>
        <line num="59" count="9" type="stmt"/>
        <line num="62" count="9" type="stmt"/>
        <line num="63" count="0" type="cond" truecount="0" falsecount="2"/>
        <line num="66" count="0" type="cond" truecount="0" falsecount="4"/>
        <line num="67" count="0" type="stmt"/>
        <line num="68" count="0" type="stmt"/>
        <line num="69" count="0" type="stmt"/>
        <line num="73" count="0" type="cond" truecount="0" falsecount="2"/>
        <line num="74" count="0" type="stmt"/>
        <line num="75" count="0" type="stmt"/>
        <line num="76" count="0" type="stmt"/>
        <line num="77" count="0" type="stmt"/>
        <line num="81" count="0" type="cond" truecount="0" falsecount="5"/>
        <line num="82" count="0" type="stmt"/>
        <line num="83" count="0" type="stmt"/>
        <line num="84" count="0" type="stmt"/>
        <line num="88" count="0" type="cond" truecount="0" falsecount="4"/>
        <line num="89" count="0" type="stmt"/>
        <line num="90" count="0" type="stmt"/>
        <line num="91" count="0" type="stmt"/>
        <line num="93" count="0" type="cond" truecount="0" falsecount="4"/>
        <line num="94" count="0" type="stmt"/>
        <line num="95" count="0" type="stmt"/>
        <line num="96" count="0" type="stmt"/>
        <line num="100" count="9" type="stmt"/>
        <line num="101" count="9" type="stmt"/>
        <line num="105" count="9" type="stmt"/>
        <line num="106" count="9" type="stmt"/>
        <line num="107" count="9" type="stmt"/>
        <line num="108" count="9" type="stmt"/>
        <line num="110" count="9" type="cond" truecount="1" falsecount="1"/>
        <line num="111" count="0" type="stmt"/>
        <line num="114" count="9" type="cond" truecount="1" falsecount="1"/>
        <line num="115" count="0" type="stmt"/>
        <line num="118" count="9" type="cond" truecount="1" falsecount="1"/>
        <line num="120" count="0" type="stmt"/>
        <line num="124" count="9" type="stmt"/>
        <line num="128" count="9" type="stmt"/>
        <line num="131" count="9" type="stmt"/>
        <line num="137" count="9" type="stmt"/>
        <line num="155" count="0" type="cond" truecount="0" falsecount="4"/>
        <line num="156" count="0" type="stmt"/>
        <line num="157" count="0" type="stmt"/>
        <line num="158" count="0" type="cond" truecount="0" falsecount="2"/>
        <line num="161" count="9" type="stmt"/>
        <line num="165" count="12" type="stmt"/>
        <line num="166" count="12" type="stmt"/>
        <line num="167" count="9" type="stmt"/>
        <line num="169" count="9" type="stmt"/>
        <line num="174" count="12" type="stmt"/>
        <line num="175" count="12" type="cond" truecount="2" falsecount="0"/>
        <line num="176" count="9" type="stmt"/>
        <line num="178" count="9" type="stmt"/>
        <line num="180" count="9" type="stmt"/>
        <line num="181" count="9" type="stmt"/>
        <line num="188" count="9" type="stmt"/>
        <line num="190" count="9" type="stmt"/>
        <line num="195" count="9" type="stmt"/>
        <line num="196" count="9" type="stmt"/>
        <line num="197" count="9" type="stmt"/>
        <line num="213" count="12" type="stmt"/>
        <line num="228" count="10" type="stmt"/>
        <line num="230" count="10" type="stmt"/>
        <line num="235" count="10" type="stmt"/>
        <line num="237" count="10" type="stmt"/>
        <line num="242" count="90" type="stmt"/>
        <line num="243" count="78" type="stmt"/>
        <line num="244" count="0" type="stmt"/>
        <line num="245" count="0" type="stmt"/>
        <line num="246" count="0" type="stmt"/>
        <line num="247" count="0" type="stmt"/>
        <line num="248" count="72" type="stmt"/>
        <line num="249" count="36" type="stmt"/>
        <line num="252" count="36" type="stmt"/>
        <line num="255" count="10" type="stmt"/>
        <line num="256" count="0" type="cond" truecount="2" falsecount="0"/>
        <line num="260" count="0" type="stmt"/>
        <line num="261" count="10" type="stmt"/>
        <line num="272" count="12" type="stmt"/>
        <line num="282" count="2" type="stmt"/>
        <line num="284" count="2" type="stmt"/>
        <line num="298" count="2" type="stmt"/>
        <line num="303" count="2" type="stmt"/>
        <line num="307" count="2" type="stmt"/>
        <line num="312" count="12" type="stmt"/>
        <line num="323" count="9" type="stmt"/>
        <line num="325" count="9" type="stmt"/>
        <line num="328" count="9" type="stmt"/>
        <line num="332" count="2" type="stmt"/>
      </file>
      <file name="index.tsx" path="C:\Users\xorex\Code\ubet-render\src\index.tsx">
        <metrics statements="3" coveredstatements="3" conditionals="2" coveredconditionals="2" methods="1" coveredmethods="0"/>
        <line num="5" count="2" type="stmt"/>
        <line num="6" count="2" type="cond" truecount="2" falsecount="0"/>
        <line num="7" count="1" type="stmt"/>
      </file>
    </package>
    <package name="src.components">
      <metrics statements="0" coveredstatements="0" conditionals="0" coveredconditionals="0" methods="0" coveredmethods="0"/>
      <file name="index.ts" path="C:\Users\xorex\Code\ubet-render\src\components\index.ts">
        <metrics statements="0" coveredstatements="0" conditionals="0" coveredconditionals="0" methods="0" coveredmethods="0"/>
      </file>
    </package>
    <package name="src.components.layout">
      <metrics statements="310" coveredstatements="273" conditionals="130" coveredconditionals="90" methods="158" coveredmethods="129"/>
      <file name="AppHeader.tsx" path="C:\Users\xorex\Code\ubet-render\src\components\layout\AppHeader.tsx">
        <metrics statements="40" coveredstatements="39" conditionals="44" coveredconditionals="41" methods="25" coveredmethods="25"/>
        <line num="14" count="25" type="stmt"/>
        <line num="17" count="25" type="stmt"/>
        <line num="19" count="28" type="cond" truecount="4" falsecount="0"/>
        <line num="20" count="2" type="stmt"/>
        <line num="21" count="26" type="cond" truecount="3" falsecount="1"/>
        <line num="22" count="0" type="stmt"/>
        <line num="26" count="25" type="stmt"/>
        <line num="27" count="1" type="stmt"/>
        <line num="28" count="1" type="cond" truecount="1" falsecount="1"/>
        <line num="32" count="25" type="stmt"/>
        <line num="38" count="25" type="cond" truecount="4" falsecount="0"/>
        <line num="41" count="50" type="stmt"/>
        <line num="42" count="50" type="cond" truecount="2" falsecount="0"/>
        <line num="46" count="25" type="stmt"/>
        <line num="50" count="25" type="stmt"/>
        <line num="55" count="25" type="cond" truecount="2" falsecount="0"/>
        <line num="59" count="25" type="stmt"/>
        <line num="62" count="33" type="cond" truecount="2" falsecount="0"/>
        <line num="64" count="28" type="cond" truecount="2" falsecount="0"/>
        <line num="68" count="25" type="stmt"/>
        <line num="74" count="25" type="cond" truecount="2" falsecount="0"/>
        <line num="76" count="25" type="cond" truecount="2" falsecount="0"/>
        <line num="77" count="25" type="cond" truecount="4" falsecount="0"/>
        <line num="82" count="25" type="cond" truecount="2" falsecount="0"/>
        <line num="83" count="17" type="stmt"/>
        <line num="85" count="17" type="stmt"/>
        <line num="91" count="25" type="cond" truecount="2" falsecount="0"/>
        <line num="95" count="3" type="stmt"/>
        <line num="97" count="25" type="stmt"/>
        <line num="102" count="25" type="stmt"/>
        <line num="107" count="5" type="stmt"/>
        <line num="109" count="5" type="stmt"/>
        <line num="116" count="5" type="stmt"/>
        <line num="118" count="25" type="stmt"/>
        <line num="127" count="28" type="stmt"/>
        <line num="129" count="2" type="cond" truecount="1" falsecount="1"/>
        <line num="131" count="1" type="stmt"/>
        <line num="135" count="2" type="stmt"/>
        <line num="146" count="2" type="stmt"/>
        <line num="158" count="4" type="stmt"/>
      </file>
      <file name="JobTable.tsx" path="C:\Users\xorex\Code\ubet-render\src\components\layout\JobTable.tsx">
        <metrics statements="31" coveredstatements="28" conditionals="4" coveredconditionals="4" methods="23" coveredmethods="21"/>
        <line num="8" count="4" type="stmt"/>
        <line num="9" count="0" type="stmt"/>
        <line num="10" count="0" type="stmt"/>
        <line num="12" count="0" type="stmt"/>
        <line num="17" count="11" type="stmt"/>
        <line num="19" count="11" type="stmt"/>
        <line num="20" count="3" type="stmt"/>
        <line num="26" count="8" type="stmt"/>
        <line num="47" count="8" type="stmt"/>
        <line num="51" count="23" type="stmt"/>
        <line num="52" count="23" type="stmt"/>
        <line num="57" count="23" type="cond" truecount="2" falsecount="0"/>
        <line num="58" count="16" type="stmt"/>
        <line num="63" count="7" type="stmt"/>
        <line num="69" count="23" type="stmt"/>
        <line num="73" count="7" type="stmt"/>
        <line num="77" count="23" type="stmt"/>
        <line num="78" count="23" type="stmt"/>
        <line num="82" count="23" type="stmt"/>
        <line num="84" count="23" type="stmt"/>
        <line num="90" count="69" type="stmt"/>
        <line num="94" count="23" type="stmt"/>
        <line num="96" count="23" type="stmt"/>
        <line num="102" count="23" type="stmt"/>
        <line num="104" count="23" type="stmt"/>
        <line num="107" count="23" type="stmt"/>
        <line num="116" count="23" type="cond" truecount="2" falsecount="0"/>
        <line num="117" count="23" type="stmt"/>
        <line num="122" count="23" type="stmt"/>
        <line num="128" count="8" type="stmt"/>
        <line num="135" count="4" type="stmt"/>
      </file>
      <file name="LogViewer.tsx" path="C:\Users\xorex\Code\ubet-render\src\components\layout\LogViewer.tsx">
        <metrics statements="45" coveredstatements="40" conditionals="16" coveredconditionals="9" methods="22" coveredmethods="21"/>
        <line num="15" count="4" type="stmt"/>
        <line num="16" count="4" type="stmt"/>
        <line num="20" count="7" type="stmt"/>
        <line num="21" count="7" type="stmt"/>
        <line num="22" count="7" type="stmt"/>
        <line num="25" count="7" type="stmt"/>
        <line num="26" count="20" type="stmt"/>
        <line num="28" count="7" type="stmt"/>
        <line num="29" count="10" type="cond" truecount="1" falsecount="1"/>
        <line num="33" count="7" type="stmt"/>
        <line num="34" count="10" type="stmt"/>
        <line num="36" count="7" type="stmt"/>
        <line num="37" count="7" type="stmt"/>
        <line num="38" count="3" type="stmt"/>
        <line num="40" count="7" type="stmt"/>
        <line num="41" count="0" type="cond" truecount="0" falsecount="2"/>
        <line num="42" count="0" type="stmt"/>
        <line num="46" count="0" type="stmt"/>
        <line num="47" count="0" type="stmt"/>
        <line num="48" count="0" type="stmt"/>
        <line num="52" count="7" type="stmt"/>
        <line num="53" count="7" type="cond" truecount="1" falsecount="1"/>
        <line num="54" count="7" type="stmt"/>
        <line num="56" count="7" type="stmt"/>
        <line num="57" count="6" type="stmt"/>
        <line num="59" count="6" type="cond" truecount="1" falsecount="1"/>
        <line num="60" count="6" type="stmt"/>
        <line num="61" count="6" type="stmt"/>
        <line num="65" count="7" type="stmt"/>
        <line num="66" count="7" type="stmt"/>
        <line num="72" count="7" type="stmt"/>
        <line num="73" count="7" type="stmt"/>
        <line num="74" count="7" type="cond" truecount="3" falsecount="1"/>
        <line num="76" count="7" type="stmt"/>
        <line num="77" count="7" type="stmt"/>
        <line num="78" count="7" type="stmt"/>
        <line num="82" count="7" type="stmt"/>
        <line num="91" count="7" type="stmt"/>
        <line num="95" count="7" type="stmt"/>
        <line num="99" count="7" type="cond" truecount="1" falsecount="1"/>
        <line num="104" count="7" type="stmt"/>
        <line num="105" count="3" type="stmt"/>
        <line num="115" count="3" type="stmt"/>
        <line num="116" count="7" type="cond" truecount="2" falsecount="0"/>
        <line num="119" count="8" type="stmt"/>
      </file>
      <file name="SettingsCard.tsx" path="C:\Users\xorex\Code\ubet-render\src\components\layout\SettingsCard.tsx">
        <metrics statements="86" coveredstatements="73" conditionals="30" coveredconditionals="11" methods="52" coveredmethods="34"/>
        <line num="14" count="5" type="stmt"/>
        <line num="18" count="172" type="cond" truecount="1" falsecount="1"/>
        <line num="19" count="172" type="cond" truecount="1" falsecount="1"/>
        <line num="20" count="172" type="stmt"/>
        <line num="23" count="5" type="stmt"/>
        <line num="24" count="0" type="stmt"/>
        <line num="25" count="0" type="stmt"/>
        <line num="27" count="0" type="stmt"/>
        <line num="33" count="5" type="stmt"/>
        <line num="36" count="5" type="stmt"/>
        <line num="39" count="43" type="stmt"/>
        <line num="41" count="43" type="stmt"/>
        <line num="42" count="153" type="cond" truecount="1" falsecount="1"/>
        <line num="46" count="43" type="stmt"/>
        <line num="47" count="0" type="stmt"/>
        <line num="52" count="0" type="cond" truecount="0" falsecount="2"/>
        <line num="55" count="43" type="stmt"/>
        <line num="69" count="51" type="stmt"/>
        <line num="73" count="86" type="stmt"/>
        <line num="75" count="0" type="cond" truecount="0" falsecount="2"/>
        <line num="78" count="43" type="stmt"/>
        <line num="82" count="51" type="stmt"/>
        <line num="86" count="86" type="stmt"/>
        <line num="88" count="0" type="cond" truecount="0" falsecount="2"/>
        <line num="91" count="43" type="stmt"/>
        <line num="97" count="51" type="stmt"/>
        <line num="102" count="43" type="stmt"/>
        <line num="105" count="43" type="stmt"/>
        <line num="113" count="43" type="cond" truecount="2" falsecount="0"/>
        <line num="115" count="43" type="stmt"/>
        <line num="121" count="43" type="stmt"/>
        <line num="122" count="3" type="stmt"/>
        <line num="134" count="43" type="stmt"/>
        <line num="136" count="3" type="stmt"/>
        <line num="141" count="3" type="stmt"/>
        <line num="143" count="3" type="stmt"/>
        <line num="158" count="43" type="stmt"/>
        <line num="168" count="43" type="stmt"/>
        <line num="181" count="43" type="stmt"/>
        <line num="183" count="0" type="stmt"/>
        <line num="185" count="43" type="stmt"/>
        <line num="198" count="43" type="stmt"/>
        <line num="199" count="43" type="stmt"/>
        <line num="207" count="51" type="stmt"/>
        <line num="208" count="43" type="stmt"/>
        <line num="224" count="43" type="stmt"/>
        <line num="234" count="43" type="stmt"/>
        <line num="235" count="43" type="stmt"/>
        <line num="239" count="51" type="stmt"/>
        <line num="240" count="51" type="cond" truecount="2" falsecount="0"/>
        <line num="252" count="51" type="cond" truecount="2" falsecount="0"/>
        <line num="254" count="43" type="stmt"/>
        <line num="255" count="43" type="stmt"/>
        <line num="257" count="0" type="stmt"/>
        <line num="258" count="0" type="cond" truecount="0" falsecount="2"/>
        <line num="259" count="0" type="stmt"/>
        <line num="261" count="43" type="stmt"/>
        <line num="262" count="51" type="cond" truecount="2" falsecount="0"/>
        <line num="264" count="43" type="stmt"/>
        <line num="279" count="43" type="stmt"/>
        <line num="280" count="43" type="stmt"/>
        <line num="288" count="43" type="stmt"/>
        <line num="289" count="43" type="stmt"/>
        <line num="307" count="43" type="stmt"/>
        <line num="308" count="43" type="stmt"/>
        <line num="318" count="43" type="stmt"/>
        <line num="330" count="43" type="stmt"/>
        <line num="331" count="43" type="stmt"/>
        <line num="339" count="43" type="stmt"/>
        <line num="340" count="43" type="stmt"/>
        <line num="346" count="43" type="stmt"/>
        <line num="357" count="43" type="stmt"/>
        <line num="359" count="0" type="stmt"/>
        <line num="361" count="41" type="stmt"/>
        <line num="369" count="43" type="stmt"/>
        <line num="379" count="43" type="stmt"/>
        <line num="381" count="0" type="stmt"/>
        <line num="386" count="2" type="stmt"/>
        <line num="398" count="43" type="stmt"/>
        <line num="412" count="43" type="stmt"/>
        <line num="413" count="43" type="stmt"/>
        <line num="427" count="43" type="stmt"/>
        <line num="429" count="43" type="stmt"/>
        <line num="444" count="43" type="stmt"/>
        <line num="446" count="43" type="stmt"/>
        <line num="456" count="5" type="stmt"/>
      </file>
      <file name="StatsStrip.tsx" path="C:\Users\xorex\Code\ubet-render\src\components\layout\StatsStrip.tsx">
        <metrics statements="51" coveredstatements="51" conditionals="18" coveredconditionals="17" methods="15" coveredmethods="15"/>
        <line num="11" count="17" type="stmt"/>
        <line num="12" count="40" type="stmt"/>
        <line num="13" count="23" type="stmt"/>
        <line num="17" count="17" type="stmt"/>
        <line num="18" count="17" type="stmt"/>
        <line num="19" count="17" type="stmt"/>
        <line num="20" count="17" type="stmt"/>
        <line num="21" count="17" type="stmt"/>
        <line num="22" count="17" type="stmt"/>
        <line num="23" count="20" type="cond" truecount="4" falsecount="0"/>
        <line num="25" count="5" type="stmt"/>
        <line num="26" count="5" type="stmt"/>
        <line num="28" count="5" type="stmt"/>
        <line num="29" count="5" type="stmt"/>
        <line num="31" count="5" type="stmt"/>
        <line num="32" count="5" type="stmt"/>
        <line num="34" count="5" type="stmt"/>
        <line num="35" count="5" type="stmt"/>
        <line num="38" count="17" type="stmt"/>
        <line num="40" count="17" type="stmt"/>
        <line num="41" count="6" type="cond" truecount="2" falsecount="0"/>
        <line num="42" count="17" type="cond" truecount="2" falsecount="0"/>
        <line num="43" count="24" type="stmt"/>
        <line num="46" count="17" type="cond" truecount="4" falsecount="0"/>
        <line num="47" count="11" type="stmt"/>
        <line num="51" count="11" type="stmt"/>
        <line num="59" count="11" type="stmt"/>
        <line num="67" count="11" type="stmt"/>
        <line num="75" count="11" type="stmt"/>
        <line num="83" count="11" type="stmt"/>
        <line num="93" count="6" type="stmt"/>
        <line num="97" count="6" type="stmt"/>
        <line num="100" count="6" type="stmt"/>
        <line num="102" count="6" type="stmt"/>
        <line num="108" count="6" type="stmt"/>
        <line num="111" count="6" type="stmt"/>
        <line num="117" count="6" type="stmt"/>
        <line num="120" count="6" type="stmt"/>
        <line num="126" count="6" type="stmt"/>
        <line num="129" count="6" type="stmt"/>
        <line num="130" count="6" type="stmt"/>
        <line num="135" count="6" type="stmt"/>
        <line num="140" count="6" type="stmt"/>
        <line num="141" count="6" type="cond" truecount="2" falsecount="0"/>
        <line num="142" count="6" type="stmt"/>
        <line num="146" count="6" type="stmt"/>
        <line num="147" count="6" type="cond" truecount="2" falsecount="0"/>
        <line num="148" count="1" type="stmt"/>
        <line num="150" count="1" type="cond" truecount="1" falsecount="1"/>
        <line num="153" count="6" type="stmt"/>
        <line num="154" count="6" type="stmt"/>
      </file>
      <file name="Titlebar.tsx" path="C:\Users\xorex\Code\ubet-render\src\components\layout\Titlebar.tsx">
        <metrics statements="57" coveredstatements="42" conditionals="18" coveredconditionals="8" methods="21" coveredmethods="13"/>
        <line num="6" count="18" type="stmt"/>
        <line num="7" count="18" type="stmt"/>
        <line num="9" count="18" type="stmt"/>
        <line num="11" count="18" type="stmt"/>
        <line num="12" count="18" type="stmt"/>
        <line num="17" count="18" type="stmt"/>
        <line num="18" count="0" type="cond" truecount="0" falsecount="2"/>
        <line num="19" count="0" type="stmt"/>
        <line num="20" count="0" type="stmt"/>
        <line num="25" count="18" type="stmt"/>
        <line num="26" count="38" type="cond" truecount="2" falsecount="2"/>
        <line num="27" count="0" type="stmt"/>
        <line num="30" count="18" type="stmt"/>
        <line num="33" count="18" type="stmt"/>
        <line num="34" count="0" type="cond" truecount="0" falsecount="2"/>
        <line num="36" count="18" type="stmt"/>
        <line num="39" count="18" type="stmt"/>
        <line num="40" count="0" type="stmt"/>
        <line num="41" count="0" type="cond" truecount="0" falsecount="2"/>
        <line num="42" count="0" type="stmt"/>
        <line num="43" count="0" type="stmt"/>
        <line num="47" count="18" type="stmt"/>
        <line num="48" count="18" type="stmt"/>
        <line num="49" count="18" type="stmt"/>
        <line num="52" count="18" type="stmt"/>
        <line num="55" count="18" type="stmt"/>
        <line num="56" count="1" type="stmt"/>
        <line num="57" count="1" type="stmt"/>
        <line num="60" count="18" type="stmt"/>
        <line num="64" count="18" type="stmt"/>
        <line num="65" count="18" type="stmt"/>
        <line num="73" count="18" type="stmt"/>
        <line num="83" count="18" type="stmt"/>
        <line num="87" count="18" type="stmt"/>
        <line num="91" count="18" type="stmt"/>
        <line num="96" count="18" type="stmt"/>
        <line num="97" count="18" type="cond" truecount="2" falsecount="0"/>
        <line num="101" count="37" type="cond" truecount="2" falsecount="0"/>
        <line num="103" count="18" type="stmt"/>
        <line num="109" count="18" type="stmt"/>
        <line num="113" count="18" type="stmt"/>
        <line num="118" count="19" type="stmt"/>
        <line num="120" count="1" type="cond" truecount="1" falsecount="1"/>
        <line num="126" count="0" type="stmt"/>
        <line num="127" count="0" type="stmt"/>
        <line num="128" count="1" type="stmt"/>
        <line num="130" count="1" type="stmt"/>
        <line num="131" count="1" type="cond" truecount="1" falsecount="1"/>
        <line num="136" count="0" type="stmt"/>
        <line num="137" count="0" type="stmt"/>
        <line num="138" count="1" type="stmt"/>
        <line num="140" count="1" type="stmt"/>
        <line num="147" count="0" type="stmt"/>
        <line num="148" count="0" type="stmt"/>
        <line num="149" count="1" type="stmt"/>
        <line num="151" count="19" type="stmt"/>
        <line num="158" count="4" type="stmt"/>
      </file>
    </package>
    <package name="src.components.media">
      <metrics statements="44" coveredstatements="41" conditionals="14" coveredconditionals="10" methods="25" coveredmethods="25"/>
      <file name="SourceSelector.tsx" path="C:\Users\xorex\Code\ubet-render\src\components\media\SourceSelector.tsx">
        <metrics statements="44" coveredstatements="41" conditionals="14" coveredconditionals="10" methods="25" coveredmethods="25"/>
        <line num="16" count="7" type="stmt"/>
        <line num="25" count="107" type="stmt"/>
        <line num="26" count="107" type="stmt"/>
        <line num="28" count="107" type="stmt"/>
        <line num="29" count="26" type="cond" truecount="1" falsecount="1"/>
        <line num="31" count="107" type="stmt"/>
        <line num="32" count="3" type="stmt"/>
        <line num="33" count="3" type="cond" truecount="3" falsecount="1"/>
        <line num="34" count="0" type="stmt"/>
        <line num="35" count="0" type="stmt"/>
        <line num="37" count="0" type="stmt"/>
        <line num="41" count="3" type="stmt"/>
        <line num="48" count="9" type="stmt"/>
        <line num="54" count="3" type="cond" truecount="2" falsecount="0"/>
        <line num="56" count="1" type="cond" truecount="1" falsecount="1"/>
        <line num="57" count="3" type="cond" truecount="1" falsecount="1"/>
        <line num="59" count="1" type="stmt"/>
        <line num="60" count="1" type="stmt"/>
        <line num="63" count="1" type="stmt"/>
        <line num="66" count="107" type="stmt"/>
        <line num="70" count="107" type="stmt"/>
        <line num="71" count="107" type="stmt"/>
        <line num="74" count="214" type="stmt"/>
        <line num="79" count="107" type="stmt"/>
        <line num="82" count="107" type="cond" truecount="2" falsecount="0"/>
        <line num="84" count="107" type="stmt"/>
        <line num="90" count="107" type="stmt"/>
        <line num="91" count="96" type="stmt"/>
        <line num="93" count="96" type="stmt"/>
        <line num="105" count="11" type="stmt"/>
        <line num="111" count="11" type="stmt"/>
        <line num="112" count="26" type="stmt"/>
        <line num="115" count="26" type="stmt"/>
        <line num="117" count="26" type="stmt"/>
        <line num="119" count="11" type="stmt"/>
        <line num="121" count="11" type="stmt"/>
        <line num="123" count="107" type="stmt"/>
        <line num="131" count="338" type="stmt"/>
        <line num="132" count="4" type="stmt"/>
        <line num="133" count="4" type="stmt"/>
        <line num="136" count="1" type="stmt"/>
        <line num="137" count="1" type="stmt"/>
        <line num="139" count="107" type="stmt"/>
        <line num="143" count="7" type="stmt"/>
      </file>
    </package>
    <package name="src.components.ui">
      <metrics statements="80" coveredstatements="80" conditionals="51" coveredconditionals="50" methods="53" coveredmethods="53"/>
      <file name="ConfirmDialog.tsx" path="C:\Users\xorex\Code\ubet-render\src\components\ui\ConfirmDialog.tsx">
        <metrics statements="15" coveredstatements="15" conditionals="14" coveredconditionals="13" methods="8" coveredmethods="8"/>
        <line num="16" count="113" type="stmt"/>
        <line num="17" count="120" type="cond" truecount="4" falsecount="0"/>
        <line num="18" count="9" type="stmt"/>
        <line num="19" count="111" type="cond" truecount="4" falsecount="0"/>
        <line num="20" count="3" type="stmt"/>
        <line num="24" count="113" type="stmt"/>
        <line num="25" count="120" type="stmt"/>
        <line num="26" count="9" type="cond" truecount="1" falsecount="1"/>
        <line num="28" count="9" type="stmt"/>
        <line num="29" count="9" type="stmt"/>
        <line num="34" count="9" type="stmt"/>
        <line num="36" count="9" type="cond" truecount="2" falsecount="0"/>
        <line num="42" count="9" type="stmt"/>
        <line num="44" count="9" type="cond" truecount="2" falsecount="0"/>
        <line num="54" count="8" type="stmt"/>
      </file>
      <file name="FatalScreen.tsx" path="C:\Users\xorex\Code\ubet-render\src\components\ui\FatalScreen.tsx">
        <metrics statements="6" coveredstatements="6" conditionals="6" coveredconditionals="6" methods="2" coveredmethods="2"/>
        <line num="5" count="6" type="cond" truecount="2" falsecount="0"/>
        <line num="11" count="6" type="stmt"/>
        <line num="19" count="6" type="stmt"/>
        <line num="22" count="6" type="stmt"/>
        <line num="23" count="6" type="stmt"/>
        <line num="30" count="3" type="stmt"/>
      </file>
      <file name="HardwareInfo.tsx" path="C:\Users\xorex\Code\ubet-render\src\components\ui\HardwareInfo.tsx">
        <metrics statements="28" coveredstatements="28" conditionals="4" coveredconditionals="4" methods="26" coveredmethods="26"/>
        <line num="13" count="42" type="stmt"/>
        <line num="16" count="84" type="stmt"/>
        <line num="19" count="42" type="stmt"/>
        <line num="23" count="42" type="stmt"/>
        <line num="25" count="42" type="stmt"/>
        <line num="26" count="42" type="stmt"/>
        <line num="35" count="12" type="stmt"/>
        <line num="40" count="12" type="stmt"/>
        <line num="43" count="36" type="stmt"/>
        <line num="46" count="72" type="stmt"/>
        <line num="49" count="36" type="stmt"/>
        <line num="52" count="36" type="stmt"/>
        <line num="53" count="36" type="stmt"/>
        <line num="56" count="12" type="stmt"/>
        <line num="63" count="18" type="stmt"/>
        <line num="68" count="18" type="stmt"/>
        <line num="72" count="26" type="stmt"/>
        <line num="73" count="12" type="stmt"/>
        <line num="75" count="14" type="stmt"/>
        <line num="79" count="14" type="stmt"/>
        <line num="81" count="14" type="cond" truecount="2" falsecount="0"/>
        <line num="83" count="18" type="stmt"/>
        <line num="87" count="26" type="stmt"/>
        <line num="88" count="14" type="stmt"/>
        <line num="93" count="28" type="stmt"/>
        <line num="98" count="28" type="stmt"/>
        <line num="103" count="28" type="stmt"/>
        <line num="106" count="18" type="stmt"/>
      </file>
      <file name="LogLine.tsx" path="C:\Users\xorex\Code\ubet-render\src\components\ui\LogLine.tsx">
        <metrics statements="11" coveredstatements="11" conditionals="11" coveredconditionals="11" methods="4" coveredmethods="4"/>
        <line num="2" count="24" type="stmt"/>
        <line num="3" count="24" type="stmt"/>
        <line num="8" count="24" type="cond" truecount="2" falsecount="0"/>
        <line num="13" count="6" type="stmt"/>
        <line num="14" count="18" type="cond" truecount="2" falsecount="0"/>
        <line num="15" count="17" type="cond" truecount="2" falsecount="0"/>
        <line num="16" count="15" type="cond" truecount="2" falsecount="0"/>
        <line num="17" count="13" type="stmt"/>
        <line num="20" count="24" type="stmt"/>
        <line num="21" count="24" type="stmt"/>
        <line num="22" count="24" type="stmt"/>
      </file>
      <file name="OverallProgress.tsx" path="C:\Users\xorex\Code\ubet-render\src\components\ui\OverallProgress.tsx">
        <metrics statements="12" coveredstatements="12" conditionals="8" coveredconditionals="8" methods="6" coveredmethods="6"/>
        <line num="12" count="9" type="stmt"/>
        <line num="13" count="14" type="cond" truecount="2" falsecount="0"/>
        <line num="16" count="9" type="cond" truecount="4" falsecount="0"/>
        <line num="17" count="2" type="stmt"/>
        <line num="22" count="2" type="stmt"/>
        <line num="23" count="2" type="stmt"/>
        <line num="25" count="2" type="stmt"/>
        <line num="27" count="2" type="stmt"/>
        <line num="33" count="7" type="stmt"/>
        <line num="40" count="7" type="cond" truecount="2" falsecount="0"/>
        <line num="44" count="7" type="stmt"/>
        <line num="49" count="7" type="stmt"/>
      </file>
      <file name="Skeleton.tsx" path="C:\Users\xorex\Code\ubet-render\src\components\ui\Skeleton.tsx">
        <metrics statements="4" coveredstatements="4" conditionals="6" coveredconditionals="6" methods="4" coveredmethods="4"/>
        <line num="33" count="6" type="stmt"/>
        <line num="40" count="98" type="stmt"/>
        <line num="42" count="98" type="cond" truecount="4" falsecount="0"/>
        <line num="44" count="98" type="cond" truecount="2" falsecount="0"/>
      </file>
      <file name="StatusBadge.tsx" path="C:\Users\xorex\Code\ubet-render\src\components\ui\StatusBadge.tsx">
        <metrics statements="4" coveredstatements="4" conditionals="2" coveredconditionals="2" methods="3" coveredmethods="3"/>
        <line num="4" count="5" type="stmt"/>
        <line num="16" count="28" type="stmt"/>
        <line num="18" count="28" type="cond" truecount="2" falsecount="0"/>
        <line num="20" count="28" type="stmt"/>
      </file>
    </package>
    <package name="src.context">
      <metrics statements="7" coveredstatements="7" conditionals="2" coveredconditionals="2" methods="4" coveredmethods="4"/>
      <file name="pipeline.tsx" path="C:\Users\xorex\Code\ubet-render\src\context\pipeline.tsx">
        <metrics statements="7" coveredstatements="7" conditionals="2" coveredconditionals="2" methods="4" coveredmethods="4"/>
        <line num="6" count="7" type="stmt"/>
        <line num="12" count="50" type="stmt"/>
        <line num="13" count="50" type="stmt"/>
        <line num="20" count="62" type="stmt"/>
        <line num="21" count="62" type="cond" truecount="2" falsecount="0"/>
        <line num="22" count="1" type="stmt"/>
        <line num="26" count="61" type="stmt"/>
      </file>
    </package>
    <package name="src.core">
      <metrics statements="117" coveredstatements="113" conditionals="98" coveredconditionals="95" methods="23" coveredmethods="23"/>
      <file name="buildAppConfig.ts" path="C:\Users\xorex\Code\ubet-render\src\core\buildAppConfig.ts">
        <metrics statements="1" coveredstatements="1" conditionals="12" coveredconditionals="12" methods="1" coveredmethods="1"/>
        <line num="20" count="24" type="stmt"/>
      </file>
      <file name="config.ts" path="C:\Users\xorex\Code\ubet-render\src\core\config.ts">
        <metrics statements="3" coveredstatements="3" conditionals="0" coveredconditionals="0" methods="0" coveredmethods="0"/>
        <line num="3" count="12" type="stmt"/>
        <line num="41" count="12" type="stmt"/>
        <line num="50" count="12" type="stmt"/>
      </file>
      <file name="constants.ts" path="C:\Users\xorex\Code\ubet-render\src\core\constants.ts">
        <metrics statements="2" coveredstatements="2" conditionals="0" coveredconditionals="0" methods="0" coveredmethods="0"/>
        <line num="1" count="8" type="stmt"/>
        <line num="10" count="8" type="stmt"/>
      </file>
      <file name="estimate.ts" path="C:\Users\xorex\Code\ubet-render\src\core\estimate.ts">
        <metrics statements="17" coveredstatements="17" conditionals="13" coveredconditionals="13" methods="3" coveredmethods="3"/>
        <line num="7" count="9" type="stmt"/>
        <line num="8" count="9" type="stmt"/>
        <line num="16" count="10" type="stmt"/>
        <line num="17" count="10" type="stmt"/>
        <line num="18" count="10" type="cond" truecount="2" falsecount="0"/>
        <line num="19" count="6" type="stmt"/>
        <line num="29" count="91" type="stmt"/>
        <line num="30" count="91" type="stmt"/>
        <line num="31" count="91" type="cond" truecount="2" falsecount="0"/>
        <line num="32" count="84" type="stmt"/>
        <line num="33" count="84" type="cond" truecount="3" falsecount="0"/>
        <line num="38" count="11" type="cond" truecount="4" falsecount="0"/>
        <line num="39" count="8" type="stmt"/>
        <line num="40" count="8" type="stmt"/>
        <line num="41" count="8" type="stmt"/>
        <line num="42" count="8" type="stmt"/>
        <line num="43" count="8" type="cond" truecount="2" falsecount="0"/>
      </file>
      <file name="eta.ts" path="C:\Users\xorex\Code\ubet-render\src\core\eta.ts">
        <metrics statements="14" coveredstatements="14" conditionals="12" coveredconditionals="12" methods="4" coveredmethods="4"/>
        <line num="5" count="34" type="stmt"/>
        <line num="11" count="34" type="stmt"/>
        <line num="18" count="6" type="stmt"/>
        <line num="25" count="8" type="cond" truecount="2" falsecount="0"/>
        <line num="26" count="7" type="stmt"/>
        <line num="27" count="7" type="cond" truecount="2" falsecount="0"/>
        <line num="28" count="6" type="stmt"/>
        <line num="30" count="1" type="stmt"/>
        <line num="36" count="11" type="cond" truecount="2" falsecount="0"/>
        <line num="37" count="9" type="cond" truecount="2" falsecount="0"/>
        <line num="39" count="6" type="stmt"/>
        <line num="40" count="6" type="cond" truecount="4" falsecount="0"/>
        <line num="41" count="5" type="stmt"/>
        <line num="43" count="1" type="stmt"/>
      </file>
      <file name="notify.ts" path="C:\Users\xorex\Code\ubet-render\src\core\notify.ts">
        <metrics statements="15" coveredstatements="15" conditionals="6" coveredconditionals="6" methods="2" coveredmethods="2"/>
        <line num="8" count="16" type="stmt"/>
        <line num="11" count="18" type="cond" truecount="2" falsecount="0"/>
        <line num="12" count="13" type="stmt"/>
        <line num="13" count="13" type="stmt"/>
        <line num="14" count="10" type="cond" truecount="2" falsecount="0"/>
        <line num="15" count="5" type="stmt"/>
        <line num="16" count="4" type="stmt"/>
        <line num="18" count="9" type="stmt"/>
        <line num="19" count="9" type="stmt"/>
        <line num="21" count="4" type="stmt"/>
        <line num="22" count="4" type="stmt"/>
        <line num="27" count="18" type="stmt"/>
        <line num="28" count="18" type="cond" truecount="2" falsecount="0"/>
        <line num="29" count="9" type="stmt"/>
        <line num="32" count="2" type="stmt"/>
      </file>
      <file name="persisted.ts" path="C:\Users\xorex\Code\ubet-render\src\core\persisted.ts">
        <metrics statements="48" coveredstatements="44" conditionals="49" coveredconditionals="46" methods="8" coveredmethods="8"/>
        <line num="19" count="6" type="stmt"/>
        <line num="20" count="6" type="stmt"/>
        <line num="54" count="6" type="stmt"/>
        <line num="66" count="23" type="cond" truecount="4" falsecount="0"/>
        <line num="67" count="10" type="stmt"/>
        <line num="68" count="10" type="cond" truecount="2" falsecount="0"/>
        <line num="69" count="6" type="stmt"/>
        <line num="71" count="5" type="stmt"/>
        <line num="74" count="4" type="cond" truecount="2" falsecount="0"/>
        <line num="75" count="3" type="stmt"/>
        <line num="77" count="1" type="stmt"/>
        <line num="81" count="23" type="cond" truecount="2" falsecount="0"/>
        <line num="89" count="26" type="cond" truecount="5" falsecount="0"/>
        <line num="95" count="23" type="cond" truecount="2" falsecount="0"/>
        <line num="99" count="40" type="stmt"/>
        <line num="125" count="6" type="stmt"/>
        <line num="162" count="40" type="stmt"/>
        <line num="163" count="40" type="stmt"/>
        <line num="164" count="40" type="cond" truecount="2" falsecount="0"/>
        <line num="166" count="11" type="stmt"/>
        <line num="168" count="11" type="cond" truecount="3" falsecount="1"/>
        <line num="170" count="0" type="stmt"/>
        <line num="171" count="0" type="stmt"/>
        <line num="174" count="9" type="stmt"/>
        <line num="175" count="9" type="stmt"/>
        <line num="178" count="9" type="cond" truecount="2" falsecount="0"/>
        <line num="179" count="4" type="stmt"/>
        <line num="183" count="5" type="cond" truecount="4" falsecount="0"/>
        <line num="184" count="1" type="stmt"/>
        <line num="185" count="1" type="stmt"/>
        <line num="189" count="4" type="cond" truecount="2" falsecount="0"/>
        <line num="190" count="2" type="stmt"/>
        <line num="194" count="2" type="stmt"/>
        <line num="195" count="2" type="stmt"/>
        <line num="196" count="2" type="cond" truecount="1" falsecount="1"/>
        <line num="197" count="0" type="stmt"/>
        <line num="198" count="0" type="stmt"/>
        <line num="200" count="2" type="stmt"/>
        <line num="204" count="2" type="stmt"/>
        <line num="207" count="2" type="stmt"/>
        <line num="208" count="2" type="stmt"/>
        <line num="213" count="2" type="stmt"/>
        <line num="217" count="2" type="stmt"/>
        <line num="218" count="2" type="stmt"/>
        <line num="221" count="2" type="cond" truecount="1" falsecount="1"/>
        <line num="222" count="2" type="stmt"/>
        <line num="223" count="2" type="stmt"/>
        <line num="228" count="2" type="stmt"/>
      </file>
      <file name="ringBuffer.ts" path="C:\Users\xorex\Code\ubet-render\src\core\ringBuffer.ts">
        <metrics statements="17" coveredstatements="17" conditionals="6" coveredconditionals="6" methods="5" coveredmethods="5"/>
        <line num="4" count="38" type="stmt"/>
        <line num="5" count="38" type="stmt"/>
        <line num="9" count="38" type="cond" truecount="2" falsecount="0"/>
        <line num="10" count="38" type="stmt"/>
        <line num="11" count="38" type="stmt"/>
        <line num="15" count="43" type="stmt"/>
        <line num="16" count="43" type="stmt"/>
        <line num="17" count="43" type="cond" truecount="2" falsecount="0"/>
        <line num="18" count="34" type="stmt"/>
        <line num="23" count="7" type="stmt"/>
        <line num="24" count="7" type="stmt"/>
        <line num="25" count="7" type="stmt"/>
        <line num="29" count="15" type="cond" truecount="2" falsecount="0"/>
        <line num="30" count="7" type="stmt"/>
        <line num="32" count="8" type="stmt"/>
        <line num="33" count="8" type="stmt"/>
        <line num="37" count="17" type="stmt"/>
      </file>
      <file name="types.ts" path="C:\Users\xorex\Code\ubet-render\src\core\types.ts">
        <metrics statements="0" coveredstatements="0" conditionals="0" coveredconditionals="0" methods="0" coveredmethods="0"/>
      </file>
    </package>
    <package name="src.hooks">
      <metrics statements="349" coveredstatements="269" conditionals="192" coveredconditionals="126" methods="82" coveredmethods="72"/>
      <file name="useDragDrop.ts" path="C:\Users\xorex\Code\ubet-render\src\hooks\useDragDrop.ts">
        <metrics statements="80" coveredstatements="50" conditionals="52" coveredconditionals="21" methods="12" coveredmethods="10"/>
        <line num="14" count="5" type="stmt"/>
        <line num="15" count="5" type="cond" truecount="2" falsecount="0"/>
        <line num="16" count="2" type="cond" truecount="2" falsecount="0"/>
        <line num="17" count="1" type="cond" truecount="1" falsecount="1"/>
        <line num="18" count="0" type="stmt"/>
        <line num="26" count="3" type="stmt"/>
        <line num="27" count="12" type="stmt"/>
        <line num="36" count="35" type="stmt"/>
        <line num="37" count="35" type="stmt"/>
        <line num="44" count="35" type="stmt"/>
        <line num="45" count="2" type="stmt"/>
        <line num="46" count="2" type="cond" truecount="2" falsecount="0"/>
        <line num="47" count="1" type="stmt"/>
        <line num="49" count="1" type="stmt"/>
        <line num="50" count="1" type="stmt"/>
        <line num="53" count="35" type="stmt"/>
        <line num="55" count="0" type="stmt"/>
        <line num="56" count="0" type="cond" truecount="0" falsecount="2"/>
        <line num="59" count="35" type="stmt"/>
        <line num="60" count="6" type="stmt"/>
        <line num="61" count="6" type="stmt"/>
        <line num="62" count="6" type="cond" truecount="2" falsecount="0"/>
        <line num="64" count="5" type="stmt"/>
        <line num="65" count="5" type="cond" truecount="2" falsecount="0"/>
        <line num="69" count="4" type="stmt"/>
        <line num="72" count="6" type="cond" truecount="1" falsecount="1"/>
        <line num="76" count="4" type="stmt"/>
        <line num="78" count="4" type="cond" truecount="2" falsecount="0"/>
        <line num="79" count="2" type="stmt"/>
        <line num="80" count="2" type="cond" truecount="1" falsecount="1"/>
        <line num="81" count="2" type="stmt"/>
        <line num="83" count="2" type="cond" truecount="2" falsecount="0"/>
        <line num="84" count="1" type="stmt"/>
        <line num="85" count="1" type="cond" truecount="1" falsecount="1"/>
        <line num="86" count="1" type="stmt"/>
        <line num="88" count="1" type="cond" truecount="1" falsecount="1"/>
        <line num="89" count="1" type="stmt"/>
        <line num="98" count="35" type="stmt"/>
        <line num="100" count="35" type="stmt"/>
        <line num="101" count="35" type="stmt"/>
        <line num="102" count="35" type="stmt"/>
        <line num="105" count="35" type="stmt"/>
        <line num="106" count="35" type="stmt"/>
        <line num="107" count="35" type="stmt"/>
        <line num="108" count="0" type="stmt"/>
        <line num="109" count="0" type="cond" truecount="0" falsecount="4"/>
        <line num="110" count="0" type="cond" truecount="0" falsecount="2"/>
        <line num="111" count="0" type="stmt"/>
        <line num="112" count="0" type="stmt"/>
        <line num="113" count="0" type="stmt"/>
        <line num="114" count="0" type="cond" truecount="0" falsecount="2"/>
        <line num="115" count="0" type="stmt"/>
        <line num="116" count="0" type="cond" truecount="0" falsecount="2"/>
        <line num="117" count="0" type="stmt"/>
        <line num="118" count="0" type="stmt"/>
        <line num="119" count="0" type="cond" truecount="0" falsecount="2"/>
        <line num="121" count="0" type="cond" truecount="0" falsecount="2"/>
        <line num="122" count="0" type="stmt"/>
        <line num="123" count="0" type="stmt"/>
        <line num="124" count="0" type="stmt"/>
        <line num="126" count="0" type="cond" truecount="0" falsecount="2"/>
        <line num="127" count="0" type="stmt"/>
        <line num="128" count="0" type="cond" truecount="0" falsecount="2"/>
        <line num="129" count="0" type="stmt"/>
        <line num="131" count="0" type="cond" truecount="0" falsecount="2"/>
        <line num="132" count="0" type="stmt"/>
        <line num="133" count="0" type="cond" truecount="0" falsecount="2"/>
        <line num="134" count="0" type="stmt"/>
        <line num="136" count="0" type="cond" truecount="0" falsecount="2"/>
        <line num="137" count="0" type="stmt"/>
        <line num="141" count="0" type="stmt"/>
        <line num="145" count="10" type="stmt"/>
        <line num="152" count="35" type="stmt"/>
        <line num="154" count="29" type="cond" truecount="2" falsecount="0"/>
        <line num="155" count="19" type="stmt"/>
        <line num="156" count="19" type="stmt"/>
        <line num="163" count="29" type="stmt"/>
        <line num="164" count="29" type="stmt"/>
        <line num="165" count="29" type="stmt"/>
        <line num="168" count="35" type="stmt"/>
      </file>
      <file name="useHardware.ts" path="C:\Users\xorex\Code\ubet-render\src\hooks\useHardware.ts">
        <metrics statements="28" coveredstatements="27" conditionals="44" coveredconditionals="39" methods="5" coveredmethods="5"/>
        <line num="15" count="33" type="stmt"/>
        <line num="19" count="33" type="stmt"/>
        <line num="23" count="33" type="stmt"/>
        <line num="25" count="33" type="stmt"/>
        <line num="32" count="32" type="stmt"/>
        <line num="39" count="32" type="cond" truecount="4" falsecount="0"/>
        <line num="40" count="1" type="stmt"/>
        <line num="44" count="17" type="cond" truecount="1" falsecount="1"/>
        <line num="45" count="17" type="stmt"/>
        <line num="47" count="17" type="stmt"/>
        <line num="56" count="33" type="stmt"/>
        <line num="57" count="25" type="cond" truecount="2" falsecount="0"/>
        <line num="58" count="25" type="cond" truecount="3" falsecount="1"/>
        <line num="60" count="6" type="cond" truecount="2" falsecount="0"/>
        <line num="61" count="5" type="cond" truecount="4" falsecount="0"/>
        <line num="62" count="4" type="cond" truecount="3" falsecount="1"/>
        <line num="63" count="4" type="stmt"/>
        <line num="65" count="5" type="cond" truecount="2" falsecount="0"/>
        <line num="66" count="4" type="cond" truecount="4" falsecount="0"/>
        <line num="67" count="3" type="cond" truecount="3" falsecount="1"/>
        <line num="68" count="3" type="stmt"/>
        <line num="70" count="14" type="cond" truecount="2" falsecount="0"/>
        <line num="71" count="13" type="cond" truecount="2" falsecount="0"/>
        <line num="72" count="4" type="cond" truecount="4" falsecount="0"/>
        <line num="73" count="3" type="cond" truecount="3" falsecount="1"/>
        <line num="74" count="3" type="stmt"/>
        <line num="76" count="0" type="stmt"/>
        <line num="80" count="33" type="stmt"/>
      </file>
      <file name="usePersistedConfig.ts" path="C:\Users\xorex\Code\ubet-render\src\hooks\usePersistedConfig.ts">
        <metrics statements="45" coveredstatements="42" conditionals="10" coveredconditionals="6" methods="34" coveredmethods="33"/>
        <line num="30" count="31" type="stmt"/>
        <line num="35" count="31" type="stmt"/>
        <line num="57" count="31" type="stmt"/>
        <line num="58" count="31" type="stmt"/>
        <line num="59" count="84" type="stmt"/>
        <line num="79" count="84" type="cond" truecount="1" falsecount="1"/>
        <line num="80" count="84" type="stmt"/>
        <line num="81" count="0" type="stmt"/>
        <line num="82" count="0" type="stmt"/>
        <line num="83" count="0" type="stmt"/>
        <line num="88" count="84" type="stmt"/>
        <line num="89" count="72" type="cond" truecount="1" falsecount="1"/>
        <line num="90" count="72" type="stmt"/>
        <line num="91" count="72" type="stmt"/>
        <line num="96" count="31" type="stmt"/>
        <line num="98" count="152" type="stmt"/>
        <line num="99" count="51" type="stmt"/>
        <line num="100" count="111" type="stmt"/>
        <line num="101" count="79" type="stmt"/>
        <line num="102" count="157" type="stmt"/>
        <line num="103" count="18" type="stmt"/>
        <line num="104" count="80" type="stmt"/>
        <line num="105" count="85" type="stmt"/>
        <line num="106" count="79" type="stmt"/>
        <line num="107" count="52" type="stmt"/>
        <line num="108" count="2" type="stmt"/>
        <line num="109" count="132" type="stmt"/>
        <line num="110" count="92" type="stmt"/>
        <line num="111" count="80" type="stmt"/>
        <line num="112" count="30" type="stmt"/>
        <line num="115" count="6" type="stmt"/>
        <line num="116" count="6" type="stmt"/>
        <line num="117" count="7" type="stmt"/>
        <line num="118" count="1" type="stmt"/>
        <line num="119" count="4" type="stmt"/>
        <line num="120" count="1" type="stmt"/>
        <line num="121" count="1" type="stmt"/>
        <line num="122" count="4" type="cond" truecount="2" falsecount="0"/>
        <line num="123" count="1" type="cond" truecount="1" falsecount="1"/>
        <line num="124" count="1" type="stmt"/>
        <line num="125" count="1" type="cond" truecount="1" falsecount="1"/>
        <line num="126" count="18" type="stmt"/>
        <line num="127" count="2" type="stmt"/>
        <line num="128" count="1" type="stmt"/>
        <line num="129" count="1" type="stmt"/>
      </file>
      <file name="usePipeline.ts" path="C:\Users\xorex\Code\ubet-render\src\hooks\usePipeline.ts">
        <metrics statements="196" coveredstatements="150" conditionals="86" coveredconditionals="60" methods="31" coveredmethods="24"/>
        <line num="19" count="4" type="stmt"/>
        <line num="20" count="4" type="stmt"/>
        <line num="23" count="25" type="stmt"/>
        <line num="27" count="25" type="stmt"/>
        <line num="28" count="25" type="stmt"/>
        <line num="29" count="25" type="stmt"/>
        <line num="30" count="25" type="stmt"/>
        <line num="32" count="0" type="stmt"/>
        <line num="36" count="0" type="stmt"/>
        <line num="37" count="0" type="stmt"/>
        <line num="38" count="0" type="cond" truecount="0" falsecount="2"/>
        <line num="39" count="0" type="cond" truecount="0" falsecount="2"/>
        <line num="40" count="0" type="stmt"/>
        <line num="45" count="25" type="stmt"/>
        <line num="46" count="25" type="stmt"/>
        <line num="52" count="0" type="stmt"/>
        <line num="53" count="0" type="stmt"/>
        <line num="56" count="25" type="stmt"/>
        <line num="57" count="25" type="stmt"/>
        <line num="58" count="25" type="stmt"/>
        <line num="59" count="25" type="stmt"/>
        <line num="60" count="25" type="stmt"/>
        <line num="61" count="25" type="stmt"/>
        <line num="62" count="25" type="stmt"/>
        <line num="68" count="25" type="stmt"/>
        <line num="69" count="25" type="stmt"/>
        <line num="70" count="25" type="stmt"/>
        <line num="71" count="25" type="stmt"/>
        <line num="73" count="25" type="stmt"/>
        <line num="74" count="25" type="stmt"/>
        <line num="76" count="25" type="stmt"/>
        <line num="78" count="25" type="stmt"/>
        <line num="79" count="25" type="stmt"/>
        <line num="80" count="4" type="stmt"/>
        <line num="81" count="4" type="stmt"/>
        <line num="82" count="4" type="cond" truecount="3" falsecount="1"/>
        <line num="83" count="4" type="stmt"/>
        <line num="84" count="4" type="stmt"/>
        <line num="88" count="25" type="stmt"/>
        <line num="89" count="27" type="cond" truecount="4" falsecount="0"/>
        <line num="90" count="5" type="stmt"/>
        <line num="91" count="5" type="stmt"/>
        <line num="92" count="5" type="stmt"/>
        <line num="96" count="25" type="stmt"/>
        <line num="97" count="5" type="stmt"/>
        <line num="98" count="5" type="stmt"/>
        <line num="99" count="5" type="stmt"/>
        <line num="100" count="5" type="cond" truecount="1" falsecount="1"/>
        <line num="101" count="5" type="stmt"/>
        <line num="102" count="5" type="stmt"/>
        <line num="103" count="5" type="stmt"/>
        <line num="104" count="5" type="stmt"/>
        <line num="105" count="5" type="stmt"/>
        <line num="106" count="5" type="stmt"/>
        <line num="107" count="5" type="stmt"/>
        <line num="109" count="0" type="stmt"/>
        <line num="110" count="0" type="stmt"/>
        <line num="112" count="5" type="stmt"/>
        <line num="115" count="25" type="stmt"/>
        <line num="116" count="1" type="stmt"/>
        <line num="117" count="1" type="stmt"/>
        <line num="118" count="1" type="stmt"/>
        <line num="119" count="2" type="stmt"/>
        <line num="123" count="1" type="cond" truecount="1" falsecount="1"/>
        <line num="126" count="1" type="stmt"/>
        <line num="128" count="1" type="stmt"/>
        <line num="129" count="1" type="cond" truecount="3" falsecount="1"/>
        <line num="130" count="1" type="stmt"/>
        <line num="131" count="1" type="stmt"/>
        <line num="132" count="1" type="stmt"/>
        <line num="133" count="0" type="cond" truecount="0" falsecount="2"/>
        <line num="134" count="0" type="stmt"/>
        <line num="138" count="25" type="stmt"/>
        <line num="139" count="1" type="stmt"/>
        <line num="140" count="1" type="stmt"/>
        <line num="141" count="1" type="stmt"/>
        <line num="142" count="1" type="cond" truecount="1" falsecount="1"/>
        <line num="143" count="1" type="stmt"/>
        <line num="144" count="1" type="stmt"/>
        <line num="150" count="25" type="stmt"/>
        <line num="151" count="1" type="stmt"/>
        <line num="152" count="1" type="stmt"/>
        <line num="153" count="1" type="stmt"/>
        <line num="154" count="1" type="stmt"/>
        <line num="155" count="1" type="stmt"/>
        <line num="158" count="25" type="stmt"/>
        <line num="159" count="1" type="stmt"/>
        <line num="160" count="1" type="stmt"/>
        <line num="161" count="1" type="stmt"/>
        <line num="162" count="1" type="stmt"/>
        <line num="163" count="1" type="stmt"/>
        <line num="166" count="25" type="stmt"/>
        <line num="167" count="1" type="stmt"/>
        <line num="168" count="1" type="stmt"/>
        <line num="169" count="1" type="stmt"/>
        <line num="170" count="1" type="stmt"/>
        <line num="171" count="1" type="stmt"/>
        <line num="172" count="1" type="stmt"/>
        <line num="175" count="25" type="cond" truecount="1" falsecount="0"/>
        <line num="176" count="6" type="cond" truecount="5" falsecount="0"/>
        <line num="178" count="5" type="cond" truecount="1" falsecount="1"/>
        <line num="179" count="0" type="stmt"/>
        <line num="182" count="0" type="stmt"/>
        <line num="185" count="5" type="stmt"/>
        <line num="190" count="5" type="stmt"/>
        <line num="191" count="5" type="stmt"/>
        <line num="192" count="5" type="stmt"/>
        <line num="194" count="5" type="stmt"/>
        <line num="195" count="5" type="stmt"/>
        <line num="198" count="7" type="stmt"/>
        <line num="199" count="7" type="cond" truecount="7" falsecount="0"/>
        <line num="201" count="1" type="stmt"/>
        <line num="204" count="1" type="stmt"/>
        <line num="206" count="1" type="stmt"/>
        <line num="207" count="1" type="stmt"/>
        <line num="209" count="1" type="stmt"/>
        <line num="210" count="1" type="stmt"/>
        <line num="212" count="1" type="stmt"/>
        <line num="213" count="1" type="stmt"/>
        <line num="215" count="1" type="stmt"/>
        <line num="216" count="1" type="stmt"/>
        <line num="218" count="1" type="stmt"/>
        <line num="219" count="1" type="stmt"/>
        <line num="221" count="1" type="stmt"/>
        <line num="222" count="1" type="stmt"/>
        <line num="227" count="5" type="stmt"/>
        <line num="229" count="5" type="stmt"/>
        <line num="247" count="6" type="stmt"/>
        <line num="253" count="0" type="stmt"/>
        <line num="254" count="0" type="stmt"/>
        <line num="255" count="0" type="stmt"/>
        <line num="256" count="0" type="stmt"/>
        <line num="257" count="0" type="stmt"/>
        <line num="261" count="25" type="stmt"/>
        <line num="262" count="0" type="cond" truecount="0" falsecount="2"/>
        <line num="263" count="0" type="stmt"/>
        <line num="264" count="0" type="stmt"/>
        <line num="265" count="0" type="cond" truecount="0" falsecount="2"/>
        <line num="266" count="0" type="stmt"/>
        <line num="267" count="0" type="stmt"/>
        <line num="268" count="0" type="stmt"/>
        <line num="271" count="0" type="stmt"/>
        <line num="272" count="0" type="stmt"/>
        <line num="277" count="0" type="stmt"/>
        <line num="278" count="0" type="stmt"/>
        <line num="282" count="25" type="stmt"/>
        <line num="283" count="0" type="stmt"/>
        <line num="284" count="0" type="stmt"/>
        <line num="286" count="0" type="stmt"/>
        <line num="287" count="0" type="stmt"/>
        <line num="292" count="0" type="stmt"/>
        <line num="296" count="25" type="stmt"/>
        <line num="297" count="0" type="stmt"/>
        <line num="298" count="0" type="stmt"/>
        <line num="299" count="0" type="stmt"/>
        <line num="300" count="0" type="stmt"/>
        <line num="302" count="0" type="stmt"/>
        <line num="303" count="0" type="stmt"/>
        <line num="304" count="0" type="stmt"/>
        <line num="308" count="25" type="stmt"/>
        <line num="309" count="124" type="stmt"/>
        <line num="310" count="124" type="stmt"/>
        <line num="317" count="25" type="stmt"/>
        <line num="318" count="23" type="stmt"/>
        <line num="319" count="23" type="stmt"/>
        <line num="326" count="25" type="stmt"/>
        <line num="328" count="25" type="stmt"/>
        <line num="329" count="84" type="cond" truecount="3" falsecount="0"/>
        <line num="331" count="62" type="stmt"/>
        <line num="333" count="25" type="stmt"/>
        <line num="334" count="84" type="stmt"/>
        <line num="335" count="84" type="cond" truecount="4" falsecount="0"/>
        <line num="336" count="7" type="cond" truecount="3" falsecount="1"/>
        <line num="337" count="7" type="stmt"/>
        <line num="340" count="25" type="stmt"/>
        <line num="341" count="65" type="stmt"/>
        <line num="342" count="65" type="cond" truecount="2" falsecount="0"/>
        <line num="343" count="40" type="cond" truecount="2" falsecount="0"/>
        <line num="344" count="16" type="cond" truecount="2" falsecount="0"/>
        <line num="345" count="11" type="cond" truecount="2" falsecount="0"/>
        <line num="346" count="6" type="cond" truecount="3" falsecount="1"/>
        <line num="347" count="0" type="stmt"/>
        <line num="348" count="6" type="cond" truecount="1" falsecount="1"/>
        <line num="349" count="6" type="stmt"/>
        <line num="355" count="25" type="stmt"/>
        <line num="356" count="57" type="stmt"/>
        <line num="367" count="57" type="stmt"/>
        <line num="369" count="57" type="stmt"/>
        <line num="370" count="0" type="stmt"/>
        <line num="371" count="0" type="stmt"/>
        <line num="375" count="0" type="stmt"/>
        <line num="379" count="57" type="stmt"/>
        <line num="382" count="25" type="stmt"/>
        <line num="383" count="19" type="stmt"/>
        <line num="388" count="25" type="stmt"/>
        <line num="397" count="37" type="cond" truecount="2" falsecount="0"/>
      </file>
    </package>
  </project>
</coverage>
