{
  "C:\\Users\\xorex\\Code\\ubet-render\\src\\App.tsx": {
    "path": "C:\\Users\\xorex\\Code\\ubet-render\\src\\App.tsx",
    "statementMap": {
      "0": {
        "start": { "line": 46, "column": 19 },
        "end": { "line": 46, "column": 31 }
      },
      "1": {
        "start": { "line": 47, "column": 2 },
        "end": { "line": 49, "column": null }
      },
      "2": {
        "start": { "line": 48, "column": 37 },
        "end": { "line": 49, "column": 31 }
      },
      "3": {
        "start": { "line": 60, "column": 23 },
        "end": { "line": 60, "column": null }
      },
      "4": {
        "start": { "line": 61, "column": 36 },
        "end": { "line": 61, "column": null }
      },
      "5": {
        "start": { "line": 62, "column": 20 },
        "end": { "line": 62, "column": 37 }
      },
      "6": {
        "start": { "line": 64, "column": 8 },
        "end": { "line": 65, "column": null }
      },
      "7": {
        "start": { "line": 65, "column": 4 },
        "end": { "line": 65, "column": null }
      },
      "8": {
        "start": { "line": 68, "column": 2 },
        "end": { "line": 116, "column": null }
      },
      "9": {
        "start": { "line": 71, "column": 23 },
        "end": { "line": 71, "column": null }
      },
      "10": {
        "start": { "line": 72, "column": 4 },
        "end": { "line": 74, "column": null }
      },
      "11": {
        "start": { "line": 73, "column": 6 },
        "end": { "line": 73, "column": null }
      },
      "12": {
        "start": { "line": 76, "column": 10 },
        "end": { "line": 112, "column": null }
      },
      "13": {
        "start": { "line": 77, "column": 18 },
        "end": { "line": 77, "column": null }
      },
      "14": {
        "start": { "line": 80, "column": 6 },
        "end": { "line": 84, "column": null }
      },
      "15": {
        "start": { "line": 81, "column": 8 },
        "end": { "line": 81, "column": null }
      },
      "16": {
        "start": { "line": 82, "column": 8 },
        "end": { "line": 82, "column": null }
      },
      "17": {
        "start": { "line": 83, "column": 8 },
        "end": { "line": 83, "column": null }
      },
      "18": {
        "start": { "line": 87, "column": 6 },
        "end": { "line": 92, "column": null }
      },
      "19": {
        "start": { "line": 88, "column": 8 },
        "end": { "line": 88, "column": null }
      },
      "20": {
        "start": { "line": 89, "column": 8 },
        "end": { "line": 89, "column": null }
      },
      "21": {
        "start": { "line": 90, "column": 8 },
        "end": { "line": 90, "column": null }
      },
      "22": {
        "start": { "line": 91, "column": 8 },
        "end": { "line": 91, "column": null }
      },
      "23": {
        "start": { "line": 95, "column": 6 },
        "end": { "line": 99, "column": null }
      },
      "24": {
        "start": { "line": 96, "column": 8 },
        "end": { "line": 96, "column": null }
      },
      "25": {
        "start": { "line": 97, "column": 8 },
        "end": { "line": 97, "column": null }
      },
      "26": {
        "start": { "line": 98, "column": 8 },
        "end": { "line": 98, "column": null }
      },
      "27": {
        "start": { "line": 102, "column": 6 },
        "end": { "line": 106, "column": null }
      },
      "28": {
        "start": { "line": 103, "column": 8 },
        "end": { "line": 103, "column": null }
      },
      "29": {
        "start": { "line": 104, "column": 8 },
        "end": { "line": 104, "column": null }
      },
      "30": {
        "start": { "line": 105, "column": 8 },
        "end": { "line": 105, "column": null }
      },
      "31": {
        "start": { "line": 107, "column": 6 },
        "end": { "line": 111, "column": null }
      },
      "32": {
        "start": { "line": 108, "column": 8 },
        "end": { "line": 108, "column": null }
      },
      "33": {
        "start": { "line": 109, "column": 8 },
        "end": { "line": 109, "column": null }
      },
      "34": {
        "start": { "line": 110, "column": 8 },
        "end": { "line": 110, "column": null }
      },
      "35": {
        "start": { "line": 114, "column": 4 },
        "end": { "line": 114, "column": null }
      },
      "36": {
        "start": { "line": 115, "column": 4 },
        "end": { "line": 115, "column": null }
      },
      "37": {
        "start": { "line": 115, "column": 20 },
        "end": { "line": 115, "column": 72 }
      },
      "38": {
        "start": { "line": 119, "column": 2 },
        "end": { "line": 143, "column": null }
      },
      "39": {
        "start": { "line": 120, "column": 16 },
        "end": { "line": 120, "column": null }
      },
      "40": {
        "start": { "line": 121, "column": 17 },
        "end": { "line": 121, "column": null }
      },
      "41": {
        "start": { "line": 122, "column": 22 },
        "end": { "line": 122, "column": null }
      },
      "42": {
        "start": { "line": 122, "column": 39 },
        "end": { "line": 122, "column": 58 }
      },
      "43": {
        "start": { "line": 124, "column": 4 },
        "end": { "line": 142, "column": null }
      },
      "44": {
        "start": { "line": 125, "column": 6 },
        "end": { "line": 127, "column": null }
      },
      "45": {
        "start": { "line": 128, "column": 11 },
        "end": { "line": 142, "column": null }
      },
      "46": {
        "start": { "line": 129, "column": 6 },
        "end": { "line": 134, "column": null }
      },
      "47": {
        "start": { "line": 135, "column": 11 },
        "end": { "line": 142, "column": null }
      },
      "48": {
        "start": { "line": 137, "column": 6 },
        "end": { "line": 137, "column": null }
      },
      "49": {
        "start": { "line": 139, "column": 6 },
        "end": { "line": 141, "column": null }
      },
      "50": {
        "start": { "line": 145, "column": 2 },
        "end": { "line": 206, "column": null }
      },
      "51": {
        "start": { "line": 145, "column": 2 },
        "end": { "line": 145, "column": null }
      },
      "52": {
        "start": { "line": 145, "column": 2 },
        "end": { "line": 148, "column": null }
      },
      "53": {
        "start": { "line": 148, "column": 15 },
        "end": { "line": 154, "column": null }
      },
      "54": {
        "start": { "line": 154, "column": 29 },
        "end": { "line": 190, "column": 13 }
      },
      "55": {
        "start": { "line": 170, "column": 14 },
        "end": { "line": 189, "column": null }
      },
      "56": {
        "start": { "line": 171, "column": 16 },
        "end": { "line": 171, "column": null }
      },
      "57": {
        "start": { "line": 172, "column": 16 },
        "end": { "line": 174, "column": null }
      },
      "58": {
        "start": { "line": 173, "column": 18 },
        "end": { "line": 173, "column": null }
      },
      "59": {
        "start": { "line": 183, "column": 16 },
        "end": { "line": 188, "column": null }
      },
      "60": {
        "start": { "line": 184, "column": 29 },
        "end": { "line": 186, "column": null }
      },
      "61": {
        "start": { "line": 187, "column": 18 },
        "end": { "line": 187, "column": null }
      },
      "62": {
        "start": { "line": 190, "column": 13 },
        "end": { "line": 197, "column": 53 }
      },
      "63": {
        "start": { "line": 197, "column": 29 },
        "end": { "line": 197, "column": 53 }
      },
      "64": {
        "start": { "line": 197, "column": 53 },
        "end": { "line": 199, "column": null }
      },
      "65": {
        "start": { "line": 199, "column": 65 },
        "end": { "line": 207, "column": 53 }
      },
      "66": {
        "start": { "line": 207, "column": 29 },
        "end": { "line": 207, "column": 53 }
      },
      "67": {
        "start": { "line": 207, "column": 53 },
        "end": { "line": 209, "column": null }
      },
      "68": {
        "start": { "line": 209, "column": 63 },
        "end": { "line": 213, "column": null }
      },
      "69": {
        "start": { "line": 211, "column": 24 },
        "end": { "line": 211, "column": 52 }
      },
      "70": {
        "start": { "line": 211, "column": 52 },
        "end": { "line": 211, "column": null }
      },
      "71": {
        "start": { "line": 211, "column": 52 },
        "end": { "line": 213, "column": null }
      },
      "72": {
        "start": { "line": 213, "column": 19 },
        "end": { "line": 213, "column": 41 }
      },
      "73": {
        "start": { "line": 213, "column": 41 },
        "end": { "line": 213, "column": null }
      },
      "74": {
        "start": { "line": 213, "column": 41 },
        "end": { "line": 223, "column": null }
      },
      "75": {
        "start": { "line": 221, "column": 20 },
        "end": { "line": 221, "column": 39 }
      },
      "76": {
        "start": { "line": 221, "column": 39 },
        "end": { "line": 221, "column": null }
      },
      "77": {
        "start": { "line": 221, "column": 39 },
        "end": { "line": 223, "column": null }
      },
      "78": {
        "start": { "line": 223, "column": 57 },
        "end": { "line": 223, "column": null }
      },
      "79": {
        "start": { "line": 223, "column": 57 },
        "end": { "line": 230, "column": null }
      },
      "80": {
        "start": { "line": 228, "column": 16 },
        "end": { "line": 228, "column": 36 }
      },
      "81": {
        "start": { "line": 229, "column": 20 },
        "end": { "line": 230, "column": null }
      },
      "82": {
        "start": { "line": 230, "column": 24 },
        "end": { "line": 230, "column": 44 }
      },
      "83": {
        "start": { "line": 230, "column": 44 },
        "end": { "line": 230, "column": null }
      },
      "84": {
        "start": { "line": 230, "column": 44 },
        "end": { "line": 294, "column": null }
      },
      "85": {
        "start": { "line": 246, "column": 18 },
        "end": { "line": 246, "column": 46 }
      },
      "86": {
        "start": { "line": 246, "column": 46 },
        "end": { "line": 246, "column": null }
      },
      "87": {
        "start": { "line": 246, "column": 46 },
        "end": { "line": 261, "column": 63 }
      },
      "88": {
        "start": { "line": 261, "column": 39 },
        "end": { "line": 261, "column": 63 }
      },
      "89": {
        "start": { "line": 261, "column": 63 },
        "end": { "line": 263, "column": null }
      },
      "90": {
        "start": { "line": 263, "column": 66 },
        "end": { "line": 268, "column": null }
      },
      "91": {
        "start": { "line": 268, "column": 31 },
        "end": { "line": 270, "column": null }
      },
      "92": {
        "start": { "line": 270, "column": 33 },
        "end": { "line": 282, "column": null }
      },
      "93": {
        "start": { "line": 275, "column": 29 },
        "end": { "line": 275, "column": 49 }
      },
      "94": {
        "start": { "line": 276, "column": 28 },
        "end": { "line": 276, "column": 47 }
      },
      "95": {
        "start": { "line": 277, "column": 29 },
        "end": { "line": 277, "column": 51 }
      },
      "96": {
        "start": { "line": 278, "column": 30 },
        "end": { "line": 278, "column": 53 }
      },
      "97": {
        "start": { "line": 279, "column": 30 },
        "end": { "line": 279, "column": 53 }
      },
      "98": {
        "start": { "line": 280, "column": 29 },
        "end": { "line": 280, "column": 51 }
      },
      "99": {
        "start": { "line": 281, "column": 30 },
        "end": { "line": 281, "column": 51 }
      },
      "100": {
        "start": { "line": 282, "column": 36 },
        "end": { "line": 282, "column": 63 }
      },
      "101": {
        "start": { "line": 282, "column": 63 },
        "end": { "line": 285, "column": null }
      },
      "102": {
        "start": { "line": 285, "column": 38 },
        "end": { "line": 285, "column": 63 }
      },
      "103": {
        "start": { "line": 285, "column": 63 },
        "end": { "line": 294, "column": null }
      },
      "104": {
        "start": { "line": 288, "column": 26 },
        "end": { "line": 289, "column": 76 }
      },
      "105": {
        "start": { "line": 289, "column": 76 },
        "end": { "line": 294, "column": null }
      },
      "106": {
        "start": { "line": 293, "column": 29 },
        "end": { "line": 293, "column": 57 }
      },
      "107": {
        "start": { "line": 294, "column": 27 },
        "end": { "line": 294, "column": 50 }
      },
      "108": {
        "start": { "line": 294, "column": 50 },
        "end": { "line": 294, "column": null }
      },
      "109": {
        "start": { "line": 294, "column": 50 },
        "end": { "line": 348, "column": null }
      },
      "110": {
        "start": { "line": 305, "column": 18 },
        "end": { "line": 305, "column": 46 }
      },
      "111": {
        "start": { "line": 305, "column": 46 },
        "end": { "line": 305, "column": null }
      },
      "112": {
        "start": { "line": 305, "column": 46 },
        "end": { "line": 315, "column": 57 }
      },
      "113": {
        "start": { "line": 315, "column": 33 },
        "end": { "line": 315, "column": 57 }
      },
      "114": {
        "start": { "line": 315, "column": 57 },
        "end": { "line": 317, "column": null }
      },
      "115": {
        "start": { "line": 317, "column": 66 },
        "end": { "line": 331, "column": null }
      },
      "116": {
        "start": { "line": 331, "column": 30 },
        "end": { "line": 336, "column": null }
      },
      "117": {
        "start": { "line": 336, "column": 23 },
        "end": { "line": 336, "column": 45 }
      },
      "118": {
        "start": { "line": 336, "column": 45 },
        "end": { "line": 342, "column": null }
      },
      "119": {
        "start": { "line": 341, "column": 26 },
        "end": { "line": 341, "column": 43 }
      },
      "120": {
        "start": { "line": 342, "column": 29 },
        "end": { "line": 342, "column": 61 }
      },
      "121": {
        "start": { "line": 342, "column": 61 },
        "end": { "line": 348, "column": null }
      },
      "122": {
        "start": { "line": 348, "column": 31 },
        "end": { "line": 348, "column": 48 }
      },
      "123": {
        "start": { "line": 348, "column": 48 },
        "end": { "line": 348, "column": null }
      },
      "124": {
        "start": { "line": 348, "column": 48 },
        "end": { "line": 206, "column": null }
      },
      "125": {
        "start": { "line": 194, "column": 29 },
        "end": { "line": 194, "column": 55 }
      },
      "126": {
        "start": { "line": 195, "column": 24 },
        "end": { "line": 195, "column": 59 }
      },
      "127": {
        "start": { "line": 196, "column": 21 },
        "end": { "line": 196, "column": 41 }
      },
      "128": {
        "start": { "line": 204, "column": 29 },
        "end": { "line": 204, "column": 55 }
      },
      "129": {
        "start": { "line": 205, "column": 24 },
        "end": { "line": 205, "column": 59 }
      },
      "130": {
        "start": { "line": 206, "column": 21 },
        "end": { "line": 206, "column": 41 }
      },
      "131": {
        "start": { "line": 206, "column": 41 },
        "end": { "line": 206, "column": null }
      },
      "132": {
        "start": { "line": 359, "column": 2 },
        "end": { "line": 370, "column": null }
      },
      "133": {
        "start": { "line": 361, "column": 27 },
        "end": { "line": 361, "column": 73 }
      },
      "134": {
        "start": { "line": 361, "column": 73 },
        "end": { "line": 370, "column": null }
      },
      "135": {
        "start": { "line": 364, "column": 18 },
        "end": { "line": 364, "column": 56 }
      },
      "136": {
        "start": { "line": 382, "column": 30 },
        "end": { "line": 382, "column": null }
      },
      "137": {
        "start": { "line": 386, "column": 2 },
        "end": { "line": 395, "column": null }
      },
      "138": {
        "start": { "line": 387, "column": 10 },
        "end": { "line": 392, "column": null }
      },
      "139": {
        "start": { "line": 388, "column": 6 },
        "end": { "line": 391, "column": null }
      },
      "140": {
        "start": { "line": 389, "column": 8 },
        "end": { "line": 389, "column": null }
      },
      "141": {
        "start": { "line": 390, "column": 8 },
        "end": { "line": 390, "column": null }
      },
      "142": {
        "start": { "line": 390, "column": 28 },
        "end": { "line": 390, "column": 33 }
      },
      "143": {
        "start": { "line": 393, "column": 4 },
        "end": { "line": 393, "column": null }
      },
      "144": {
        "start": { "line": 394, "column": 4 },
        "end": { "line": 394, "column": null }
      },
      "145": {
        "start": { "line": 394, "column": 20 },
        "end": { "line": 394, "column": 66 }
      },
      "146": {
        "start": { "line": 396, "column": 2 },
        "end": { "line": 396, "column": null }
      },
      "147": {
        "start": { "line": 396, "column": 32 },
        "end": { "line": 396, "column": 42 }
      },
      "148": {
        "start": { "line": 396, "column": 59 },
        "end": { "line": 396, "column": 75 }
      },
      "149": {
        "start": { "line": 397, "column": 1 },
        "end": { "line": 397, "column": null }
      }
    },
    "fnMap": {
      "0": {
        "name": "PipelineBridge",
        "decl": {
          "start": { "line": 43, "column": 9 },
          "end": { "line": 43, "column": 24 }
        },
        "loc": {
          "start": { "line": 45, "column": 3 },
          "end": { "line": 52, "column": null }
        },
        "line": 45
      },
      "1": {
        "name": "children",
        "decl": {
          "start": { "line": 48, "column": 37 },
          "end": { "line": 48, "column": null }
        },
        "loc": {
          "start": { "line": 48, "column": 37 },
          "end": { "line": 49, "column": null }
        },
        "line": 48
      },
      "2": {
        "name": "Dashboard",
        "decl": {
          "start": { "line": 59, "column": 9 },
          "end": { "line": 59, "column": 19 }
        },
        "loc": {
          "start": { "line": 59, "column": 50 },
          "end": { "line": 356, "column": null }
        },
        "line": 59
      },
      "3": {
        "name": "(anonymous_3)",
        "decl": {
          "start": { "line": 64, "column": 8 },
          "end": { "line": 64, "column": 20 }
        },
        "loc": {
          "start": { "line": 65, "column": 4 },
          "end": { "line": 65, "column": null }
        },
        "line": 65
      },
      "4": {
        "name": "(anonymous_4)",
        "decl": {
          "start": { "line": 68, "column": 2 },
          "end": { "line": 68, "column": 16 }
        },
        "loc": {
          "start": { "line": 68, "column": 16 },
          "end": { "line": 116, "column": 3 }
        },
        "line": 68
      },
      "5": {
        "name": "(anonymous_5)",
        "decl": {
          "start": { "line": 72, "column": 29 },
          "end": { "line": 72, "column": 35 }
        },
        "loc": {
          "start": { "line": 72, "column": 41 },
          "end": { "line": 74, "column": 5 }
        },
        "line": 72
      },
      "6": {
        "name": "(anonymous_6)",
        "decl": {
          "start": { "line": 76, "column": 10 },
          "end": { "line": 76, "column": 27 }
        },
        "loc": {
          "start": { "line": 76, "column": 48 },
          "end": { "line": 112, "column": null }
        },
        "line": 76
      },
      "7": {
        "name": "(anonymous_7)",
        "decl": {
          "start": { "line": 82, "column": 25 },
          "end": { "line": 82, "column": 37 }
        },
        "loc": {
          "start": { "line": 82, "column": 37 },
          "end": { "line": 82, "column": 39 }
        },
        "line": 82
      },
      "8": {
        "name": "(anonymous_8)",
        "decl": {
          "start": { "line": 97, "column": 29 },
          "end": { "line": 97, "column": 41 }
        },
        "loc": {
          "start": { "line": 97, "column": 41 },
          "end": { "line": 97, "column": 43 }
        },
        "line": 97
      },
      "9": {
        "name": "(anonymous_9)",
        "decl": {
          "start": { "line": 115, "column": 4 },
          "end": { "line": 115, "column": 20 }
        },
        "loc": {
          "start": { "line": 115, "column": 20 },
          "end": { "line": 115, "column": 72 }
        },
        "line": 115
      },
      "10": {
        "name": "(anonymous_10)",
        "decl": {
          "start": { "line": 119, "column": 2 },
          "end": { "line": 119, "column": 21 }
        },
        "loc": {
          "start": { "line": 119, "column": 21 },
          "end": { "line": 143, "column": 3 }
        },
        "line": 119
      },
      "11": {
        "name": "(anonymous_11)",
        "decl": {
          "start": { "line": 122, "column": 27 },
          "end": { "line": 122, "column": 33 }
        },
        "loc": {
          "start": { "line": 122, "column": 39 },
          "end": { "line": 122, "column": 58 }
        },
        "line": 122
      },
      "12": {
        "name": "(anonymous_12)",
        "decl": {
          "start": { "line": 127, "column": 9 },
          "end": { "line": 127, "column": 21 }
        },
        "loc": {
          "start": { "line": 127, "column": 21 },
          "end": { "line": 127, "column": 23 }
        },
        "line": 127
      },
      "13": {
        "name": "(anonymous_13)",
        "decl": {
          "start": { "line": 134, "column": 9 },
          "end": { "line": 134, "column": 21 }
        },
        "loc": {
          "start": { "line": 134, "column": 21 },
          "end": { "line": 134, "column": 23 }
        },
        "line": 134
      },
      "14": {
        "name": "(anonymous_14)",
        "decl": {
          "start": { "line": 137, "column": 50 },
          "end": { "line": 137, "column": 62 }
        },
        "loc": {
          "start": { "line": 137, "column": 62 },
          "end": { "line": 137, "column": 64 }
        },
        "line": 137
      },
      "15": {
        "name": "(anonymous_15)",
        "decl": {
          "start": { "line": 141, "column": 9 },
          "end": { "line": 141, "column": 21 }
        },
        "loc": {
          "start": { "line": 141, "column": 21 },
          "end": { "line": 141, "column": 23 }
        },
        "line": 141
      },
      "16": {
        "name": "(anonymous_16)",
        "decl": {
          "start": { "line": 145, "column": 2 },
          "end": { "line": 145, "column": null }
        },
        "loc": {
          "start": { "line": 145, "column": 2 },
          "end": { "line": 206, "column": null }
        },
        "line": 145
      },
      "17": {
        "name": "(anonymous_17)",
        "decl": {
          "start": { "line": 154, "column": 29 },
          "end": { "line": 154, "column": null }
        },
        "loc": {
          "start": { "line": 169, "column": 30 },
          "end": { "line": 190, "column": 13 }
        },
        "line": 169
      },
      "18": {
        "name": "(anonymous_18)",
        "decl": {
          "start": { "line": 172, "column": 16 },
          "end": { "line": 172, "column": 30 }
        },
        "loc": {
          "start": { "line": 173, "column": 18 },
          "end": { "line": 173, "column": null }
        },
        "line": 173
      },
      "19": {
        "name": "(anonymous_19)",
        "decl": {
          "start": { "line": 183, "column": 16 },
          "end": { "line": 183, "column": 44 }
        },
        "loc": {
          "start": { "line": 183, "column": 44 },
          "end": { "line": 188, "column": 17 }
        },
        "line": 183
      },
      "20": {
        "name": "(anonymous_20)",
        "decl": {
          "start": { "line": 190, "column": 13 },
          "end": { "line": 190, "column": null }
        },
        "loc": {
          "start": { "line": 197, "column": 29 },
          "end": { "line": 197, "column": 53 }
        },
        "line": 197
      },
      "21": {
        "name": "(anonymous_21)",
        "decl": {
          "start": { "line": 199, "column": 65 },
          "end": { "line": 199, "column": null }
        },
        "loc": {
          "start": { "line": 207, "column": 29 },
          "end": { "line": 207, "column": 53 }
        },
        "line": 207
      },
      "22": {
        "name": "when",
        "decl": {
          "start": { "line": 211, "column": 20 },
          "end": { "line": 211, "column": 24 }
        },
        "loc": {
          "start": { "line": 211, "column": 24 },
          "end": { "line": 211, "column": null }
        },
        "line": 211
      },
      "23": {
        "name": "children_2",
        "decl": {
          "start": { "line": 211, "column": 52 },
          "end": { "line": 211, "column": null }
        },
        "loc": {
          "start": { "line": 211, "column": 52 },
          "end": { "line": 213, "column": null }
        },
        "line": 211
      },
      "24": {
        "name": "when_2",
        "decl": {
          "start": { "line": 221, "column": 16 },
          "end": { "line": 221, "column": 20 }
        },
        "loc": {
          "start": { "line": 221, "column": 20 },
          "end": { "line": 221, "column": null }
        },
        "line": 221
      },
      "25": {
        "name": "children_3",
        "decl": {
          "start": { "line": 221, "column": 39 },
          "end": { "line": 221, "column": null }
        },
        "loc": {
          "start": { "line": 221, "column": 39 },
          "end": { "line": 223, "column": null }
        },
        "line": 221
      },
      "26": {
        "name": "when_3",
        "decl": {
          "start": { "line": 228, "column": 12 },
          "end": { "line": 228, "column": 16 }
        },
        "loc": {
          "start": { "line": 228, "column": 16 },
          "end": { "line": 228, "column": null }
        },
        "line": 228
      },
      "27": {
        "name": "fallback",
        "decl": {
          "start": { "line": 229, "column": 12 },
          "end": { "line": 229, "column": 20 }
        },
        "loc": {
          "start": { "line": 229, "column": 20 },
          "end": { "line": 230, "column": null }
        },
        "line": 229
      },
      "28": {
        "name": "when_4",
        "decl": {
          "start": { "line": 230, "column": 20 },
          "end": { "line": 230, "column": 24 }
        },
        "loc": {
          "start": { "line": 230, "column": 24 },
          "end": { "line": 230, "column": null }
        },
        "line": 230
      },
      "29": {
        "name": "children_4",
        "decl": {
          "start": { "line": 230, "column": 44 },
          "end": { "line": 230, "column": null }
        },
        "loc": {
          "start": { "line": 230, "column": 44 },
          "end": { "line": 230, "column": null }
        },
        "line": 230
      },
      "30": {
        "name": "when_5",
        "decl": {
          "start": { "line": 246, "column": 14 },
          "end": { "line": 246, "column": 18 }
        },
        "loc": {
          "start": { "line": 246, "column": 18 },
          "end": { "line": 246, "column": null }
        },
        "line": 246
      },
      "31": {
        "name": "children_5",
        "decl": {
          "start": { "line": 246, "column": 46 },
          "end": { "line": 246, "column": null }
        },
        "loc": {
          "start": { "line": 246, "column": 46 },
          "end": { "line": 294, "column": null }
        },
        "line": 246
      },
      "32": {
        "name": "running",
        "decl": {
          "start": { "line": 275, "column": 22 },
          "end": { "line": 275, "column": 29 }
        },
        "loc": {
          "start": { "line": 275, "column": 29 },
          "end": { "line": 275, "column": null }
        },
        "line": 275
      },
      "33": {
        "name": "paused",
        "decl": {
          "start": { "line": 276, "column": 22 },
          "end": { "line": 276, "column": 28 }
        },
        "loc": {
          "start": { "line": 276, "column": 28 },
          "end": { "line": 276, "column": null }
        },
        "line": 276
      },
      "34": {
        "name": "onStart",
        "decl": {
          "start": { "line": 277, "column": 22 },
          "end": { "line": 277, "column": 29 }
        },
        "loc": {
          "start": { "line": 277, "column": 29 },
          "end": { "line": 277, "column": null }
        },
        "line": 277
      },
      "35": {
        "name": "onResume",
        "decl": {
          "start": { "line": 278, "column": 22 },
          "end": { "line": 278, "column": 30 }
        },
        "loc": {
          "start": { "line": 278, "column": 30 },
          "end": { "line": 278, "column": null }
        },
        "line": 278
      },
      "36": {
        "name": "onCancel",
        "decl": {
          "start": { "line": 279, "column": 22 },
          "end": { "line": 279, "column": 30 }
        },
        "loc": {
          "start": { "line": 279, "column": 30 },
          "end": { "line": 279, "column": null }
        },
        "line": 279
      },
      "37": {
        "name": "onPause",
        "decl": {
          "start": { "line": 280, "column": 22 },
          "end": { "line": 280, "column": 29 }
        },
        "loc": {
          "start": { "line": 280, "column": 29 },
          "end": { "line": 280, "column": null }
        },
        "line": 280
      },
      "38": {
        "name": "canStart",
        "decl": {
          "start": { "line": 281, "column": 22 },
          "end": { "line": 281, "column": 30 }
        },
        "loc": {
          "start": { "line": 281, "column": 30 },
          "end": { "line": 281, "column": null }
        },
        "line": 281
      },
      "39": {
        "name": "disabledReason",
        "decl": {
          "start": { "line": 282, "column": 22 },
          "end": { "line": 282, "column": 36 }
        },
        "loc": {
          "start": { "line": 282, "column": 36 },
          "end": { "line": 282, "column": null }
        },
        "line": 282
      },
      "40": {
        "name": "info",
        "decl": {
          "start": { "line": 285, "column": 34 },
          "end": { "line": 285, "column": 38 }
        },
        "loc": {
          "start": { "line": 285, "column": 38 },
          "end": { "line": 285, "column": null }
        },
        "line": 285
      },
      "41": {
        "name": "when_6",
        "decl": {
          "start": { "line": 288, "column": 22 },
          "end": { "line": 288, "column": 26 }
        },
        "loc": {
          "start": { "line": 288, "column": 26 },
          "end": { "line": 289, "column": null }
        },
        "line": 288
      },
      "42": {
        "name": "children_6",
        "decl": {
          "start": { "line": 289, "column": 76 },
          "end": { "line": 289, "column": null }
        },
        "loc": {
          "start": { "line": 289, "column": 76 },
          "end": { "line": 294, "column": null }
        },
        "line": 289
      },
      "43": {
        "name": "value",
        "decl": {
          "start": { "line": 293, "column": 24 },
          "end": { "line": 293, "column": 29 }
        },
        "loc": {
          "start": { "line": 293, "column": 29 },
          "end": { "line": 293, "column": null }
        },
        "line": 293
      },
      "44": {
        "name": "eta",
        "decl": {
          "start": { "line": 294, "column": 24 },
          "end": { "line": 294, "column": 27 }
        },
        "loc": {
          "start": { "line": 294, "column": 27 },
          "end": { "line": 294, "column": null }
        },
        "line": 294
      },
      "45": {
        "name": "when_7",
        "decl": {
          "start": { "line": 305, "column": 14 },
          "end": { "line": 305, "column": 18 }
        },
        "loc": {
          "start": { "line": 305, "column": 18 },
          "end": { "line": 305, "column": null }
        },
        "line": 305
      },
      "46": {
        "name": "children_7",
        "decl": {
          "start": { "line": 305, "column": 46 },
          "end": { "line": 305, "column": null }
        },
        "loc": {
          "start": { "line": 305, "column": 46 },
          "end": { "line": 348, "column": null }
        },
        "line": 305
      },
      "47": {
        "name": "(anonymous_47)",
        "decl": {
          "start": { "line": 331, "column": 30 },
          "end": { "line": 331, "column": null }
        },
        "loc": {
          "start": { "line": 336, "column": 23 },
          "end": { "line": 336, "column": 45 }
        },
        "line": 336
      },
      "48": {
        "name": "jobs",
        "decl": {
          "start": { "line": 341, "column": 22 },
          "end": { "line": 341, "column": 26 }
        },
        "loc": {
          "start": { "line": 341, "column": 26 },
          "end": { "line": 341, "column": null }
        },
        "line": 341
      },
      "49": {
        "name": "onRetry",
        "decl": {
          "start": { "line": 342, "column": 22 },
          "end": { "line": 342, "column": 29 }
        },
        "loc": {
          "start": { "line": 342, "column": 29 },
          "end": { "line": 342, "column": null }
        },
        "line": 342
      },
      "50": {
        "name": "logs",
        "decl": {
          "start": { "line": 348, "column": 27 },
          "end": { "line": 348, "column": 31 }
        },
        "loc": {
          "start": { "line": 348, "column": 31 },
          "end": { "line": 348, "column": null }
        },
        "line": 348
      },
      "51": {
        "name": "(anonymous_51)",
        "decl": {
          "start": { "line": 348, "column": 48 },
          "end": { "line": 348, "column": null }
        },
        "loc": {
          "start": { "line": 348, "column": 48 },
          "end": { "line": 206, "column": null }
        },
        "line": 348
      },
      "52": {
        "name": "App",
        "decl": {
          "start": { "line": 358, "column": 24 },
          "end": { "line": 358, "column": 30 }
        },
        "loc": {
          "start": { "line": 358, "column": 30 },
          "end": { "line": 373, "column": null }
        },
        "line": 358
      },
      "53": {
        "name": "(anonymous_53)",
        "decl": {
          "start": { "line": 361, "column": 6 },
          "end": { "line": 361, "column": 17 }
        },
        "loc": {
          "start": { "line": 361, "column": 27 },
          "end": { "line": 361, "column": 73 }
        },
        "line": 361
      },
      "54": {
        "name": "children_8",
        "decl": {
          "start": { "line": 361, "column": 73 },
          "end": { "line": 361, "column": null }
        },
        "loc": {
          "start": { "line": 361, "column": 73 },
          "end": { "line": 370, "column": null }
        },
        "line": 361
      },
      "55": {
        "name": "(anonymous_55)",
        "decl": {
          "start": { "line": 363, "column": 21 },
          "end": { "line": 363, "column": null }
        },
        "loc": {
          "start": { "line": 364, "column": 18 },
          "end": { "line": 364, "column": 56 }
        },
        "line": 364
      },
      "56": {
        "name": "ShortcutsDialogBridge",
        "decl": {
          "start": { "line": 381, "column": 9 },
          "end": { "line": 381, "column": 33 }
        },
        "loc": {
          "start": { "line": 381, "column": 33 },
          "end": { "line": 397, "column": 1 }
        },
        "line": 381
      },
      "57": {
        "name": "(anonymous_57)",
        "decl": {
          "start": { "line": 386, "column": 2 },
          "end": { "line": 386, "column": 16 }
        },
        "loc": {
          "start": { "line": 386, "column": 16 },
          "end": { "line": 395, "column": 3 }
        },
        "line": 386
      },
      "58": {
        "name": "(anonymous_58)",
        "decl": {
          "start": { "line": 387, "column": 10 },
          "end": { "line": 387, "column": 21 }
        },
        "loc": {
          "start": { "line": 387, "column": 42 },
          "end": { "line": 392, "column": null }
        },
        "line": 387
      },
      "59": {
        "name": "(anonymous_59)",
        "decl": {
          "start": { "line": 390, "column": 8 },
          "end": { "line": 390, "column": 19 }
        },
        "loc": {
          "start": { "line": 390, "column": 28 },
          "end": { "line": 390, "column": 33 }
        },
        "line": 390
      },
      "60": {
        "name": "(anonymous_60)",
        "decl": {
          "start": { "line": 394, "column": 4 },
          "end": { "line": 394, "column": 20 }
        },
        "loc": {
          "start": { "line": 394, "column": 20 },
          "end": { "line": 394, "column": 66 }
        },
        "line": 394
      },
      "61": {
        "name": "isOpen",
        "decl": {
          "start": { "line": 396, "column": 26 },
          "end": { "line": 396, "column": 32 }
        },
        "loc": {
          "start": { "line": 396, "column": 32 },
          "end": { "line": 396, "column": 44 }
        },
        "line": 396
      },
      "62": {
        "name": "(anonymous_62)",
        "decl": {
          "start": { "line": 396, "column": 44 },
          "end": { "line": 396, "column": 59 }
        },
        "loc": {
          "start": { "line": 396, "column": 59 },
          "end": { "line": 396, "column": 75 }
        },
        "line": 396
      }
    },
    "branchMap": {
      "0": {
        "loc": {
          "start": { "line": 65, "column": 17 },
          "end": { "line": 65, "column": null }
        },
        "type": "cond-expr",
        "locations": [
          {
            "start": { "line": 65, "column": 39 },
            "end": { "line": 65, "column": 54 }
          },
          {
            "start": { "line": 65, "column": 54 },
            "end": { "line": 65, "column": null }
          }
        ],
        "line": 65
      },
      "1": {
        "loc": {
          "start": { "line": 77, "column": 18 },
          "end": { "line": 77, "column": null }
        },
        "type": "binary-expr",
        "locations": [
          {
            "start": { "line": 77, "column": 18 },
            "end": { "line": 77, "column": 31 }
          },
          {
            "start": { "line": 77, "column": 31 },
            "end": { "line": 77, "column": null }
          }
        ],
        "line": 77
      },
      "2": {
        "loc": {
          "start": { "line": 80, "column": 6 },
          "end": { "line": 84, "column": null }
        },
        "type": "if",
        "locations": [
          {
            "start": { "line": 80, "column": 6 },
            "end": { "line": 84, "column": null }
          },
          { "start": {}, "end": {} }
        ],
        "line": 80
      },
      "3": {
        "loc": {
          "start": { "line": 80, "column": 10 },
          "end": { "line": 80, "column": 32 }
        },
        "type": "binary-expr",
        "locations": [
          {
            "start": { "line": 80, "column": 10 },
            "end": { "line": 80, "column": 17 }
          },
          {
            "start": { "line": 80, "column": 17 },
            "end": { "line": 80, "column": 32 }
          }
        ],
        "line": 80
      },
      "4": {
        "loc": {
          "start": { "line": 87, "column": 6 },
          "end": { "line": 92, "column": null }
        },
        "type": "if",
        "locations": [
          {
            "start": { "line": 87, "column": 6 },
            "end": { "line": 92, "column": null }
          },
          { "start": {}, "end": {} }
        ],
        "line": 87
      },
      "5": {
        "loc": {
          "start": { "line": 95, "column": 6 },
          "end": { "line": 99, "column": null }
        },
        "type": "if",
        "locations": [
          {
            "start": { "line": 95, "column": 6 },
            "end": { "line": 99, "column": null }
          },
          { "start": {}, "end": {} }
        ],
        "line": 95
      },
      "6": {
        "loc": {
          "start": { "line": 95, "column": 10 },
          "end": { "line": 95, "column": 46 }
        },
        "type": "binary-expr",
        "locations": [
          {
            "start": { "line": 95, "column": 10 },
            "end": { "line": 95, "column": 17 }
          },
          {
            "start": { "line": 95, "column": 17 },
            "end": { "line": 95, "column": 31 }
          },
          {
            "start": { "line": 95, "column": 31 },
            "end": { "line": 95, "column": 46 }
          }
        ],
        "line": 95
      },
      "7": {
        "loc": {
          "start": { "line": 102, "column": 6 },
          "end": { "line": 106, "column": null }
        },
        "type": "if",
        "locations": [
          {
            "start": { "line": 102, "column": 6 },
            "end": { "line": 106, "column": null }
          },
          { "start": {}, "end": {} }
        ],
        "line": 102
      },
      "8": {
        "loc": {
          "start": { "line": 102, "column": 10 },
          "end": { "line": 102, "column": 32 }
        },
        "type": "binary-expr",
        "locations": [
          {
            "start": { "line": 102, "column": 10 },
            "end": { "line": 102, "column": 17 }
          },
          {
            "start": { "line": 102, "column": 17 },
            "end": { "line": 102, "column": 32 }
          }
        ],
        "line": 102
      },
      "9": {
        "loc": {
          "start": { "line": 107, "column": 6 },
          "end": { "line": 111, "column": null }
        },
        "type": "if",
        "locations": [
          {
            "start": { "line": 107, "column": 6 },
            "end": { "line": 111, "column": null }
          },
          { "start": {}, "end": {} }
        ],
        "line": 107
      },
      "10": {
        "loc": {
          "start": { "line": 107, "column": 10 },
          "end": { "line": 107, "column": 32 }
        },
        "type": "binary-expr",
        "locations": [
          {
            "start": { "line": 107, "column": 10 },
            "end": { "line": 107, "column": 17 }
          },
          {
            "start": { "line": 107, "column": 17 },
            "end": { "line": 107, "column": 32 }
          }
        ],
        "line": 107
      },
      "11": {
        "loc": {
          "start": { "line": 124, "column": 4 },
          "end": { "line": 142, "column": null }
        },
        "type": "if",
        "locations": [
          {
            "start": { "line": 124, "column": 4 },
            "end": { "line": 142, "column": null }
          },
          {
            "start": { "line": 128, "column": 11 },
            "end": { "line": 142, "column": null }
          }
        ],
        "line": 124
      },
      "12": {
        "loc": {
          "start": { "line": 126, "column": 61 },
          "end": { "line": 126, "column": 69 }
        },
        "type": "binary-expr",
        "locations": [
          {
            "start": { "line": 126, "column": 61 },
            "end": { "line": 126, "column": 68 }
          },
          {
            "start": { "line": 126, "column": 68 },
            "end": { "line": 126, "column": 69 }
          }
        ],
        "line": 126
      },
      "13": {
        "loc": {
          "start": { "line": 128, "column": 11 },
          "end": { "line": 142, "column": null }
        },
        "type": "if",
        "locations": [
          {
            "start": { "line": 128, "column": 11 },
            "end": { "line": 142, "column": null }
          },
          {
            "start": { "line": 135, "column": 11 },
            "end": { "line": 142, "column": null }
          }
        ],
        "line": 128
      },
      "14": {
        "loc": {
          "start": { "line": 132, "column": 45 },
          "end": { "line": 132, "column": 53 }
        },
        "type": "binary-expr",
        "locations": [
          {
            "start": { "line": 132, "column": 45 },
            "end": { "line": 132, "column": 52 }
          },
          {
            "start": { "line": 132, "column": 52 },
            "end": { "line": 132, "column": 53 }
          }
        ],
        "line": 132
      },
      "15": {
        "loc": {
          "start": { "line": 135, "column": 11 },
          "end": { "line": 142, "column": null }
        },
        "type": "if",
        "locations": [
          {
            "start": { "line": 135, "column": 11 },
            "end": { "line": 142, "column": null }
          },
          {
            "start": { "line": 138, "column": 11 },
            "end": { "line": 142, "column": null }
          }
        ],
        "line": 135
      },
      "16": {
        "loc": {
          "start": { "line": 170, "column": 14 },
          "end": { "line": 189, "column": null }
        },
        "type": "if",
        "locations": [
          {
            "start": { "line": 170, "column": 14 },
            "end": { "line": 189, "column": null }
          },
          { "start": {}, "end": {} }
        ],
        "line": 170
      },
      "17": {
        "loc": {
          "start": { "line": 170, "column": 18 },
          "end": { "line": 170, "column": 67 }
        },
        "type": "binary-expr",
        "locations": [
          {
            "start": { "line": 170, "column": 18 },
            "end": { "line": 170, "column": 43 }
          },
          {
            "start": { "line": 170, "column": 43 },
            "end": { "line": 170, "column": 67 }
          }
        ],
        "line": 170
      },
      "18": {
        "loc": {
          "start": { "line": 173, "column": 18 },
          "end": { "line": 173, "column": null }
        },
        "type": "cond-expr",
        "locations": [
          {
            "start": { "line": 173, "column": 40 },
            "end": { "line": 173, "column": 53 }
          },
          {
            "start": { "line": 173, "column": 53 },
            "end": { "line": 173, "column": null }
          }
        ],
        "line": 173
      },
      "19": {
        "loc": {
          "start": { "line": 289, "column": 24 },
          "end": { "line": 289, "column": 76 }
        },
        "type": "binary-expr",
        "locations": [
          {
            "start": { "line": 289, "column": 24 },
            "end": { "line": 289, "column": 46 }
          },
          {
            "start": { "line": 289, "column": 46 },
            "end": { "line": 289, "column": 76 }
          }
        ],
        "line": 289
      },
      "20": {
        "loc": {
          "start": { "line": 342, "column": 31 },
          "end": { "line": 342, "column": 61 }
        },
        "type": "binary-expr",
        "locations": [
          {
            "start": { "line": 342, "column": 31 },
            "end": { "line": 342, "column": 52 }
          },
          {
            "start": { "line": 342, "column": 52 },
            "end": { "line": 342, "column": 61 }
          }
        ],
        "line": 342
      },
      "21": {
        "loc": {
          "start": { "line": 195, "column": 24 },
          "end": { "line": 195, "column": 59 }
        },
        "type": "cond-expr",
        "locations": [
          {
            "start": { "line": 195, "column": 53 },
            "end": { "line": 195, "column": 57 }
          },
          {
            "start": { "line": 195, "column": 57 },
            "end": { "line": 195, "column": 59 }
          }
        ],
        "line": 195
      },
      "22": {
        "loc": {
          "start": { "line": 205, "column": 24 },
          "end": { "line": 205, "column": 59 }
        },
        "type": "cond-expr",
        "locations": [
          {
            "start": { "line": 205, "column": 53 },
            "end": { "line": 205, "column": 57 }
          },
          {
            "start": { "line": 205, "column": 57 },
            "end": { "line": 205, "column": 59 }
          }
        ],
        "line": 205
      },
      "23": {
        "loc": {
          "start": { "line": 206, "column": 41 },
          "end": { "line": 206, "column": null }
        },
        "type": "binary-expr",
        "locations": [
          {
            "start": { "line": 206, "column": 41 },
            "end": { "line": 206, "column": null }
          },
          {
            "start": { "line": 206, "column": 41 },
            "end": { "line": 206, "column": null }
          }
        ],
        "line": 206
      },
      "24": {
        "loc": {
          "start": { "line": 388, "column": 6 },
          "end": { "line": 391, "column": null }
        },
        "type": "if",
        "locations": [
          {
            "start": { "line": 388, "column": 6 },
            "end": { "line": 391, "column": null }
          },
          { "start": {}, "end": {} }
        ],
        "line": 388
      }
    },
    "s": {
      "0": 9,
      "1": 9,
      "2": 9,
      "3": 9,
      "4": 9,
      "5": 9,
      "6": 9,
      "7": 24,
      "8": 9,
      "9": 9,
      "10": 9,
      "11": 9,
      "12": 9,
      "13": 0,
      "14": 0,
      "15": 0,
      "16": 0,
      "17": 0,
      "18": 0,
      "19": 0,
      "20": 0,
      "21": 0,
      "22": 0,
      "23": 0,
      "24": 0,
      "25": 0,
      "26": 0,
      "27": 0,
      "28": 0,
      "29": 0,
      "30": 0,
      "31": 0,
      "32": 0,
      "33": 0,
      "34": 0,
      "35": 9,
      "36": 9,
      "37": 9,
      "38": 9,
      "39": 9,
      "40": 9,
      "41": 9,
      "42": 0,
      "43": 9,
      "44": 0,
      "45": 9,
      "46": 0,
      "47": 9,
      "48": 0,
      "49": 9,
      "50": 9,
      "51": 9,
      "52": 9,
      "53": 9,
      "54": 9,
      "55": 0,
      "56": 0,
      "57": 0,
      "58": 0,
      "59": 0,
      "60": 0,
      "61": 0,
      "62": 9,
      "63": 0,
      "64": 9,
      "65": 9,
      "66": 2,
      "67": 9,
      "68": 9,
      "69": 9,
      "70": 0,
      "71": 0,
      "72": 0,
      "73": 0,
      "74": 9,
      "75": 9,
      "76": 0,
      "77": 0,
      "78": 0,
      "79": 9,
      "80": 9,
      "81": 9,
      "82": 9,
      "83": 0,
      "84": 9,
      "85": 12,
      "86": 10,
      "87": 10,
      "88": 0,
      "89": 10,
      "90": 10,
      "91": 10,
      "92": 10,
      "93": 90,
      "94": 78,
      "95": 0,
      "96": 0,
      "97": 0,
      "98": 0,
      "99": 72,
      "100": 36,
      "101": 10,
      "102": 36,
      "103": 10,
      "104": 10,
      "105": 0,
      "106": 0,
      "107": 0,
      "108": 10,
      "109": 9,
      "110": 12,
      "111": 2,
      "112": 2,
      "113": 1,
      "114": 2,
      "115": 2,
      "116": 2,
      "117": 2,
      "118": 2,
      "119": 2,
      "120": 0,
      "121": 2,
      "122": 10,
      "123": 2,
      "124": 9,
      "125": 12,
      "126": 12,
      "127": 12,
      "128": 12,
      "129": 12,
      "130": 12,
      "131": 9,
      "132": 9,
      "133": 0,
      "134": 9,
      "135": 9,
      "136": 9,
      "137": 9,
      "138": 9,
      "139": 0,
      "140": 0,
      "141": 0,
      "142": 0,
      "143": 9,
      "144": 9,
      "145": 9,
      "146": 9,
      "147": 27,
      "148": 0,
      "149": 2
    },
    "f": {
      "0": 9,
      "1": 9,
      "2": 9,
      "3": 24,
      "4": 9,
      "5": 9,
      "6": 0,
      "7": 0,
      "8": 0,
      "9": 9,
      "10": 9,
      "11": 0,
      "12": 0,
      "13": 0,
      "14": 0,
      "15": 0,
      "16": 9,
      "17": 0,
      "18": 0,
      "19": 0,
      "20": 0,
      "21": 2,
      "22": 9,
      "23": 0,
      "24": 9,
      "25": 0,
      "26": 9,
      "27": 9,
      "28": 9,
      "29": 9,
      "30": 12,
      "31": 10,
      "32": 90,
      "33": 78,
      "34": 0,
      "35": 0,
      "36": 0,
      "37": 0,
      "38": 72,
      "39": 36,
      "40": 36,
      "41": 10,
      "42": 0,
      "43": 0,
      "44": 0,
      "45": 12,
      "46": 3,
      "47": 2,
      "48": 2,
      "49": 0,
      "50": 10,
      "51": 12,
      "52": 9,
      "53": 0,
      "54": 9,
      "55": 9,
      "56": 9,
      "57": 9,
      "58": 0,
      "59": 0,
      "60": 9,
      "61": 27,
      "62": 0
    },
    "b": {
      "0": [12, 12],
      "1": [0, 0],
      "2": [0, 0],
      "3": [0, 0],
      "4": [0, 0],
      "5": [0, 0],
      "6": [0, 0, 0],
      "7": [0, 0],
      "8": [0, 0],
      "9": [0, 0],
      "10": [0, 0],
      "11": [0, 9],
      "12": [0, 0],
      "13": [0, 9],
      "14": [0, 0],
      "15": [0, 9],
      "16": [0, 0],
      "17": [0, 0],
      "18": [0, 0],
      "19": [10, 10],
      "20": [0, 0],
      "21": [10, 2],
      "22": [2, 10],
      "23": [72, 72],
      "24": [0, 0]
    },
    "meta": {
      "lastBranch": 25,
      "lastFunction": 63,
      "lastStatement": 150,
      "seen": {
        "f:43:9:43:24": 0,
        "s:46:19:46:31": 0,
        "s:47:2:49:Infinity": 1,
        "f:48:37:48:Infinity": 1,
        "s:48:37:49:31": 2,
        "f:59:9:59:19": 2,
        "s:60:23:60:Infinity": 3,
        "s:61:36:61:Infinity": 4,
        "s:62:20:62:37": 5,
        "s:64:8:65:Infinity": 6,
        "f:64:8:64:20": 3,
        "s:65:4:65:Infinity": 7,
        "b:65:39:65:54:65:54:65:Infinity": 0,
        "s:68:2:116:Infinity": 8,
        "f:68:2:68:16": 4,
        "s:71:23:71:Infinity": 9,
        "s:72:4:74:Infinity": 10,
        "f:72:29:72:35": 5,
        "s:73:6:73:Infinity": 11,
        "s:76:10:112:Infinity": 12,
        "f:76:10:76:27": 6,
        "s:77:18:77:Infinity": 13,
        "b:77:18:77:31:77:31:77:Infinity": 1,
        "b:80:6:84:Infinity:undefined:undefined:undefined:undefined": 2,
        "s:80:6:84:Infinity": 14,
        "b:80:10:80:17:80:17:80:32": 3,
        "s:81:8:81:Infinity": 15,
        "s:82:8:82:Infinity": 16,
        "f:82:25:82:37": 7,
        "s:83:8:83:Infinity": 17,
        "b:87:6:92:Infinity:undefined:undefined:undefined:undefined": 4,
        "s:87:6:92:Infinity": 18,
        "s:88:8:88:Infinity": 19,
        "s:89:8:89:Infinity": 20,
        "s:90:8:90:Infinity": 21,
        "s:91:8:91:Infinity": 22,
        "b:95:6:99:Infinity:undefined:undefined:undefined:undefined": 5,
        "s:95:6:99:Infinity": 23,
        "b:95:10:95:17:95:17:95:31:95:31:95:46": 6,
        "s:96:8:96:Infinity": 24,
        "s:97:8:97:Infinity": 25,
        "f:97:29:97:41": 8,
        "s:98:8:98:Infinity": 26,
        "b:102:6:106:Infinity:undefined:undefined:undefined:undefined": 7,
        "s:102:6:106:Infinity": 27,
        "b:102:10:102:17:102:17:102:32": 8,
        "s:103:8:103:Infinity": 28,
        "s:104:8:104:Infinity": 29,
        "s:105:8:105:Infinity": 30,
        "b:107:6:111:Infinity:undefined:undefined:undefined:undefined": 9,
        "s:107:6:111:Infinity": 31,
        "b:107:10:107:17:107:17:107:32": 10,
        "s:108:8:108:Infinity": 32,
        "s:109:8:109:Infinity": 33,
        "s:110:8:110:Infinity": 34,
        "s:114:4:114:Infinity": 35,
        "s:115:4:115:Infinity": 36,
        "f:115:4:115:20": 9,
        "s:115:20:115:72": 37,
        "s:119:2:143:Infinity": 38,
        "f:119:2:119:21": 10,
        "s:120:16:120:Infinity": 39,
        "s:121:17:121:Infinity": 40,
        "s:122:22:122:Infinity": 41,
        "f:122:27:122:33": 11,
        "s:122:39:122:58": 42,
        "b:124:4:142:Infinity:128:11:142:Infinity": 11,
        "s:124:4:142:Infinity": 43,
        "s:125:6:127:Infinity": 44,
        "b:126:61:126:68:126:68:126:69": 12,
        "f:127:9:127:21": 12,
        "b:128:11:142:Infinity:135:11:142:Infinity": 13,
        "s:128:11:142:Infinity": 45,
        "s:129:6:134:Infinity": 46,
        "b:132:45:132:52:132:52:132:53": 14,
        "f:134:9:134:21": 13,
        "b:135:11:142:Infinity:138:11:142:Infinity": 15,
        "s:135:11:142:Infinity": 47,
        "s:137:6:137:Infinity": 48,
        "f:137:50:137:62": 14,
        "s:139:6:141:Infinity": 49,
        "f:141:9:141:21": 15,
        "s:145:2:206:Infinity": 50,
        "f:145:2:145:Infinity": 16,
        "s:145:2:145:Infinity": 51,
        "s:145:2:148:Infinity": 52,
        "s:148:15:154:Infinity": 53,
        "s:154:29:190:13": 54,
        "f:154:29:154:Infinity": 17,
        "b:170:14:189:Infinity:undefined:undefined:undefined:undefined": 16,
        "s:170:14:189:Infinity": 55,
        "b:170:18:170:43:170:43:170:67": 17,
        "s:171:16:171:Infinity": 56,
        "s:172:16:174:Infinity": 57,
        "f:172:16:172:30": 18,
        "s:173:18:173:Infinity": 58,
        "b:173:40:173:53:173:53:173:Infinity": 18,
        "s:183:16:188:Infinity": 59,
        "f:183:16:183:44": 19,
        "s:184:29:186:Infinity": 60,
        "s:187:18:187:Infinity": 61,
        "s:190:13:197:53": 62,
        "f:190:13:190:Infinity": 20,
        "s:197:29:197:53": 63,
        "s:197:53:199:Infinity": 64,
        "s:199:65:207:53": 65,
        "f:199:65:199:Infinity": 21,
        "s:207:29:207:53": 66,
        "s:207:53:209:Infinity": 67,
        "s:209:63:213:Infinity": 68,
        "f:211:20:211:24": 22,
        "s:211:24:211:52": 69,
        "f:211:52:211:Infinity": 23,
        "s:211:52:211:Infinity": 70,
        "s:211:52:213:Infinity": 71,
        "s:213:19:213:41": 72,
        "s:213:41:213:Infinity": 73,
        "s:213:41:223:Infinity": 74,
        "f:221:16:221:20": 24,
        "s:221:20:221:39": 75,
        "f:221:39:221:Infinity": 25,
        "s:221:39:221:Infinity": 76,
        "s:221:39:223:Infinity": 77,
        "s:223:57:223:Infinity": 78,
        "s:223:57:230:Infinity": 79,
        "f:228:12:228:16": 26,
        "s:228:16:228:36": 80,
        "f:229:12:229:20": 27,
        "s:229:20:230:Infinity": 81,
        "f:230:20:230:24": 28,
        "s:230:24:230:44": 82,
        "f:230:44:230:Infinity": 29,
        "s:230:44:230:Infinity": 83,
        "s:230:44:294:Infinity": 84,
        "f:246:14:246:18": 30,
        "s:246:18:246:46": 85,
        "f:246:46:246:Infinity": 31,
        "s:246:46:246:Infinity": 86,
        "s:246:46:261:63": 87,
        "s:261:39:261:63": 88,
        "s:261:63:263:Infinity": 89,
        "s:263:66:268:Infinity": 90,
        "s:268:31:270:Infinity": 91,
        "s:270:33:282:Infinity": 92,
        "f:275:22:275:29": 32,
        "s:275:29:275:49": 93,
        "f:276:22:276:28": 33,
        "s:276:28:276:47": 94,
        "f:277:22:277:29": 34,
        "s:277:29:277:51": 95,
        "f:278:22:278:30": 35,
        "s:278:30:278:53": 96,
        "f:279:22:279:30": 36,
        "s:279:30:279:53": 97,
        "f:280:22:280:29": 37,
        "s:280:29:280:51": 98,
        "f:281:22:281:30": 38,
        "s:281:30:281:51": 99,
        "f:282:22:282:36": 39,
        "s:282:36:282:63": 100,
        "s:282:63:285:Infinity": 101,
        "f:285:34:285:38": 40,
        "s:285:38:285:63": 102,
        "s:285:63:294:Infinity": 103,
        "f:288:22:288:26": 41,
        "s:288:26:289:76": 104,
        "b:289:24:289:46:289:46:289:76": 19,
        "f:289:76:289:Infinity": 42,
        "s:289:76:294:Infinity": 105,
        "f:293:24:293:29": 43,
        "s:293:29:293:57": 106,
        "f:294:24:294:27": 44,
        "s:294:27:294:50": 107,
        "s:294:50:294:Infinity": 108,
        "s:294:50:348:Infinity": 109,
        "f:305:14:305:18": 45,
        "s:305:18:305:46": 110,
        "f:305:46:305:Infinity": 46,
        "s:305:46:305:Infinity": 111,
        "s:305:46:315:57": 112,
        "s:315:33:315:57": 113,
        "s:315:57:317:Infinity": 114,
        "s:317:66:331:Infinity": 115,
        "s:331:30:336:Infinity": 116,
        "f:331:30:331:Infinity": 47,
        "s:336:23:336:45": 117,
        "s:336:45:342:Infinity": 118,
        "f:341:22:341:26": 48,
        "s:341:26:341:43": 119,
        "f:342:22:342:29": 49,
        "s:342:29:342:61": 120,
        "b:342:31:342:52:342:52:342:61": 20,
        "s:342:61:348:Infinity": 121,
        "f:348:27:348:31": 50,
        "s:348:31:348:48": 122,
        "s:348:48:348:Infinity": 123,
        "s:348:48:206:Infinity": 124,
        "f:348:48:348:Infinity": 51,
        "s:194:29:194:55": 125,
        "s:195:24:195:59": 126,
        "b:195:53:195:57:195:57:195:59": 21,
        "s:196:21:196:41": 127,
        "s:204:29:204:55": 128,
        "s:205:24:205:59": 129,
        "b:205:53:205:57:205:57:205:59": 22,
        "s:206:21:206:41": 130,
        "s:206:41:206:Infinity": 131,
        "b:206:41:206:Infinity:206:41:206:Infinity": 23,
        "f:358:24:358:30": 52,
        "s:359:2:370:Infinity": 132,
        "f:361:6:361:17": 53,
        "s:361:27:361:73": 133,
        "f:361:73:361:Infinity": 54,
        "s:361:73:370:Infinity": 134,
        "f:363:21:363:Infinity": 55,
        "s:364:18:364:56": 135,
        "f:381:9:381:33": 56,
        "s:382:30:382:Infinity": 136,
        "s:386:2:395:Infinity": 137,
        "f:386:2:386:16": 57,
        "s:387:10:392:Infinity": 138,
        "f:387:10:387:21": 58,
        "b:388:6:391:Infinity:undefined:undefined:undefined:undefined": 24,
        "s:388:6:391:Infinity": 139,
        "s:389:8:389:Infinity": 140,
        "s:390:8:390:Infinity": 141,
        "f:390:8:390:19": 59,
        "s:390:28:390:33": 142,
        "s:393:4:393:Infinity": 143,
        "s:394:4:394:Infinity": 144,
        "f:394:4:394:20": 60,
        "s:394:20:394:66": 145,
        "s:396:2:396:Infinity": 146,
        "f:396:26:396:32": 61,
        "s:396:32:396:42": 147,
        "f:396:44:396:59": 62,
        "s:396:59:396:75": 148,
        "s:397:1:397:Infinity": 149
      },
      "fnNames": {}
    }
  },
  "C:\\Users\\xorex\\Code\\ubet-render\\src\\index.tsx": {
    "path": "C:\\Users\\xorex\\Code\\ubet-render\\src\\index.tsx",
    "statementMap": {
      "0": {
        "start": { "line": 16, "column": 0 },
        "end": { "line": 16, "column": null }
      },
      "1": {
        "start": { "line": 18, "column": 15 },
        "end": { "line": 18, "column": null }
      },
      "2": {
        "start": { "line": 19, "column": 0 },
        "end": { "line": 19, "column": null }
      },
      "3": {
        "start": { "line": 19, "column": 13 },
        "end": { "line": 19, "column": null }
      },
      "4": {
        "start": { "line": 20, "column": 0 },
        "end": { "line": 20, "column": null }
      },
      "5": {
        "start": { "line": 20, "column": 7 },
        "end": { "line": 20, "column": 22 }
      }
    },
    "fnMap": {
      "0": {
        "name": "(anonymous_0)",
        "decl": {
          "start": { "line": 20, "column": 0 },
          "end": { "line": 20, "column": 7 }
        },
        "loc": {
          "start": { "line": 20, "column": 7 },
          "end": { "line": 20, "column": 22 }
        },
        "line": 20
      }
    },
    "branchMap": {
      "0": {
        "loc": {
          "start": { "line": 19, "column": 0 },
          "end": { "line": 19, "column": null }
        },
        "type": "if",
        "locations": [
          {
            "start": { "line": 19, "column": 0 },
            "end": { "line": 19, "column": null }
          },
          { "start": {}, "end": {} }
        ],
        "line": 19
      }
    },
    "s": { "0": 2, "1": 2, "2": 2, "3": 1, "4": 1, "5": 0 },
    "f": { "0": 0 },
    "b": { "0": [1, 1] },
    "meta": {
      "lastBranch": 1,
      "lastFunction": 1,
      "lastStatement": 6,
      "seen": {
        "s:16:0:16:Infinity": 0,
        "s:18:15:18:Infinity": 1,
        "b:19:0:19:Infinity:undefined:undefined:undefined:undefined": 0,
        "s:19:0:19:Infinity": 2,
        "s:19:13:19:Infinity": 3,
        "s:20:0:20:Infinity": 4,
        "f:20:0:20:7": 0,
        "s:20:7:20:22": 5
      },
      "fnNames": {}
    }
  },
  "C:\\Users\\xorex\\Code\\ubet-render\\src\\components\\index.ts": {
    "path": "C:\\Users\\xorex\\Code\\ubet-render\\src\\components\\index.ts",
    "statementMap": {},
    "fnMap": {},
    "branchMap": {},
    "s": {},
    "f": {},
    "b": {},
    "meta": {
      "lastBranch": 0,
      "lastFunction": 0,
      "lastStatement": 0,
      "seen": {},
      "fnNames": {}
    }
  },
  "C:\\Users\\xorex\\Code\\ubet-render\\src\\components\\layout\\AppHeader.tsx": {
    "path": "C:\\Users\\xorex\\Code\\ubet-render\\src\\components\\layout\\AppHeader.tsx",
    "statementMap": {
      "0": {
        "start": { "line": 15, "column": 50 },
        "end": { "line": 15, "column": null }
      },
      "1": {
        "start": { "line": 20, "column": 41 },
        "end": { "line": 20, "column": null }
      },
      "2": {
        "start": { "line": 22, "column": 2 },
        "end": { "line": 30, "column": null }
      },
      "3": {
        "start": { "line": 24, "column": 4 },
        "end": { "line": 29, "column": null }
      },
      "4": {
        "start": { "line": 25, "column": 6 },
        "end": { "line": 25, "column": null }
      },
      "5": {
        "start": { "line": 26, "column": 6 },
        "end": { "line": 26, "column": null }
      },
      "6": {
        "start": { "line": 27, "column": 11 },
        "end": { "line": 29, "column": null }
      },
      "7": {
        "start": { "line": 28, "column": 6 },
        "end": { "line": 28, "column": null }
      },
      "8": {
        "start": { "line": 35, "column": 8 },
        "end": { "line": 38, "column": null }
      },
      "9": {
        "start": { "line": 36, "column": 4 },
        "end": { "line": 36, "column": null }
      },
      "10": {
        "start": { "line": 37, "column": 4 },
        "end": { "line": 37, "column": null }
      },
      "11": {
        "start": { "line": 40, "column": 8 },
        "end": { "line": 48, "column": null }
      },
      "12": {
        "start": { "line": 45, "column": 4 },
        "end": { "line": 45, "column": null }
      },
      "13": {
        "start": { "line": 45, "column": 30 },
        "end": { "line": 45, "column": null }
      },
      "14": {
        "start": { "line": 46, "column": 4 },
        "end": { "line": 46, "column": null }
      },
      "15": {
        "start": { "line": 47, "column": 4 },
        "end": { "line": 47, "column": null }
      },
      "16": {
        "start": { "line": 50, "column": 2 },
        "end": { "line": 176, "column": null }
      },
      "17": {
        "start": { "line": 50, "column": 2 },
        "end": { "line": 50, "column": null }
      },
      "18": {
        "start": { "line": 50, "column": 2 },
        "end": { "line": 68, "column": null }
      },
      "19": {
        "start": { "line": 59, "column": 20 },
        "end": { "line": 64, "column": 37 }
      },
      "20": {
        "start": { "line": 60, "column": 18 },
        "end": { "line": 60, "column": 31 }
      },
      "21": {
        "start": { "line": 64, "column": 37 },
        "end": { "line": 66, "column": 70 }
      },
      "22": {
        "start": { "line": 68, "column": 22 },
        "end": { "line": 77, "column": null }
      },
      "23": {
        "start": { "line": 68, "column": 22 },
        "end": { "line": 73, "column": null }
      },
      "24": {
        "start": { "line": 68, "column": 22 },
        "end": { "line": 73, "column": 30 }
      },
      "25": {
        "start": { "line": 73, "column": 30 },
        "end": { "line": 77, "column": 29 }
      },
      "26": {
        "start": { "line": 73, "column": 17 },
        "end": { "line": 77, "column": 29 }
      },
      "27": {
        "start": { "line": 77, "column": 29 },
        "end": { "line": 86, "column": null }
      },
      "28": {
        "start": { "line": 77, "column": 29 },
        "end": { "line": 80, "column": null }
      },
      "29": {
        "start": { "line": 77, "column": 29 },
        "end": { "line": 80, "column": 30 }
      },
      "30": {
        "start": { "line": 80, "column": 30 },
        "end": { "line": 86, "column": 40 }
      },
      "31": {
        "start": { "line": 80, "column": 17 },
        "end": { "line": 86, "column": 40 }
      },
      "32": {
        "start": { "line": 82, "column": 20 },
        "end": { "line": 82, "column": 32 }
      },
      "33": {
        "start": { "line": 86, "column": 40 },
        "end": { "line": 106, "column": null }
      },
      "34": {
        "start": { "line": 92, "column": 22 },
        "end": { "line": 92, "column": 55 }
      },
      "35": {
        "start": { "line": 92, "column": 24 },
        "end": { "line": 92, "column": 38 }
      },
      "36": {
        "start": { "line": 92, "column": 55 },
        "end": { "line": 92, "column": null }
      },
      "37": {
        "start": { "line": 92, "column": 55 },
        "end": { "line": 107, "column": 53 }
      },
      "38": {
        "start": { "line": 107, "column": 33 },
        "end": { "line": 107, "column": 53 }
      },
      "39": {
        "start": { "line": 107, "column": 53 },
        "end": { "line": 109, "column": null }
      },
      "40": {
        "start": { "line": 109, "column": 60 },
        "end": { "line": 106, "column": null }
      },
      "41": {
        "start": { "line": 95, "column": 18 },
        "end": { "line": 95, "column": 78 }
      },
      "42": {
        "start": { "line": 98, "column": 18 },
        "end": { "line": 100, "column": 31 }
      },
      "43": {
        "start": { "line": 106, "column": 28 },
        "end": { "line": 106, "column": 43 }
      },
      "44": {
        "start": { "line": 106, "column": 43 },
        "end": { "line": 106, "column": null }
      },
      "45": {
        "start": { "line": 106, "column": 43 },
        "end": { "line": 121, "column": null }
      },
      "46": {
        "start": { "line": 115, "column": 22 },
        "end": { "line": 115, "column": 54 }
      },
      "47": {
        "start": { "line": 115, "column": 24 },
        "end": { "line": 115, "column": 38 }
      },
      "48": {
        "start": { "line": 115, "column": 54 },
        "end": { "line": 115, "column": null }
      },
      "49": {
        "start": { "line": 115, "column": 54 },
        "end": { "line": 119, "column": 47 }
      },
      "50": {
        "start": { "line": 119, "column": 31 },
        "end": { "line": 119, "column": 47 }
      },
      "51": {
        "start": { "line": 119, "column": 47 },
        "end": { "line": 121, "column": null }
      },
      "52": {
        "start": { "line": 121, "column": 65 },
        "end": { "line": 121, "column": null }
      },
      "53": {
        "start": { "line": 121, "column": 65 },
        "end": { "line": 142, "column": null }
      },
      "54": {
        "start": { "line": 126, "column": 22 },
        "end": { "line": 126, "column": 37 }
      },
      "55": {
        "start": { "line": 126, "column": 37 },
        "end": { "line": 126, "column": null }
      },
      "56": {
        "start": { "line": 126, "column": 37 },
        "end": { "line": 131, "column": null }
      },
      "57": {
        "start": { "line": 131, "column": 40 },
        "end": { "line": 133, "column": null }
      },
      "58": {
        "start": { "line": 133, "column": 61 },
        "end": { "line": 140, "column": 58 }
      },
      "59": {
        "start": { "line": 140, "column": 33 },
        "end": { "line": 140, "column": 58 }
      },
      "60": {
        "start": { "line": 140, "column": 58 },
        "end": { "line": 142, "column": null }
      },
      "61": {
        "start": { "line": 142, "column": 67 },
        "end": { "line": 142, "column": null }
      },
      "62": {
        "start": { "line": 142, "column": 67 },
        "end": { "line": 56, "column": null }
      },
      "63": {
        "start": { "line": 56, "column": 204 },
        "end": { "line": 56, "column": null }
      },
      "64": {
        "start": { "line": 151, "column": 16 },
        "end": { "line": 151, "column": 36 }
      },
      "65": {
        "start": { "line": 151, "column": 36 },
        "end": { "line": 151, "column": null }
      },
      "66": {
        "start": { "line": 151, "column": 36 },
        "end": { "line": 161, "column": null }
      },
      "67": {
        "start": { "line": 156, "column": 12 },
        "end": { "line": 156, "column": null }
      },
      "68": {
        "start": { "line": 160, "column": 12 },
        "end": { "line": 160, "column": null }
      },
      "69": {
        "start": { "line": 153, "column": 15 },
        "end": { "line": 153, "column": 29 }
      },
      "70": {
        "start": { "line": 153, "column": 29 },
        "end": { "line": 153, "column": null }
      },
      "71": {
        "start": { "line": 153, "column": 29 },
        "end": { "line": 165, "column": null }
      },
      "72": {
        "start": { "line": 165, "column": 66 },
        "end": { "line": 176, "column": 66 }
      },
      "73": {
        "start": { "line": 176, "column": 66 },
        "end": { "line": 176, "column": null }
      },
      "74": {
        "start": { "line": 188, "column": 1 },
        "end": { "line": 188, "column": null }
      }
    },
    "fnMap": {
      "0": {
        "name": "AppHeader",
        "decl": {
          "start": { "line": 5, "column": 16 },
          "end": { "line": 5, "column": 26 }
        },
        "loc": {
          "start": { "line": 14, "column": 3 },
          "end": { "line": 188, "column": 1 }
        },
        "line": 14
      },
      "1": {
        "name": "(anonymous_1)",
        "decl": {
          "start": { "line": 22, "column": 2 },
          "end": { "line": 22, "column": 21 }
        },
        "loc": {
          "start": { "line": 22, "column": 21 },
          "end": { "line": 30, "column": 3 }
        },
        "line": 22
      },
      "2": {
        "name": "(anonymous_2)",
        "decl": {
          "start": { "line": 35, "column": 8 },
          "end": { "line": 35, "column": 36 }
        },
        "loc": {
          "start": { "line": 35, "column": 36 },
          "end": { "line": 38, "column": null }
        },
        "line": 35
      },
      "3": {
        "name": "(anonymous_3)",
        "decl": {
          "start": { "line": 40, "column": 8 },
          "end": { "line": 40, "column": 30 }
        },
        "loc": {
          "start": { "line": 40, "column": 30 },
          "end": { "line": 48, "column": null }
        },
        "line": 40
      },
      "4": {
        "name": "(anonymous_4)",
        "decl": {
          "start": { "line": 50, "column": 2 },
          "end": { "line": 50, "column": null }
        },
        "loc": {
          "start": { "line": 50, "column": 2 },
          "end": { "line": 56, "column": null }
        },
        "line": 50
      },
      "5": {
        "name": "icon",
        "decl": {
          "start": { "line": 59, "column": 16 },
          "end": { "line": 59, "column": 20 }
        },
        "loc": {
          "start": { "line": 59, "column": 20 },
          "end": { "line": 64, "column": null }
        },
        "line": 59
      },
      "6": {
        "name": "(anonymous_6)",
        "decl": {
          "start": { "line": 60, "column": 18 },
          "end": { "line": 60, "column": 24 }
        },
        "loc": {
          "start": { "line": 60, "column": 18 },
          "end": { "line": 60, "column": 31 }
        },
        "line": 60
      },
      "7": {
        "name": "(anonymous_7)",
        "decl": {
          "start": { "line": 64, "column": 37 },
          "end": { "line": 64, "column": null }
        },
        "loc": {
          "start": { "line": 64, "column": 37 },
          "end": { "line": 66, "column": null }
        },
        "line": 64
      },
      "8": {
        "name": "(anonymous_8)",
        "decl": {
          "start": { "line": 68, "column": 22 },
          "end": { "line": 68, "column": null }
        },
        "loc": {
          "start": { "line": 68, "column": 22 },
          "end": { "line": 77, "column": null }
        },
        "line": 68
      },
      "9": {
        "name": "(anonymous_9)",
        "decl": {
          "start": { "line": 73, "column": 30 },
          "end": { "line": 73, "column": null }
        },
        "loc": {
          "start": { "line": 73, "column": 17 },
          "end": { "line": 77, "column": 29 }
        },
        "line": 73
      },
      "10": {
        "name": "(anonymous_10)",
        "decl": {
          "start": { "line": 77, "column": 29 },
          "end": { "line": 77, "column": null }
        },
        "loc": {
          "start": { "line": 77, "column": 29 },
          "end": { "line": 86, "column": null }
        },
        "line": 77
      },
      "11": {
        "name": "(anonymous_11)",
        "decl": {
          "start": { "line": 80, "column": 30 },
          "end": { "line": 80, "column": null }
        },
        "loc": {
          "start": { "line": 80, "column": 17 },
          "end": { "line": 86, "column": 40 }
        },
        "line": 80
      },
      "12": {
        "name": "(anonymous_12)",
        "decl": {
          "start": { "line": 82, "column": 20 },
          "end": { "line": 82, "column": 26 }
        },
        "loc": {
          "start": { "line": 82, "column": 20 },
          "end": { "line": 82, "column": 32 }
        },
        "line": 82
      },
      "13": {
        "name": "when",
        "decl": {
          "start": { "line": 92, "column": 18 },
          "end": { "line": 92, "column": 22 }
        },
        "loc": {
          "start": { "line": 92, "column": 22 },
          "end": { "line": 92, "column": null }
        },
        "line": 92
      },
      "14": {
        "name": "(anonymous_14)",
        "decl": {
          "start": { "line": 92, "column": 24 },
          "end": { "line": 92, "column": 25 }
        },
        "loc": {
          "start": { "line": 92, "column": 24 },
          "end": { "line": 92, "column": 38 }
        },
        "line": 92
      },
      "15": {
        "name": "children",
        "decl": {
          "start": { "line": 92, "column": 55 },
          "end": { "line": 92, "column": null }
        },
        "loc": {
          "start": { "line": 92, "column": 55 },
          "end": { "line": 106, "column": null }
        },
        "line": 92
      },
      "16": {
        "name": "(anonymous_16)",
        "decl": {
          "start": { "line": 109, "column": 60 },
          "end": { "line": 109, "column": null }
        },
        "loc": {
          "start": { "line": 109, "column": 60 },
          "end": { "line": 106, "column": null }
        },
        "line": 109
      },
      "17": {
        "name": "when_2",
        "decl": {
          "start": { "line": 115, "column": 18 },
          "end": { "line": 115, "column": 22 }
        },
        "loc": {
          "start": { "line": 115, "column": 22 },
          "end": { "line": 115, "column": null }
        },
        "line": 115
      },
      "18": {
        "name": "(anonymous_18)",
        "decl": {
          "start": { "line": 115, "column": 24 },
          "end": { "line": 115, "column": 25 }
        },
        "loc": {
          "start": { "line": 115, "column": 24 },
          "end": { "line": 115, "column": 38 }
        },
        "line": 115
      },
      "19": {
        "name": "children_2",
        "decl": {
          "start": { "line": 115, "column": 54 },
          "end": { "line": 115, "column": null }
        },
[...]
        "loc": {
          "start": { "line": 483, "column": 24 },
          "end": { "line": 483, "column": null }
        },
        "type": "binary-expr",
        "locations": [
          {
            "start": { "line": 483, "column": 24 },
            "end": { "line": 483, "column": 56 }
          },
          {
            "start": { "line": 483, "column": 56 },
            "end": { "line": 483, "column": null }
          }
        ],
        "line": 483
      },
      "44": {
        "loc": {
          "start": { "line": 510, "column": 6 },
          "end": { "line": 516, "column": null }
        },
        "type": "if",
        "locations": [
          {
            "start": { "line": 510, "column": 6 },
            "end": { "line": 516, "column": null }
          },
          { "start": {}, "end": {} }
        ],
        "line": 510
      },
      "45": {
        "loc": {
          "start": { "line": 517, "column": 6 },
          "end": { "line": 523, "column": null }
        },
        "type": "if",
        "locations": [
          {
            "start": { "line": 517, "column": 6 },
            "end": { "line": 523, "column": null }
          },
          { "start": {}, "end": {} }
        ],
        "line": 517
      }
    },
    "s": {
      "0": 4,
      "1": 4,
      "2": 4,
      "3": 26,
      "4": 26,
      "5": 26,
      "6": 26,
      "7": 26,
      "8": 0,
      "9": 0,
      "10": 0,
      "11": 0,
      "12": 0,
      "13": 0,
      "14": 0,
      "15": 0,
      "16": 0,
      "17": 0,
      "18": 26,
      "19": 26,
      "20": 0,
      "21": 0,
      "22": 0,
      "23": 0,
      "24": 26,
      "25": 26,
      "26": 26,
      "27": 26,
      "28": 26,
      "29": 26,
      "30": 26,
      "31": 26,
      "32": 26,
      "33": 26,
      "34": 26,
      "35": 26,
      "36": 26,
      "37": 26,
      "38": 26,
      "39": 4,
      "40": 26,
      "41": 26,
      "42": 4,
      "43": 4,
      "44": 4,
      "45": 4,
      "46": 4,
      "47": 26,
      "48": 29,
      "49": 6,
      "50": 6,
      "51": 6,
      "52": 26,
      "53": 6,
      "54": 6,
      "55": 6,
      "56": 6,
      "57": 6,
      "58": 6,
      "59": 6,
      "60": 6,
      "61": 6,
      "62": 6,
      "63": 6,
      "64": 0,
      "65": 0,
      "66": 6,
      "67": 26,
      "68": 1,
      "69": 1,
      "70": 1,
      "71": 2,
      "72": 1,
      "73": 1,
      "74": 1,
      "75": 1,
      "76": 1,
      "77": 1,
      "78": 1,
      "79": 0,
      "80": 0,
      "81": 26,
      "82": 1,
      "83": 1,
      "84": 1,
      "85": 1,
      "86": 1,
      "87": 1,
      "88": 1,
      "89": 26,
      "90": 1,
      "91": 0,
      "92": 0,
      "93": 1,
      "94": 1,
      "95": 1,
      "96": 1,
      "97": 1,
      "98": 26,
      "99": 1,
      "100": 1,
      "101": 1,
      "102": 1,
      "103": 1,
      "104": 26,
      "105": 1,
      "106": 1,
      "107": 1,
      "108": 1,
      "109": 1,
      "110": 1,
      "111": 1,
      "112": 26,
      "113": 7,
      "114": 1,
      "115": 6,
      "116": 0,
      "117": 0,
      "118": 0,
      "119": 6,
      "120": 6,
      "121": 6,
      "122": 6,
      "123": 6,
      "124": 6,
      "125": 7,
      "126": 7,
      "127": 1,
      "128": 1,
      "129": 1,
      "130": 1,
      "131": 1,
      "132": 1,
      "133": 1,
      "134": 1,
      "135": 1,
      "136": 1,
      "137": 1,
      "138": 1,
      "139": 1,
      "140": 1,
      "141": 6,
      "142": 6,
      "143": 7,
      "144": 0,
      "145": 0,
      "146": 0,
      "147": 0,
      "148": 0,
      "149": 0,
      "150": 26,
      "151": 0,
      "152": 0,
      "153": 0,
      "154": 0,
      "155": 0,
      "156": 0,
      "157": 0,
      "158": 0,
      "159": 0,
      "160": 0,
      "161": 0,
      "162": 0,
      "163": 26,
      "164": 0,
      "165": 0,
      "166": 0,
      "167": 0,
      "168": 0,
      "169": 0,
      "170": 26,
      "171": 21,
      "172": 0,
      "173": 0,
      "174": 26,
      "175": 1,
      "176": 1,
      "177": 1,
      "178": 1,
      "179": 1,
      "180": 1,
      "181": 1,
      "182": 1,
      "183": 1,
      "184": 1,
      "185": 1,
      "186": 1,
      "187": 0,
      "188": 0,
      "189": 0,
      "190": 0,
      "191": 0,
      "192": 0,
      "193": 26,
      "194": 126,
      "195": 126,
      "196": 26,
      "197": 25,
      "198": 25,
      "199": 26,
      "200": 20,
      "201": 26,
      "202": 85,
      "203": 26,
      "204": 64,
      "205": 26,
      "206": 85,
      "207": 85,
      "208": 77,
      "209": 8,
      "210": 0,
      "211": 8,
      "212": 26,
      "213": 67,
      "214": 67,
      "215": 26,
      "216": 41,
      "217": 24,
      "218": 17,
      "219": 5,
      "220": 12,
      "221": 5,
      "222": 7,
      "223": 0,
      "224": 7,
      "225": 0,
      "226": 7,
      "227": 26,
      "228": 58,
      "229": 58,
      "230": 1,
      "231": 1,
      "232": 0,
      "233": 0,
      "234": 58,
      "235": 52,
      "236": 26,
      "237": 20,
      "238": 20,
      "239": 26,
      "240": 37,
      "241": 0,
      "242": 0,
      "243": 0,
      "244": 0,
      "245": 0,
      "246": 0,
      "247": 0
    },
    "f": {
      "0": 26,
      "1": 0,
      "2": 0,
      "3": 0,
      "4": 4,
      "5": 4,
      "6": 29,
      "7": 6,
      "8": 1,
      "9": 2,
      "10": 1,
      "11": 1,
      "12": 1,
      "13": 1,
      "14": 7,
      "15": 7,
      "16": 0,
      "17": 0,
      "18": 21,
      "19": 1,
      "20": 1,
      "21": 126,
      "22": 25,
      "23": 20,
      "24": 85,
      "25": 64,
      "26": 85,
      "27": 67,
      "28": 58,
      "29": 1,
      "30": 52,
      "31": 20,
      "32": 37,
      "33": 0
    },
    "b": {
      "0": [0, 0],
      "1": [0, 0],
      "2": [4, 0],
      "3": [4, 4],
      "4": [6, 23],
      "5": [29, 26],
      "6": [6, 0],
      "7": [1, 0],
      "8": [1, 0],
      "9": [1, 1],
      "10": [0, 0],
      "11": [0, 1],
      "12": [0, 1],
      "13": [0, 1],
      "14": [0, 0],
      "15": [0, 1],
      "16": [0, 1],
      "17": [7],
      "18": [1, 6],
      "19": [7, 7, 7],
      "20": [0, 6],
      "21": [1, 1, 1, 1, 1, 1, 1],
      "22": [0, 6],
      "23": [0, 6],
      "24": [0, 0],
      "25": [0, 0],
      "26": [0, 21],
      "27": [1, 0],
      "28": [1, 1],
      "29": [126, 25, 25, 0, 0],
      "30": [25, 20, 20, 0, 0],
      "31": [85, 8, 8],
      "32": [77, 8],
      "33": [85, 8],
      "34": [0, 8],
      "35": [8, 8],
      "36": [26, 41],
      "37": [24, 17],
      "38": [5, 12],
      "39": [5, 7],
      "40": [0, 7],
      "41": [7, 7],
      "42": [0, 7],
      "43": [37, 21],
      "44": [0, 0],
      "45": [0, 0]
    },
    "meta": {
      "lastBranch": 46,
      "lastFunction": 34,
      "lastStatement": 248,
      "seen": {
        "s:21:17:21:Infinity": 0,
        "s:22:24:22:Infinity": 1,
        "s:26:12:26:Infinity": 2,
        "f:28:16:28:30": 0,
        "s:29:17:29:36": 3,
        "s:33:2:51:Infinity": 4,
        "s:34:15:34:Infinity": 5,
        "s:35:4:35:Infinity": 6,
        "s:36:4:36:Infinity": 7,
        "s:38:4:38:Infinity": 8,
        "s:41:4:44:Infinity": 9,
        "s:45:4:45:Infinity": 10,
        "f:45:4:45:25": 1,
        "s:45:25:45:Infinity": 11,
        "s:46:4:50:Infinity": 12,
        "f:46:4:46:22": 2,
        "b:47:6:47:Infinity:undefined:undefined:undefined:undefined": 0,
        "s:47:6:47:Infinity": 13,
        "s:47:27:47:Infinity": 14,
        "b:48:6:48:Infinity:undefined:undefined:undefined:undefined": 1,
        "s:48:6:48:Infinity": 15,
        "s:48:28:48:Infinity": 16,
        "s:49:6:49:Infinity": 17,
        "s:54:2:67:Infinity": 18,
        "s:55:4:59:Infinity": 19,
        "s:61:4:61:Infinity": 20,
        "s:62:4:65:Infinity": 21,
        "s:66:4:66:Infinity": 22,
        "f:66:4:66:22": 3,
        "s:66:22:66:Infinity": 23,
        "s:69:32:69:Infinity": 24,
        "s:70:30:70:Infinity": 25,
        "s:71:26:71:Infinity": 26,
        "s:72:48:72:Infinity": 27,
        "s:73:38:73:Infinity": 28,
        "s:74:26:74:Infinity": 29,
        "s:75:36:79:Infinity": 30,
        "s:81:36:81:Infinity": 31,
        "s:82:22:82:Infinity": 32,
        "s:83:22:83:Infinity": 33,
        "s:84:18:84:Infinity": 34,
        "s:89:66:89:Infinity": 35,
        "s:91:20:91:Infinity": 36,
        "s:92:24:92:Infinity": 37,
        "s:94:8:94:Infinity": 38,
        "f:94:8:94:26": 4,
        "s:94:26:94:Infinity": 39,
        "s:96:28:96:Infinity": 40,
        "s:97:8:104:Infinity": 41,
        "f:97:8:97:21": 5,
        "s:98:4:98:Infinity": 42,
        "s:99:4:99:Infinity": 43,
        "b:100:4:103:Infinity:undefined:undefined:undefined:undefined": 2,
        "s:100:4:103:Infinity": 44,
        "b:100:8:100:37:100:37:100:61": 3,
        "s:101:6:101:Infinity": 45,
        "s:102:6:102:Infinity": 46,
        "s:106:8:112:Infinity": 47,
        "f:106:8:106:29": 6,
        "b:107:4:111:Infinity:undefined:undefined:undefined:undefined": 4,
        "s:107:4:111:Infinity": 48,
        "b:107:8:107:26:107:26:107:36": 5,
        "s:108:6:108:Infinity": 49,
        "s:109:6:109:Infinity": 50,
        "s:110:6:110:Infinity": 51,
        "s:114:8:131:Infinity": 52,
        "f:114:8:114:28": 7,
        "s:115:4:115:Infinity": 53,
        "s:116:4:116:Infinity": 54,
        "s:117:4:117:Infinity": 55,
        "b:118:4:129:Infinity:126:11:129:Infinity": 6,
        "s:118:4:129:Infinity": 56,
        "s:119:6:119:Infinity": 57,
        "s:120:6:120:Infinity": 58,
        "s:121:6:121:Infinity": 59,
        "s:122:6:122:Infinity": 60,
        "s:123:6:123:Infinity": 61,
        "s:124:6:124:Infinity": 62,
        "s:125:6:125:Infinity": 63,
        "s:127:6:127:Infinity": 64,
        "s:128:6:128:Infinity": 65,
        "s:130:4:130:Infinity": 66,
        "s:133:8:154:Infinity": 67,
        "f:133:8:133:26": 8,
        "s:134:4:134:Infinity": 68,
        "s:135:22:135:Infinity": 69,
        "s:136:28:139:Infinity": 70,
        "f:136:38:136:Infinity": 9,
        "s:137:18:137:Infinity": 71,
        "s:141:6:143:Infinity": 72,
        "b:142:10:142:Infinity:143:10:143:Infinity": 7,
        "s:144:4:144:Infinity": 73,
        "s:146:27:146:Infinity": 74,
        "b:147:4:153:Infinity:151:11:153:Infinity": 8,
        "s:147:4:153:Infinity": 75,
        "b:147:8:147:34:147:34:147:56": 9,
        "s:148:24:148:Infinity": 76,
        "s:149:6:149:Infinity": 77,
        "s:150:6:150:Infinity": 78,
        "b:151:11:153:Infinity:undefined:undefined:undefined:undefined": 10,
        "s:151:11:153:Infinity": 79,
        "s:152:6:152:Infinity": 80,
        "s:156:8:182:Infinity": 81,
        "f:156:8:156:22": 10,
        "s:161:4:161:Infinity": 82,
        "s:162:4:162:Infinity": 83,
        "s:163:4:163:Infinity": 84,
        "s:164:4:164:Infinity": 85,
        "b:164:36:164:61:164:61:164:67": 11,
        "s:165:4:165:Infinity": 86,
        "s:166:4:169:Infinity": 87,
        "b:167:24:167:56:167:56:167:Infinity": 12,
        "s:173:4:181:Infinity": 88,
        "b:175:10:175:Infinity:176:10:176:Infinity": 13,
        "b:175:74:175:79:175:79:175:Infinity": 14,
        "b:178:35:178:47:178:47:178:Infinity": 15,
        "s:184:8:199:Infinity": 89,
        "f:184:8:184:29": 11,
        "b:186:4:189:Infinity:undefined:undefined:undefined:undefined": 16,
        "s:186:4:189:Infinity": 90,
        "s:187:6:187:Infinity": 91,
        "s:188:6:188:Infinity": 92,
        "s:190:4:190:Infinity": 93,
        "s:191:4:191:Infinity": 94,
        "s:192:4:192:Infinity": 95,
        "s:193:4:193:Infinity": 96,
        "s:198:4:198:Infinity": 97,
        "s:201:8:207:Infinity": 98,
        "f:201:8:201:27": 12,
        "s:202:4:202:Infinity": 99,
        "s:203:4:203:Infinity": 100,
        "s:204:4:204:Infinity": 101,
        "s:205:4:205:Infinity": 102,
        "s:206:4:206:Infinity": 103,
        "s:209:8:219:Infinity": 104,
        "f:209:8:209:28": 13,
        "s:210:4:210:Infinity": 105,
        "s:211:4:211:Infinity": 106,
        "s:212:4:212:Infinity": 107,
        "s:213:4:213:Infinity": 108,
        "s:214:4:214:Infinity": 109,
        "s:215:4:215:Infinity": 110,
        "s:218:4:218:Infinity": 111,
        "s:221:22:312:Infinity": 112,
        "f:221:22:221:29": 14,
        "b:221:47:221:57": 17,
        "b:222:4:222:Infinity:undefined:undefined:undefined:undefined": 18,
        "s:222:4:222:Infinity": 113,
        "b:222:8:222:22:222:22:222:33:222:33:222:47": 19,
        "s:222:47:222:Infinity": 114,
        "b:224:4:233:Infinity:undefined:undefined:undefined:undefined": 20,
        "s:224:4:233:Infinity": 115,
        "s:225:6:227:Infinity": 116,
        "s:228:6:231:Infinity": 117,
        "s:232:6:232:Infinity": 118,
        "s:235:4:235:Infinity": 119,
        "s:240:4:240:Infinity": 120,
        "s:241:4:241:Infinity": 121,
        "s:242:4:242:Infinity": 122,
        "s:244:4:311:Infinity": 123,
        "s:245:6:275:Infinity": 124,
        "f:246:21:246:Infinity": 15,
        "s:248:26:248:Infinity": 125,
        "b:250:12:254:Infinity:255:12:257:Infinity:258:12:260:Infinity:261:12:263:Infinity:264:12:266:Infinity:267:12:269:Infinity:270:12:272:Infinity": 21,
        "s:249:10:273:Infinity": 126,
        "s:251:14:253:Infinity": 127,
        "s:254:14:254:Infinity": 128,
        "s:256:14:256:Infinity": 129,
        "s:257:14:257:Infinity": 130,
        "s:259:14:259:Infinity": 131,
        "s:260:14:260:Infinity": 132,
        "s:262:14:262:Infinity": 133,
        "s:263:14:263:Infinity": 134,
        "s:265:14:265:Infinity": 135,
        "s:266:14:266:Infinity": 136,
        "s:268:14:268:Infinity": 137,
        "s:269:14:269:Infinity": 138,
        "s:271:14:271:Infinity": 139,
        "s:272:14:272:Infinity": 140,
        "s:277:22:277:Infinity": 141,
        "s:279:24:297:Infinity": 142,
        "b:285:42:285:49:285:49:285:Infinity": 22,
        "b:293:51:293:72:293:72:293:Infinity": 23,
        "s:299:6:303:Infinity": 143,
        "s:305:6:305:Infinity": 144,
        "s:306:6:306:Infinity": 145,
        "s:307:6:307:Infinity": 146,
        "s:308:6:308:Infinity": 147,
        "s:309:6:309:Infinity": 148,
        "s:310:6:310:Infinity": 149,
        "s:314:23:333:Infinity": 150,
        "f:314:23:314:35": 16,
        "b:315:4:315:Infinity:undefined:undefined:undefined:undefined": 24,
        "s:315:4:315:Infinity": 151,
        "s:315:19:315:Infinity": 152,
        "s:316:4:332:Infinity": 153,
        "s:317:22:317:Infinity": 154,
        "b:318:6:326:Infinity:322:13:326:Infinity": 25,
        "s:318:6:326:Infinity": 155,
        "s:319:8:319:Infinity": 156,
        "s:320:8:320:Infinity": 157,
        "s:321:8:321:Infinity": 158,
        "s:324:8:324:Infinity": 159,
        "s:325:8:325:Infinity": 160,
        "s:330:6:330:Infinity": 161,
        "s:331:6:331:Infinity": 162,
        "s:335:23:348:Infinity": 163,
        "f:335:23:335:35": 17,
        "s:336:4:336:Infinity": 164,
        "s:337:4:347:Infinity": 165,
        "s:338:6:338:Infinity": 166,
        "s:340:6:340:Infinity": 167,
        "s:341:6:341:Infinity": 168,
        "s:346:6:346:Infinity": 169,
        "s:350:8:355:Infinity": 170,
        "f:350:8:350:43": 18,
        "b:351:4:354:Infinity:undefined:undefined:undefined:undefined": 26,
        "s:351:4:354:Infinity": 171,
        "s:352:6:352:Infinity": 172,
        "s:353:6:353:Infinity": 173,
        "s:357:22:384:Infinity": 174,
        "f:357:22:357:34": 19,
        "s:358:4:358:Infinity": 175,
        "s:359:4:383:Infinity": 176,
        "s:360:6:360:Infinity": 177,
        "s:361:6:361:Infinity": 178,
        "s:366:6:374:Infinity": 179,
        "f:366:28:366:45": 20,
        "s:367:8:367:Infinity": 180,
        "b:368:8:373:Infinity:undefined:undefined:undefined:undefined": 27,
        "s:368:8:373:Infinity": 181,
        "b:368:12:368:25:368:25:368:35": 28,
        "s:369:10:369:Infinity": 182,
        "s:370:10:370:Infinity": 183,
        "s:371:10:371:Infinity": 184,
        "s:372:10:372:Infinity": 185,
        "s:375:6:375:Infinity": 186,
        "s:377:6:377:Infinity": 187,
        "s:378:6:378:Infinity": 188,
        "s:379:6:379:Infinity": 189,
        "s:380:6:380:Infinity": 190,
        "s:381:6:381:Infinity": 191,
        "s:382:6:382:Infinity": 192,
        "s:386:8:393:Infinity": 193,
        "f:386:8:386:33": 21,
        "s:387:14:387:Infinity": 194,
        "s:388:4:391:Infinity": 195,
        "b:389:6:389:Infinity:390:8:390:30:390:30:390:Infinity:391:9:391:32:391:32:391:Infinity": 29,
        "s:395:8:402:Infinity": 196,
        "f:395:8:395:33": 22,
        "s:396:14:396:Infinity": 197,
        "s:397:4:400:Infinity": 198,
        "b:398:6:398:Infinity:399:8:399:30:399:30:399:Infinity:400:9:400:32:400:32:400:Infinity": 30,
        "s:404:8:404:Infinity": 199,
        "f:404:8:404:32": 23,
        "s:404:32:404:Infinity": 200,
        "s:406:8:407:Infinity": 201,
        "f:406:8:406:Infinity": 24,
        "s:407:4:407:Infinity": 202,
        "b:407:4:407:26:407:26:407:48:407:48:407:Infinity": 31,
        "s:409:8:409:Infinity": 203,
        "f:409:8:409:29": 25,
        "s:409:29:409:Infinity": 204,
        "s:411:8:416:Infinity": 205,
        "f:411:8:411:25": 26,
        "s:412:17:412:Infinity": 206,
        "b:413:4:413:Infinity:undefined:undefined:undefined:undefined": 32,
        "s:413:4:413:Infinity": 207,
        "b:413:8:413:25:413:25:413:40": 33,
        "s:413:40:413:Infinity": 208,
        "b:414:4:414:Infinity:undefined:undefined:undefined:undefined": 34,
        "s:414:4:414:Infinity": 209,
        "b:414:8:414:36:414:36:414:56": 35,
        "s:414:56:414:Infinity": 210,
        "s:415:4:415:Infinity": 211,
        "s:418:25:428:Infinity": 212,
        "f:418:25:418:42": 27,
        "s:419:17:419:Infinity": 213,
        "b:420:4:420:Infinity:undefined:undefined:undefined:undefined": 36,
        "s:420:4:420:Infinity": 214,
        "s:420:23:420:Infinity": 215,
        "b:421:4:421:Infinity:undefined:undefined:undefined:undefined": 37,
        "s:421:4:421:Infinity": 216,
        "s:421:29:421:Infinity": 217,
        "b:422:4:422:Infinity:undefined:undefined:undefined:undefined": 38,
        "s:422:4:422:Infinity": 218,
        "s:422:29:422:Infinity": 219,
        "b:423:4:423:Infinity:undefined:undefined:undefined:undefined": 39,
        "s:423:4:423:Infinity": 220,
        "s:423:28:423:Infinity": 221,
        "b:424:4:425:Infinity:undefined:undefined:undefined:undefined": 40,
        "s:424:4:425:Infinity": 222,
        "b:424:8:424:36:424:36:424:Infinity": 41,
        "s:425:6:425:Infinity": 223,
        "b:426:4:426:Infinity:undefined:undefined:undefined:undefined": 42,
        "s:426:4:426:Infinity": 224,
        "s:426:25:426:Infinity": 225,
        "s:427:4:427:Infinity": 226,
        "s:438:2:467:Infinity": 227,
        "f:438:2:438:21": 28,
        "s:439:4:448:Infinity": 228,
        "s:450:18:464:Infinity": 229,
        "f:450:29:450:41": 29,
        "s:451:6:463:Infinity": 230,
        "s:452:8:454:Infinity": 231,
        "s:456:8:456:Infinity": 232,
        "s:459:8:462:Infinity": 233,
        "s:466:4:466:Infinity": 234,
        "f:466:4:466:20": 30,
        "s:466:20:466:39": 235,
        "s:469:2:472:Infinity": 236,
        "f:469:2:469:18": 31,
        "s:470:4:470:Infinity": 237,
        "s:471:4:471:Infinity": 238,
        "s:474:2:527:Infinity": 239,
        "f:483:4:483:24": 32,
        "s:483:24:483:Infinity": 240,
        "b:483:24:483:56:483:56:483:Infinity": 43,
        "f:509:14:509:26": 33,
        "b:510:6:516:Infinity:undefined:undefined:undefined:undefined": 44,
        "s:510:6:516:Infinity": 241,
        "s:511:8:514:Infinity": 242,
        "s:515:8:515:Infinity": 243,
        "b:517:6:523:Infinity:undefined:undefined:undefined:undefined": 45,
        "s:517:6:523:Infinity": 244,
        "s:518:8:521:Infinity": 245,
        "s:522:8:522:Infinity": 246,
        "s:524:6:524:Infinity": 247
      },
      "fnNames": {}
    }
  }
}
