{
  "C:\\Users\\xorex\\Code\\ubet-render\\src\\App.tsx": {
    "path": "C:\\Users\\xorex\\Code\\ubet-render\\src\\App.tsx",
    "statementMap": {
      "0": {
        "start": { "line": 34, "column": 19 },
        "end": { "line": 34, "column": 31 }
      },
      "1": {
        "start": { "line": 35, "column": 2 },
        "end": { "line": 36, "column": null }
      },
      "2": {
        "start": { "line": 36, "column": 37 },
        "end": { "line": 36, "column": 64 }
      },
      "3": {
        "start": { "line": 46, "column": 23 },
        "end": { "line": 46, "column": null }
      },
      "4": {
        "start": { "line": 47, "column": 36 },
        "end": { "line": 47, "column": null }
      },
      "5": {
        "start": { "line": 48, "column": 20 },
        "end": { "line": 48, "column": 37 }
      },
      "6": {
        "start": { "line": 50, "column": 8 },
        "end": { "line": 51, "column": null }
      },
      "7": {
        "start": { "line": 51, "column": 4 },
        "end": { "line": 51, "column": null }
      },
      "8": {
        "start": { "line": 54, "column": 2 },
        "end": { "line": 102, "column": null }
      },
      "9": {
        "start": { "line": 57, "column": 23 },
        "end": { "line": 57, "column": null }
      },
      "10": {
        "start": { "line": 58, "column": 4 },
        "end": { "line": 60, "column": null }
      },
      "11": {
        "start": { "line": 59, "column": 6 },
        "end": { "line": 59, "column": null }
      },
      "12": {
        "start": { "line": 62, "column": 10 },
        "end": { "line": 98, "column": null }
      },
      "13": {
        "start": { "line": 63, "column": 18 },
        "end": { "line": 63, "column": null }
      },
      "14": {
        "start": { "line": 66, "column": 6 },
        "end": { "line": 70, "column": null }
      },
      "15": {
        "start": { "line": 67, "column": 8 },
        "end": { "line": 67, "column": null }
      },
      "16": {
        "start": { "line": 68, "column": 8 },
        "end": { "line": 68, "column": null }
      },
      "17": {
        "start": { "line": 69, "column": 8 },
        "end": { "line": 69, "column": null }
      },
      "18": {
        "start": { "line": 73, "column": 6 },
        "end": { "line": 78, "column": null }
      },
      "19": {
        "start": { "line": 74, "column": 8 },
        "end": { "line": 74, "column": null }
      },
      "20": {
        "start": { "line": 75, "column": 8 },
        "end": { "line": 75, "column": null }
      },
      "21": {
        "start": { "line": 76, "column": 8 },
        "end": { "line": 76, "column": null }
      },
      "22": {
        "start": { "line": 77, "column": 8 },
        "end": { "line": 77, "column": null }
      },
      "23": {
        "start": { "line": 81, "column": 6 },
        "end": { "line": 85, "column": null }
      },
      "24": {
        "start": { "line": 82, "column": 8 },
        "end": { "line": 82, "column": null }
      },
      "25": {
        "start": { "line": 83, "column": 8 },
        "end": { "line": 83, "column": null }
      },
      "26": {
        "start": { "line": 84, "column": 8 },
        "end": { "line": 84, "column": null }
      },
      "27": {
        "start": { "line": 88, "column": 6 },
        "end": { "line": 92, "column": null }
      },
      "28": {
        "start": { "line": 89, "column": 8 },
        "end": { "line": 89, "column": null }
      },
      "29": {
        "start": { "line": 90, "column": 8 },
        "end": { "line": 90, "column": null }
      },
      "30": {
        "start": { "line": 91, "column": 8 },
        "end": { "line": 91, "column": null }
      },
      "31": {
        "start": { "line": 93, "column": 6 },
        "end": { "line": 97, "column": null }
      },
      "32": {
        "start": { "line": 94, "column": 8 },
        "end": { "line": 94, "column": null }
      },
      "33": {
        "start": { "line": 95, "column": 8 },
        "end": { "line": 95, "column": null }
      },
      "34": {
        "start": { "line": 96, "column": 8 },
        "end": { "line": 96, "column": null }
      },
      "35": {
        "start": { "line": 100, "column": 4 },
        "end": { "line": 100, "column": null }
      },
      "36": {
        "start": { "line": 101, "column": 4 },
        "end": { "line": 101, "column": null }
      },
      "37": {
        "start": { "line": 101, "column": 20 },
        "end": { "line": 101, "column": 72 }
      },
      "38": {
        "start": { "line": 105, "column": 2 },
        "end": { "line": 126, "column": null }
      },
      "39": {
        "start": { "line": 106, "column": 16 },
        "end": { "line": 106, "column": null }
      },
      "40": {
        "start": { "line": 107, "column": 17 },
        "end": { "line": 107, "column": null }
      },
      "41": {
        "start": { "line": 108, "column": 22 },
        "end": { "line": 108, "column": null }
      },
      "42": {
        "start": { "line": 108, "column": 39 },
        "end": { "line": 108, "column": 58 }
      },
      "43": {
        "start": { "line": 110, "column": 4 },
        "end": { "line": 125, "column": null }
      },
      "44": {
        "start": { "line": 111, "column": 6 },
        "end": { "line": 113, "column": null }
      },
      "45": {
        "start": { "line": 114, "column": 11 },
        "end": { "line": 125, "column": null }
      },
      "46": {
        "start": { "line": 115, "column": 6 },
        "end": { "line": 117, "column": null }
      },
      "47": {
        "start": { "line": 118, "column": 11 },
        "end": { "line": 125, "column": null }
      },
      "48": {
        "start": { "line": 120, "column": 6 },
        "end": { "line": 122, "column": null }
      },
      "49": {
        "start": { "line": 124, "column": 6 },
        "end": { "line": 124, "column": null }
      },
      "50": {
        "start": { "line": 128, "column": 2 },
        "end": { "line": 175, "column": null }
      },
      "51": {
        "start": { "line": 128, "column": 2 },
        "end": { "line": 128, "column": null }
      },
      "52": {
        "start": { "line": 128, "column": 2 },
        "end": { "line": 131, "column": null }
      },
      "53": {
        "start": { "line": 131, "column": 15 },
        "end": { "line": 137, "column": null }
      },
      "54": {
        "start": { "line": 137, "column": 29 },
        "end": { "line": 161, "column": 13 }
      },
      "55": {
        "start": { "line": 155, "column": 14 },
        "end": { "line": 160, "column": null }
      },
      "56": {
        "start": { "line": 156, "column": 16 },
        "end": { "line": 156, "column": null }
      },
      "57": {
        "start": { "line": 157, "column": 16 },
        "end": { "line": 159, "column": null }
      },
      "58": {
        "start": { "line": 158, "column": 18 },
        "end": { "line": 158, "column": null }
      },
      "59": {
        "start": { "line": 161, "column": 13 },
        "end": { "line": 167, "column": 53 }
      },
      "60": {
        "start": { "line": 167, "column": 29 },
        "end": { "line": 167, "column": 53 }
      },
      "61": {
        "start": { "line": 167, "column": 53 },
        "end": { "line": 169, "column": null }
      },
      "62": {
        "start": { "line": 169, "column": 65 },
        "end": { "line": 176, "column": 53 }
      },
      "63": {
        "start": { "line": 176, "column": 29 },
        "end": { "line": 176, "column": 53 }
      },
      "64": {
        "start": { "line": 176, "column": 53 },
        "end": { "line": 178, "column": null }
      },
      "65": {
        "start": { "line": 178, "column": 63 },
        "end": { "line": 181, "column": null }
      },
      "66": {
        "start": { "line": 180, "column": 24 },
        "end": { "line": 180, "column": 52 }
      },
      "67": {
        "start": { "line": 180, "column": 52 },
        "end": { "line": 180, "column": null }
      },
      "68": {
        "start": { "line": 180, "column": 52 },
        "end": { "line": 181, "column": null }
      },
      "69": {
        "start": { "line": 181, "column": 51 },
        "end": { "line": 181, "column": 73 }
      },
      "70": {
        "start": { "line": 181, "column": 73 },
        "end": { "line": 181, "column": null }
      },
      "71": {
        "start": { "line": 181, "column": 73 },
        "end": { "line": 190, "column": null }
      },
      "72": {
        "start": { "line": 188, "column": 20 },
        "end": { "line": 188, "column": 39 }
      },
      "73": {
        "start": { "line": 188, "column": 39 },
        "end": { "line": 188, "column": null }
      },
      "74": {
        "start": { "line": 188, "column": 39 },
        "end": { "line": 190, "column": null }
      },
      "75": {
        "start": { "line": 190, "column": 57 },
        "end": { "line": 190, "column": null }
      },
      "76": {
        "start": { "line": 190, "column": 57 },
        "end": { "line": 197, "column": null }
      },
      "77": {
        "start": { "line": 195, "column": 16 },
        "end": { "line": 195, "column": 36 }
      },
      "78": {
        "start": { "line": 196, "column": 20 },
        "end": { "line": 197, "column": null }
      },
      "79": {
        "start": { "line": 197, "column": 24 },
        "end": { "line": 197, "column": 44 }
      },
      "80": {
        "start": { "line": 197, "column": 44 },
        "end": { "line": 197, "column": null }
      },
      "81": {
        "start": { "line": 197, "column": 44 },
        "end": { "line": 261, "column": null }
      },
      "82": {
        "start": { "line": 213, "column": 18 },
        "end": { "line": 213, "column": 46 }
      },
      "83": {
        "start": { "line": 213, "column": 46 },
        "end": { "line": 213, "column": null }
      },
      "84": {
        "start": { "line": 213, "column": 46 },
        "end": { "line": 228, "column": 63 }
      },
      "85": {
        "start": { "line": 228, "column": 39 },
        "end": { "line": 228, "column": 63 }
      },
      "86": {
        "start": { "line": 228, "column": 63 },
        "end": { "line": 230, "column": null }
      },
      "87": {
        "start": { "line": 230, "column": 66 },
        "end": { "line": 235, "column": null }
      },
      "88": {
        "start": { "line": 235, "column": 31 },
        "end": { "line": 237, "column": null }
      },
      "89": {
        "start": { "line": 237, "column": 33 },
        "end": { "line": 249, "column": null }
      },
      "90": {
        "start": { "line": 242, "column": 29 },
        "end": { "line": 242, "column": 49 }
      },
      "91": {
        "start": { "line": 243, "column": 28 },
        "end": { "line": 243, "column": 47 }
      },
      "92": {
        "start": { "line": 244, "column": 29 },
        "end": { "line": 244, "column": 51 }
      },
      "93": {
        "start": { "line": 245, "column": 30 },
        "end": { "line": 245, "column": 53 }
      },
      "94": {
        "start": { "line": 246, "column": 30 },
        "end": { "line": 246, "column": 53 }
      },
      "95": {
        "start": { "line": 247, "column": 29 },
        "end": { "line": 247, "column": 51 }
      },
      "96": {
        "start": { "line": 248, "column": 30 },
        "end": { "line": 248, "column": 51 }
      },
      "97": {
        "start": { "line": 249, "column": 36 },
        "end": { "line": 249, "column": 63 }
      },
      "98": {
        "start": { "line": 249, "column": 63 },
        "end": { "line": 252, "column": null }
      },
      "99": {
        "start": { "line": 252, "column": 38 },
        "end": { "line": 252, "column": 63 }
      },
      "100": {
        "start": { "line": 252, "column": 63 },
        "end": { "line": 261, "column": null }
      },
      "101": {
        "start": { "line": 255, "column": 26 },
        "end": { "line": 256, "column": 76 }
      },
      "102": {
        "start": { "line": 256, "column": 76 },
        "end": { "line": 261, "column": null }
      },
      "103": {
        "start": { "line": 260, "column": 29 },
        "end": { "line": 260, "column": 57 }
      },
      "104": {
        "start": { "line": 261, "column": 27 },
        "end": { "line": 261, "column": 50 }
      },
      "105": {
        "start": { "line": 261, "column": 50 },
        "end": { "line": 261, "column": null }
      },
      "106": {
        "start": { "line": 261, "column": 50 },
        "end": { "line": 312, "column": null }
      },
      "107": {
        "start": { "line": 272, "column": 18 },
        "end": { "line": 272, "column": 46 }
      },
      "108": {
        "start": { "line": 272, "column": 46 },
        "end": { "line": 272, "column": null }
      },
      "109": {
        "start": { "line": 272, "column": 46 },
        "end": { "line": 282, "column": 57 }
      },
      "110": {
        "start": { "line": 282, "column": 33 },
        "end": { "line": 282, "column": 57 }
      },
      "111": {
        "start": { "line": 282, "column": 57 },
        "end": { "line": 284, "column": null }
      },
      "112": {
        "start": { "line": 284, "column": 66 },
        "end": { "line": 298, "column": null }
      },
      "113": {
        "start": { "line": 298, "column": 30 },
        "end": { "line": 303, "column": null }
      },
      "114": {
        "start": { "line": 303, "column": 23 },
        "end": { "line": 303, "column": 45 }
      },
      "115": {
        "start": { "line": 303, "column": 45 },
        "end": { "line": 307, "column": null }
      },
      "116": {
        "start": { "line": 307, "column": 34 },
        "end": { "line": 307, "column": 51 }
      },
      "117": {
        "start": { "line": 307, "column": 51 },
        "end": { "line": 312, "column": null }
      },
      "118": {
        "start": { "line": 312, "column": 31 },
        "end": { "line": 312, "column": 48 }
      },
      "119": {
        "start": { "line": 312, "column": 48 },
        "end": { "line": 312, "column": null }
      },
      "120": {
        "start": { "line": 312, "column": 48 },
        "end": { "line": 175, "column": null }
      },
      "121": {
        "start": { "line": 165, "column": 29 },
        "end": { "line": 165, "column": 55 }
      },
      "122": {
        "start": { "line": 166, "column": 21 },
        "end": { "line": 166, "column": 41 }
      },
      "123": {
        "start": { "line": 174, "column": 29 },
        "end": { "line": 174, "column": 55 }
      },
      "124": {
        "start": { "line": 175, "column": 21 },
        "end": { "line": 175, "column": 41 }
      },
      "125": {
        "start": { "line": 175, "column": 41 },
        "end": { "line": 175, "column": null }
      },
      "126": {
        "start": { "line": 323, "column": 2 },
        "end": { "line": 328, "column": null }
      },
      "127": {
        "start": { "line": 325, "column": 27 },
        "end": { "line": 325, "column": 73 }
      },
      "128": {
        "start": { "line": 325, "column": 73 },
        "end": { "line": 328, "column": null }
      },
      "129": {
        "start": { "line": 328, "column": 18 },
        "end": { "line": 328, "column": 56 }
      },
      "130": {
        "start": { "line": 332, "column": 1 },
        "end": { "line": 332, "column": null }
      }
    },
    "fnMap": {
      "0": {
        "name": "PipelineBridge",
        "decl": {
          "start": { "line": 33, "column": 9 },
          "end": { "line": 33, "column": 24 }
        },
        "loc": {
          "start": { "line": 33, "column": 82 },
          "end": { "line": 38, "column": null }
        },
        "line": 33
      },
      "1": {
        "name": "children",
        "decl": {
          "start": { "line": 36, "column": 37 },
          "end": { "line": 36, "column": 40 }
        },
        "loc": {
          "start": { "line": 36, "column": 37 },
          "end": { "line": 36, "column": null }
        },
        "line": 36
      },
      "2": {
        "name": "Dashboard",
        "decl": {
          "start": { "line": 45, "column": 9 },
          "end": { "line": 45, "column": 19 }
        },
        "loc": {
          "start": { "line": 45, "column": 50 },
          "end": { "line": 320, "column": null }
        },
        "line": 45
      },
      "3": {
        "name": "(anonymous_3)",
        "decl": {
          "start": { "line": 50, "column": 8 },
          "end": { "line": 50, "column": 20 }
        },
        "loc": {
          "start": { "line": 51, "column": 4 },
          "end": { "line": 51, "column": null }
        },
        "line": 51
      },
      "4": {
        "name": "(anonymous_4)",
        "decl": {
          "start": { "line": 54, "column": 2 },
          "end": { "line": 54, "column": 16 }
        },
        "loc": {
          "start": { "line": 54, "column": 16 },
          "end": { "line": 102, "column": 3 }
        },
        "line": 54
      },
      "5": {
        "name": "(anonymous_5)",
        "decl": {
          "start": { "line": 58, "column": 29 },
          "end": { "line": 58, "column": 35 }
        },
        "loc": {
          "start": { "line": 58, "column": 41 },
          "end": { "line": 60, "column": 5 }
        },
        "line": 58
      },
      "6": {
        "name": "(anonymous_6)",
        "decl": {
          "start": { "line": 62, "column": 10 },
          "end": { "line": 62, "column": 27 }
        },
        "loc": {
          "start": { "line": 62, "column": 48 },
          "end": { "line": 98, "column": null }
        },
        "line": 62
      },
      "7": {
        "name": "(anonymous_7)",
        "decl": {
          "start": { "line": 68, "column": 25 },
          "end": { "line": 68, "column": 37 }
        },
        "loc": {
          "start": { "line": 68, "column": 37 },
          "end": { "line": 68, "column": 39 }
        },
        "line": 68
      },
      "8": {
        "name": "(anonymous_8)",
        "decl": {
          "start": { "line": 83, "column": 29 },
          "end": { "line": 83, "column": 41 }
        },
        "loc": {
          "start": { "line": 83, "column": 41 },
          "end": { "line": 83, "column": 43 }
        },
        "line": 83
      },
      "9": {
        "name": "(anonymous_9)",
        "decl": {
          "start": { "line": 101, "column": 4 },
          "end": { "line": 101, "column": 20 }
        },
        "loc": {
          "start": { "line": 101, "column": 20 },
          "end": { "line": 101, "column": 72 }
        },
        "line": 101
      },
      "10": {
        "name": "(anonymous_10)",
        "decl": {
          "start": { "line": 105, "column": 2 },
          "end": { "line": 105, "column": 21 }
        },
        "loc": {
          "start": { "line": 105, "column": 21 },
          "end": { "line": 126, "column": 3 }
        },
        "line": 105
      },
      "11": {
        "name": "(anonymous_11)",
        "decl": {
          "start": { "line": 108, "column": 27 },
          "end": { "line": 108, "column": 33 }
        },
        "loc": {
          "start": { "line": 108, "column": 39 },
          "end": { "line": 108, "column": 58 }
        },
        "line": 108
      },
      "12": {
        "name": "(anonymous_12)",
        "decl": {
          "start": { "line": 113, "column": 9 },
          "end": { "line": 113, "column": 21 }
        },
        "loc": {
          "start": { "line": 113, "column": 21 },
          "end": { "line": 113, "column": 23 }
        },
        "line": 113
      },
      "13": {
        "name": "(anonymous_13)",
        "decl": {
          "start": { "line": 117, "column": 9 },
          "end": { "line": 117, "column": 21 }
        },
        "loc": {
          "start": { "line": 117, "column": 21 },
          "end": { "line": 117, "column": 23 }
        },
        "line": 117
      },
      "14": {
        "name": "(anonymous_14)",
        "decl": {
          "start": { "line": 122, "column": 9 },
          "end": { "line": 122, "column": 21 }
        },
        "loc": {
          "start": { "line": 122, "column": 21 },
          "end": { "line": 122, "column": 23 }
        },
        "line": 122
      },
      "15": {
        "name": "(anonymous_15)",
        "decl": {
          "start": { "line": 124, "column": 51 },
          "end": { "line": 124, "column": 63 }
        },
        "loc": {
          "start": { "line": 124, "column": 63 },
          "end": { "line": 124, "column": 65 }
        },
        "line": 124
      },
      "16": {
        "name": "(anonymous_16)",
        "decl": {
          "start": { "line": 128, "column": 2 },
          "end": { "line": 128, "column": null }
        },
        "loc": {
          "start": { "line": 128, "column": 2 },
          "end": { "line": 175, "column": null }
        },
        "line": 128
      },
      "17": {
        "name": "(anonymous_17)",
        "decl": {
          "start": { "line": 137, "column": 29 },
          "end": { "line": 137, "column": null }
        },
        "loc": {
          "start": { "line": 154, "column": 30 },
          "end": { "line": 161, "column": 13 }
        },
        "line": 154
      },
      "18": {
        "name": "(anonymous_18)",
        "decl": {
          "start": { "line": 157, "column": 16 },
          "end": { "line": 157, "column": 30 }
        },
        "loc": {
          "start": { "line": 158, "column": 18 },
          "end": { "line": 158, "column": null }
        },
        "line": 158
      },
      "19": {
        "name": "(anonymous_19)",
        "decl": {
          "start": { "line": 161, "column": 13 },
          "end": { "line": 161, "column": null }
        },
        "loc": {
          "start": { "line": 167, "column": 29 },
          "end": { "line": 167, "column": 53 }
        },
        "line": 167
      },
      "20": {
        "name": "(anonymous_20)",
        "decl": {
          "start": { "line": 169, "column": 65 },
          "end": { "line": 169, "column": null }
        },
        "loc": {
          "start": { "line": 176, "column": 29 },
          "end": { "line": 176, "column": 53 }
        },
        "line": 176
      },
      "21": {
        "name": "when",
        "decl": {
          "start": { "line": 180, "column": 20 },
          "end": { "line": 180, "column": 24 }
        },
        "loc": {
          "start": { "line": 180, "column": 24 },
          "end": { "line": 180, "column": null }
        },
        "line": 180
      },
      "22": {
        "name": "children_2",
        "decl": {
          "start": { "line": 180, "column": 52 },
          "end": { "line": 180, "column": null }
        },
        "loc": {
          "start": { "line": 180, "column": 52 },
          "end": { "line": 181, "column": null }
        },
        "line": 180
      },
      "23": {
        "name": "when_2",
        "decl": {
          "start": { "line": 188, "column": 16 },
          "end": { "line": 188, "column": 20 }
        },
        "loc": {
          "start": { "line": 188, "column": 20 },
          "end": { "line": 188, "column": null }
        },
        "line": 188
      },
      "24": {
        "name": "children_3",
        "decl": {
          "start": { "line": 188, "column": 39 },
          "end": { "line": 188, "column": null }
        },
        "loc": {
          "start": { "line": 188, "column": 39 },
          "end": { "line": 190, "column": null }
        },
        "line": 188
      },
      "25": {
        "name": "when_3",
        "decl": {
          "start": { "line": 195, "column": 12 },
          "end": { "line": 195, "column": 16 }
        },
        "loc": {
          "start": { "line": 195, "column": 16 },
          "end": { "line": 195, "column": null }
        },
        "line": 195
      },
      "26": {
        "name": "fallback",
        "decl": {
          "start": { "line": 196, "column": 12 },
          "end": { "line": 196, "column": 20 }
        },
        "loc": {
          "start": { "line": 196, "column": 20 },
          "end": { "line": 197, "column": null }
        },
        "line": 196
      },
      "27": {
        "name": "when_4",
        "decl": {
          "start": { "line": 197, "column": 20 },
          "end": { "line": 197, "column": 24 }
        },
        "loc": {
          "start": { "line": 197, "column": 24 },
          "end": { "line": 197, "column": null }
        },
        "line": 197
      },
      "28": {
        "name": "children_4",
        "decl": {
          "start": { "line": 197, "column": 44 },
          "end": { "line": 197, "column": null }
        },
        "loc": {
          "start": { "line": 197, "column": 44 },
          "end": { "line": 197, "column": null }
        },
        "line": 197
      },
      "29": {
        "name": "when_5",
        "decl": {
          "start": { "line": 213, "column": 14 },
          "end": { "line": 213, "column": 18 }
        },
        "loc": {
          "start": { "line": 213, "column": 18 },
          "end": { "line": 213, "column": null }
        },
        "line": 213
      },
      "30": {
        "name": "children_5",
        "decl": {
          "start": { "line": 213, "column": 46 },
          "end": { "line": 213, "column": null }
        },
        "loc": {
          "start": { "line": 213, "column": 46 },
          "end": { "line": 261, "column": null }
        },
        "line": 213
      },
      "31": {
        "name": "running",
        "decl": {
          "start": { "line": 242, "column": 22 },
          "end": { "line": 242, "column": 29 }
        },
        "loc": {
          "start": { "line": 242, "column": 29 },
          "end": { "line": 242, "column": null }
        },
        "line": 242
      },
      "32": {
        "name": "paused",
        "decl": {
          "start": { "line": 243, "column": 22 },
          "end": { "line": 243, "column": 28 }
        },
        "loc": {
          "start": { "line": 243, "column": 28 },
          "end": { "line": 243, "column": null }
        },
        "line": 243
      },
      "33": {
        "name": "onStart",
        "decl": {
          "start": { "line": 244, "column": 22 },
          "end": { "line": 244, "column": 29 }
        },
        "loc": {
          "start": { "line": 244, "column": 29 },
          "end": { "line": 244, "column": null }
        },
        "line": 244
      },
      "34": {
        "name": "onResume",
        "decl": {
          "start": { "line": 245, "column": 22 },
          "end": { "line": 245, "column": 30 }
        },
        "loc": {
          "start": { "line": 245, "column": 30 },
          "end": { "line": 245, "column": null }
        },
        "line": 245
      },
      "35": {
        "name": "onCancel",
        "decl": {
          "start": { "line": 246, "column": 22 },
          "end": { "line": 246, "column": 30 }
        },
        "loc": {
          "start": { "line": 246, "column": 30 },
          "end": { "line": 246, "column": null }
        },
        "line": 246
      },
      "36": {
        "name": "onPause",
        "decl": {
          "start": { "line": 247, "column": 22 },
          "end": { "line": 247, "column": 29 }
        },
        "loc": {
          "start": { "line": 247, "column": 29 },
          "end": { "line": 247, "column": null }
        },
        "line": 247
      },
      "37": {
        "name": "canStart",
        "decl": {
          "start": { "line": 248, "column": 22 },
          "end": { "line": 248, "column": 30 }
        },
        "loc": {
          "start": { "line": 248, "column": 30 },
          "end": { "line": 248, "column": null }
        },
        "line": 248
      },
      "38": {
        "name": "disabledReason",
        "decl": {
          "start": { "line": 249, "column": 22 },
          "end": { "line": 249, "column": 36 }
        },
        "loc": {
          "start": { "line": 249, "column": 36 },
          "end": { "line": 249, "column": null }
        },
        "line": 249
      },
      "39": {
        "name": "info",
        "decl": {
          "start": { "line": 252, "column": 34 },
          "end": { "line": 252, "column": 38 }
        },
        "loc": {
          "start": { "line": 252, "column": 38 },
          "end": { "line": 252, "column": null }
        },
        "line": 252
      },
      "40": {
        "name": "when_6",
        "decl": {
          "start": { "line": 255, "column": 22 },
          "end": { "line": 255, "column": 26 }
        },
        "loc": {
          "start": { "line": 255, "column": 26 },
          "end": { "line": 256, "column": null }
        },
        "line": 255
      },
      "41": {
        "name": "children_6",
        "decl": {
          "start": { "line": 256, "column": 76 },
          "end": { "line": 256, "column": null }
        },
        "loc": {
          "start": { "line": 256, "column": 76 },
          "end": { "line": 261, "column": null }
        },
        "line": 256
      },
      "42": {
        "name": "value",
        "decl": {
          "start": { "line": 260, "column": 24 },
          "end": { "line": 260, "column": 29 }
        },
        "loc": {
          "start": { "line": 260, "column": 29 },
          "end": { "line": 260, "column": null }
        },
        "line": 260
      },
      "43": {
        "name": "eta",
        "decl": {
          "start": { "line": 261, "column": 24 },
          "end": { "line": 261, "column": 27 }
        },
        "loc": {
          "start": { "line": 261, "column": 27 },
          "end": { "line": 261, "column": null }
        },
        "line": 261
      },
      "44": {
        "name": "when_7",
        "decl": {
          "start": { "line": 272, "column": 14 },
          "end": { "line": 272, "column": 18 }
        },
        "loc": {
          "start": { "line": 272, "column": 18 },
          "end": { "line": 272, "column": null }
        },
        "line": 272
      },
      "45": {
        "name": "children_7",
        "decl": {
          "start": { "line": 272, "column": 46 },
          "end": { "line": 272, "column": null }
        },
        "loc": {
          "start": { "line": 272, "column": 46 },
          "end": { "line": 312, "column": null }
        },
        "line": 272
      },
      "46": {
        "name": "(anonymous_46)",
        "decl": {
          "start": { "line": 298, "column": 30 },
          "end": { "line": 298, "column": null }
        },
        "loc": {
          "start": { "line": 303, "column": 23 },
          "end": { "line": 303, "column": 45 }
        },
        "line": 303
      },
      "47": {
        "name": "jobs",
        "decl": {
          "start": { "line": 307, "column": 30 },
          "end": { "line": 307, "column": 34 }
        },
        "loc": {
          "start": { "line": 307, "column": 34 },
          "end": { "line": 307, "column": null }
        },
        "line": 307
      },
      "48": {
        "name": "logs",
        "decl": {
          "start": { "line": 312, "column": 27 },
          "end": { "line": 312, "column": 31 }
        },
        "loc": {
          "start": { "line": 312, "column": 31 },
          "end": { "line": 312, "column": null }
        },
        "line": 312
      },
      "49": {
        "name": "(anonymous_49)",
        "decl": {
          "start": { "line": 312, "column": 48 },
          "end": { "line": 312, "column": null }
        },
        "loc": {
          "start": { "line": 312, "column": 48 },
          "end": { "line": 175, "column": null }
        },
        "line": 312
      },
      "50": {
        "name": "App",
        "decl": {
          "start": { "line": 322, "column": 24 },
          "end": { "line": 322, "column": 30 }
        },
        "loc": {
          "start": { "line": 322, "column": 30 },
          "end": { "line": 332, "column": 1 }
        },
        "line": 322
      },
      "51": {
        "name": "(anonymous_51)",
        "decl": {
          "start": { "line": 325, "column": 6 },
          "end": { "line": 325, "column": 17 }
        },
        "loc": {
          "start": { "line": 325, "column": 27 },
          "end": { "line": 325, "column": 73 }
        },
        "line": 325
      },
      "52": {
        "name": "children_8",
        "decl": {
          "start": { "line": 325, "column": 73 },
          "end": { "line": 325, "column": null }
        },
        "loc": {
          "start": { "line": 325, "column": 73 },
          "end": { "line": 328, "column": null }
        },
        "line": 325
      },
      "53": {
        "name": "(anonymous_53)",
        "decl": {
          "start": { "line": 327, "column": 21 },
          "end": { "line": 327, "column": null }
        },
        "loc": {
          "start": { "line": 328, "column": 18 },
          "end": { "line": 328, "column": 56 }
        },
        "line": 328
      }
    },
    "branchMap": {
      "0": {
        "loc": {
          "start": { "line": 51, "column": 17 },
          "end": { "line": 51, "column": null }
        },
        "type": "cond-expr",
        "locations": [
          {
            "start": { "line": 51, "column": 39 },
            "end": { "line": 51, "column": 54 }
          },
          {
            "start": { "line": 51, "column": 54 },
            "end": { "line": 51, "column": null }
          }
        ],
        "line": 51
      },
      "1": {
        "loc": {
          "start": { "line": 63, "column": 18 },
          "end": { "line": 63, "column": null }
        },
        "type": "binary-expr",
        "locations": [
          {
            "start": { "line": 63, "column": 18 },
            "end": { "line": 63, "column": 31 }
          },
          {
            "start": { "line": 63, "column": 31 },
            "end": { "line": 63, "column": null }
          }
        ],
        "line": 63
      },
      "2": {
        "loc": {
          "start": { "line": 66, "column": 6 },
          "end": { "line": 70, "column": null }
        },
        "type": "if",
        "locations": [
          {
            "start": { "line": 66, "column": 6 },
            "end": { "line": 70, "column": null }
          },
          { "start": {}, "end": {} }
        ],
        "line": 66
      },
      "3": {
        "loc": {
          "start": { "line": 66, "column": 10 },
          "end": { "line": 66, "column": 32 }
        },
        "type": "binary-expr",
        "locations": [
          {
            "start": { "line": 66, "column": 10 },
            "end": { "line": 66, "column": 17 }
          },
          {
            "start": { "line": 66, "column": 17 },
            "end": { "line": 66, "column": 32 }
          }
        ],
        "line": 66
      },
      "4": {
        "loc": {
          "start": { "line": 73, "column": 6 },
          "end": { "line": 78, "column": null }
        },
        "type": "if",
        "locations": [
          {
            "start": { "line": 73, "column": 6 },
            "end": { "line": 78, "column": null }
          },
          { "start": {}, "end": {} }
        ],
        "line": 73
      },
      "5": {
        "loc": {
          "start": { "line": 81, "column": 6 },
          "end": { "line": 85, "column": null }
        },
        "type": "if",
        "locations": [
          {
            "start": { "line": 81, "column": 6 },
            "end": { "line": 85, "column": null }
          },
          { "start": {}, "end": {} }
        ],
        "line": 81
      },
      "6": {
        "loc": {
          "start": { "line": 81, "column": 10 },
          "end": { "line": 81, "column": 46 }
        },
        "type": "binary-expr",
        "locations": [
          {
            "start": { "line": 81, "column": 10 },
            "end": { "line": 81, "column": 17 }
          },
          {
            "start": { "line": 81, "column": 17 },
            "end": { "line": 81, "column": 31 }
          },
          {
            "start": { "line": 81, "column": 31 },
            "end": { "line": 81, "column": 46 }
          }
        ],
        "line": 81
      },
      "7": {
        "loc": {
          "start": { "line": 88, "column": 6 },
          "end": { "line": 92, "column": null }
        },
        "type": "if",
        "locations": [
          {
            "start": { "line": 88, "column": 6 },
            "end": { "line": 92, "column": null }
          },
          { "start": {}, "end": {} }
        ],
        "line": 88
      },
      "8": {
        "loc": {
          "start": { "line": 88, "column": 10 },
          "end": { "line": 88, "column": 32 }
        },
        "type": "binary-expr",
        "locations": [
          {
            "start": { "line": 88, "column": 10 },
            "end": { "line": 88, "column": 17 }
          },
          {
            "start": { "line": 88, "column": 17 },
            "end": { "line": 88, "column": 32 }
          }
        ],
        "line": 88
      },
      "9": {
        "loc": {
          "start": { "line": 93, "column": 6 },
          "end": { "line": 97, "column": null }
        },
        "type": "if",
        "locations": [
          {
            "start": { "line": 93, "column": 6 },
            "end": { "line": 97, "column": null }
          },
          { "start": {}, "end": {} }
        ],
        "line": 93
      },
      "10": {
        "loc": {
          "start": { "line": 93, "column": 10 },
          "end": { "line": 93, "column": 32 }
        },
        "type": "binary-expr",
        "locations": [
          {
            "start": { "line": 93, "column": 10 },
            "end": { "line": 93, "column": 17 }
          },
          {
            "start": { "line": 93, "column": 17 },
            "end": { "line": 93, "column": 32 }
          }
        ],
        "line": 93
      },
      "11": {
        "loc": {
          "start": { "line": 110, "column": 4 },
          "end": { "line": 125, "column": null }
        },
        "type": "if",
        "locations": [
          {
            "start": { "line": 110, "column": 4 },
            "end": { "line": 125, "column": null }
          },
          {
            "start": { "line": 114, "column": 11 },
            "end": { "line": 125, "column": null }
          }
        ],
        "line": 110
      },
      "12": {
        "loc": {
          "start": { "line": 112, "column": 61 },
          "end": { "line": 112, "column": 69 }
        },
        "type": "binary-expr",
        "locations": [
          {
            "start": { "line": 112, "column": 61 },
            "end": { "line": 112, "column": 68 }
          },
          {
            "start": { "line": 112, "column": 68 },
            "end": { "line": 112, "column": 69 }
          }
        ],
        "line": 112
      },
      "13": {
        "loc": {
          "start": { "line": 114, "column": 11 },
          "end": { "line": 125, "column": null }
        },
        "type": "if",
        "locations": [
          {
            "start": { "line": 114, "column": 11 },
            "end": { "line": 125, "column": null }
          },
          {
            "start": { "line": 118, "column": 11 },
            "end": { "line": 125, "column": null }
          }
        ],
        "line": 114
      },
      "14": {
        "loc": {
          "start": { "line": 116, "column": 78 },
          "end": { "line": 116, "column": 86 }
        },
        "type": "binary-expr",
        "locations": [
          {
            "start": { "line": 116, "column": 78 },
            "end": { "line": 116, "column": 85 }
          },
          {
            "start": { "line": 116, "column": 85 },
            "end": { "line": 116, "column": 86 }
          }
        ],
        "line": 116
      },
      "15": {
        "loc": {
          "start": { "line": 118, "column": 11 },
          "end": { "line": 125, "column": null }
        },
        "type": "if",
        "locations": [
          {
            "start": { "line": 118, "column": 11 },
            "end": { "line": 125, "column": null }
          },
          {
            "start": { "line": 123, "column": 11 },
            "end": { "line": 125, "column": null }
          }
        ],
        "line": 118
      },
      "16": {
        "loc": {
          "start": { "line": 155, "column": 14 },
          "end": { "line": 160, "column": null }
        },
        "type": "if",
        "locations": [
          {
            "start": { "line": 155, "column": 14 },
            "end": { "line": 160, "column": null }
          },
          { "start": {}, "end": {} }
        ],
        "line": 155
      },
      "17": {
        "loc": {
          "start": { "line": 155, "column": 18 },
          "end": { "line": 155, "column": 67 }
        },
        "type": "binary-expr",
        "locations": [
          {
            "start": { "line": 155, "column": 18 },
            "end": { "line": 155, "column": 43 }
          },
          {
            "start": { "line": 155, "column": 43 },
            "end": { "line": 155, "column": 67 }
          }
        ],
        "line": 155
      },
      "18": {
        "loc": {
          "start": { "line": 158, "column": 18 },
          "end": { "line": 158, "column": null }
        },
        "type": "cond-expr",
        "locations": [
          {
            "start": { "line": 158, "column": 40 },
            "end": { "line": 158, "column": 53 }
          },
          {
            "start": { "line": 158, "column": 53 },
            "end": { "line": 158, "column": null }
          }
        ],
        "line": 158
      },
      "19": {
        "loc": {
          "start": { "line": 256, "column": 24 },
          "end": { "line": 256, "column": 76 }
        },
        "type": "binary-expr",
        "locations": [
          {
            "start": { "line": 256, "column": 24 },
            "end": { "line": 256, "column": 46 }
          },
          {
            "start": { "line": 256, "column": 46 },
            "end": { "line": 256, "column": 76 }
          }
        ],
        "line": 256
      },
      "20": {
        "loc": {
          "start": { "line": 175, "column": 41 },
          "end": { "line": 175, "column": null }
        },
        "type": "binary-expr",
        "locations": [
          {
            "start": { "line": 175, "column": 41 },
            "end": { "line": 175, "column": null }
          },
          {
            "start": { "line": 175, "column": 41 },
            "end": { "line": 175, "column": null }
          }
        ],
        "line": 175
      }
    },
    "s": {
      "0": 9,
      "1": 9,
      "2": 9,
      "3": 9,
      "4": 9,
      "5": 9,
      "6": 9,
      "7": 24,
      "8": 9,
      "9": 9,
      "10": 9,
      "11": 9,
      "12": 9,
      "13": 0,
      "14": 0,
      "15": 0,
      "16": 0,
      "17": 0,
      "18": 0,
      "19": 0,
      "20": 0,
      "21": 0,
      "22": 0,
      "23": 0,
      "24": 0,
      "25": 0,
      "26": 0,
      "27": 0,
      "28": 0,
      "29": 0,
      "30": 0,
      "31": 0,
      "32": 0,
      "33": 0,
      "34": 0,
      "35": 9,
      "36": 9,
      "37": 9,
      "38": 9,
      "39": 9,
      "40": 9,
      "41": 9,
      "42": 0,
      "43": 9,
      "44": 0,
      "45": 9,
      "46": 0,
      "47": 9,
      "48": 0,
      "49": 9,
      "50": 9,
      "51": 9,
      "52": 9,
      "53": 9,
      "54": 9,
      "55": 0,
      "56": 0,
      "57": 0,
      "58": 0,
      "59": 9,
      "60": 0,
      "61": 9,
      "62": 9,
      "63": 2,
      "64": 9,
      "65": 9,
      "66": 9,
      "67": 0,
      "68": 0,
      "69": 0,
      "70": 0,
      "71": 9,
      "72": 9,
      "73": 0,
      "74": 0,
      "75": 0,
      "76": 9,
      "77": 9,
      "78": 9,
      "79": 9,
      "80": 0,
      "81": 9,
      "82": 12,
      "83": 10,
      "84": 10,
      "85": 0,
      "86": 10,
      "87": 10,
      "88": 10,
      "89": 10,
      "90": 90,
      "91": 78,
      "92": 0,
      "93": 0,
      "94": 0,
      "95": 0,
      "96": 72,
      "97": 36,
      "98": 10,
      "99": 36,
      "100": 10,
      "101": 10,
      "102": 0,
      "103": 0,
      "104": 0,
      "105": 10,
      "106": 9,
      "107": 12,
      "108": 2,
      "109": 2,
      "110": 1,
      "111": 2,
      "112": 2,
      "113": 2,
      "114": 2,
      "115": 2,
      "116": 2,
      "117": 2,
      "118": 12,
      "119": 2,
      "120": 9,
      "121": 12,
      "122": 12,
      "123": 12,
      "124": 12,
      "125": 9,
      "126": 9,
      "127": 0,
      "128": 9,
      "129": 9,
      "130": 2
    },
    "f": {
      "0": 9,
      "1": 9,
      "2": 9,
      "3": 24,
      "4": 9,
      "5": 9,
      "6": 0,
      "7": 0,
      "8": 0,
      "9": 9,
      "10": 9,
      "11": 0,
      "12": 0,
      "13": 0,
      "14": 0,
      "15": 0,
      "16": 9,
      "17": 0,
      "18": 0,
      "19": 0,
      "20": 2,
      "21": 9,
      "22": 0,
      "23": 9,
      "24": 0,
      "25": 9,
      "26": 9,
      "27": 9,
      "28": 9,
      "29": 12,
      "30": 10,
      "31": 90,
      "32": 78,
      "33": 0,
      "34": 0,
      "35": 0,
      "36": 0,
      "37": 72,
      "38": 36,
      "39": 36,
      "40": 10,
      "41": 0,
      "42": 0,
      "43": 0,
      "44": 12,
      "45": 3,
      "46": 2,
      "47": 2,
      "48": 12,
      "49": 12,
      "50": 9,
      "51": 0,
      "52": 9,
      "53": 9
    },
    "b": {
      "0": [12, 12],
      "1": [0, 0],
      "2": [0, 0],
      "3": [0, 0],
      "4": [0, 0],
      "5": [0, 0],
      "6": [0, 0, 0],
      "7": [0, 0],
      "8": [0, 0],
      "9": [0, 0],
      "10": [0, 0],
      "11": [0, 9],
      "12": [0, 0],
      "13": [0, 9],
      "14": [0, 0],
      "15": [0, 9],
      "16": [0, 0],
      "17": [0, 0],
      "18": [0, 0],
      "19": [10, 10],
      "20": [48, 48]
    },
    "meta": {
      "lastBranch": 21,
      "lastFunction": 54,
      "lastStatement": 131,
      "seen": {
        "f:33:9:33:24": 0,
        "s:34:19:34:31": 0,
        "s:35:2:36:Infinity": 1,
        "f:36:37:36:40": 1,
        "s:36:37:36:64": 2,
        "f:45:9:45:19": 2,
        "s:46:23:46:Infinity": 3,
        "s:47:36:47:Infinity": 4,
        "s:48:20:48:37": 5,
        "s:50:8:51:Infinity": 6,
        "f:50:8:50:20": 3,
        "s:51:4:51:Infinity": 7,
        "b:51:39:51:54:51:54:51:Infinity": 0,
        "s:54:2:102:Infinity": 8,
        "f:54:2:54:16": 4,
        "s:57:23:57:Infinity": 9,
        "s:58:4:60:Infinity": 10,
        "f:58:29:58:35": 5,
        "s:59:6:59:Infinity": 11,
        "s:62:10:98:Infinity": 12,
        "f:62:10:62:27": 6,
        "s:63:18:63:Infinity": 13,
        "b:63:18:63:31:63:31:63:Infinity": 1,
        "b:66:6:70:Infinity:undefined:undefined:undefined:undefined": 2,
        "s:66:6:70:Infinity": 14,
        "b:66:10:66:17:66:17:66:32": 3,
        "s:67:8:67:Infinity": 15,
        "s:68:8:68:Infinity": 16,
        "f:68:25:68:37": 7,
        "s:69:8:69:Infinity": 17,
        "b:73:6:78:Infinity:undefined:undefined:undefined:undefined": 4,
        "s:73:6:78:Infinity": 18,
        "s:74:8:74:Infinity": 19,
        "s:75:8:75:Infinity": 20,
        "s:76:8:76:Infinity": 21,
        "s:77:8:77:Infinity": 22,
        "b:81:6:85:Infinity:undefined:undefined:undefined:undefined": 5,
        "s:81:6:85:Infinity": 23,
        "b:81:10:81:17:81:17:81:31:81:31:81:46": 6,
        "s:82:8:82:Infinity": 24,
        "s:83:8:83:Infinity": 25,
        "f:83:29:83:41": 8,
        "s:84:8:84:Infinity": 26,
        "b:88:6:92:Infinity:undefined:undefined:undefined:undefined": 7,
        "s:88:6:92:Infinity": 27,
        "b:88:10:88:17:88:17:88:32": 8,
        "s:89:8:89:Infinity": 28,
        "s:90:8:90:Infinity": 29,
        "s:91:8:91:Infinity": 30,
        "b:93:6:97:Infinity:undefined:undefined:undefined:undefined": 9,
        "s:93:6:97:Infinity": 31,
        "b:93:10:93:17:93:17:93:32": 10,
        "s:94:8:94:Infinity": 32,
        "s:95:8:95:Infinity": 33,
        "s:96:8:96:Infinity": 34,
        "s:100:4:100:Infinity": 35,
        "s:101:4:101:Infinity": 36,
        "f:101:4:101:20": 9,
        "s:101:20:101:72": 37,
        "s:105:2:126:Infinity": 38,
        "f:105:2:105:21": 10,
        "s:106:16:106:Infinity": 39,
        "s:107:17:107:Infinity": 40,
        "s:108:22:108:Infinity": 41,
        "f:108:27:108:33": 11,
        "s:108:39:108:58": 42,
        "b:110:4:125:Infinity:114:11:125:Infinity": 11,
        "s:110:4:125:Infinity": 43,
        "s:111:6:113:Infinity": 44,
        "b:112:61:112:68:112:68:112:69": 12,
        "f:113:9:113:21": 12,
        "b:114:11:125:Infinity:118:11:125:Infinity": 13,
        "s:114:11:125:Infinity": 45,
        "s:115:6:117:Infinity": 46,
        "b:116:78:116:85:116:85:116:86": 14,
        "f:117:9:117:21": 13,
        "b:118:11:125:Infinity:123:11:125:Infinity": 15,
        "s:118:11:125:Infinity": 47,
        "s:120:6:122:Infinity": 48,
        "f:122:9:122:21": 14,
        "s:124:6:124:Infinity": 49,
        "f:124:51:124:63": 15,
        "s:128:2:175:Infinity": 50,
        "f:128:2:128:Infinity": 16,
        "s:128:2:128:Infinity": 51,
        "s:128:2:131:Infinity": 52,
        "s:131:15:137:Infinity": 53,
        "s:137:29:161:13": 54,
        "f:137:29:137:Infinity": 17,
        "b:155:14:160:Infinity:undefined:undefined:undefined:undefined": 16,
        "s:155:14:160:Infinity": 55,
        "b:155:18:155:43:155:43:155:67": 17,
        "s:156:16:156:Infinity": 56,
        "s:157:16:159:Infinity": 57,
        "f:157:16:157:30": 18,
        "s:158:18:158:Infinity": 58,
        "b:158:40:158:53:158:53:158:Infinity": 18,
        "s:161:13:167:53": 59,
        "f:161:13:161:Infinity": 19,
        "s:167:29:167:53": 60,
        "s:167:53:169:Infinity": 61,
        "s:169:65:176:53": 62,
        "f:169:65:169:Infinity": 20,
        "s:176:29:176:53": 63,
        "s:176:53:178:Infinity": 64,
        "s:178:63:181:Infinity": 65,
        "f:180:20:180:24": 21,
        "s:180:24:180:52": 66,
        "f:180:52:180:Infinity": 22,
        "s:180:52:180:Infinity": 67,
        "s:180:52:181:Infinity": 68,
        "s:181:51:181:73": 69,
        "s:181:73:181:Infinity": 70,
        "s:181:73:190:Infinity": 71,
        "f:188:16:188:20": 23,
        "s:188:20:188:39": 72,
        "f:188:39:188:Infinity": 24,
        "s:188:39:188:Infinity": 73,
        "s:188:39:190:Infinity": 74,
        "s:190:57:190:Infinity": 75,
        "s:190:57:197:Infinity": 76,
        "f:195:12:195:16": 25,
        "s:195:16:195:36": 77,
        "f:196:12:196:20": 26,
        "s:196:20:197:Infinity": 78,
        "f:197:20:197:24": 27,
        "s:197:24:197:44": 79,
        "f:197:44:197:Infinity": 28,
        "s:197:44:197:Infinity": 80,
        "s:197:44:261:Infinity": 81,
        "f:213:14:213:18": 29,
        "s:213:18:213:46": 82,
        "f:213:46:213:Infinity": 30,
        "s:213:46:213:Infinity": 83,
        "s:213:46:228:63": 84,
        "s:228:39:228:63": 85,
        "s:228:63:230:Infinity": 86,
        "s:230:66:235:Infinity": 87,
        "s:235:31:237:Infinity": 88,
        "s:237:33:249:Infinity": 89,
        "f:242:22:242:29": 31,
        "s:242:29:242:49": 90,
        "f:243:22:243:28": 32,
        "s:243:28:243:47": 91,
        "f:244:22:244:29": 33,
        "s:244:29:244:51": 92,
        "f:245:22:245:30": 34,
        "s:245:30:245:53": 93,
        "f:246:22:246:30": 35,
        "s:246:30:246:53": 94,
        "f:247:22:247:29": 36,
        "s:247:29:247:51": 95,
        "f:248:22:248:30": 37,
        "s:248:30:248:51": 96,
        "f:249:22:249:36": 38,
        "s:249:36:249:63": 97,
        "s:249:63:252:Infinity": 98,
        "f:252:34:252:38": 39,
        "s:252:38:252:63": 99,
        "s:252:63:261:Infinity": 100,
        "f:255:22:255:26": 40,
        "s:255:26:256:76": 101,
        "b:256:24:256:46:256:46:256:76": 19,
        "f:256:76:256:Infinity": 41,
        "s:256:76:261:Infinity": 102,
        "f:260:24:260:29": 42,
        "s:260:29:260:57": 103,
        "f:261:24:261:27": 43,
        "s:261:27:261:50": 104,
        "s:261:50:261:Infinity": 105,
        "s:261:50:312:Infinity": 106,
        "f:272:14:272:18": 44,
        "s:272:18:272:46": 107,
        "f:272:46:272:Infinity": 45,
        "s:272:46:272:Infinity": 108,
        "s:272:46:282:57": 109,
        "s:282:33:282:57": 110,
        "s:282:57:284:Infinity": 111,
        "s:284:66:298:Infinity": 112,
        "s:298:30:303:Infinity": 113,
        "f:298:30:298:Infinity": 46,
        "s:303:23:303:45": 114,
        "s:303:45:307:Infinity": 115,
        "f:307:30:307:34": 47,
        "s:307:34:307:51": 116,
        "s:307:51:312:Infinity": 117,
        "f:312:27:312:31": 48,
        "s:312:31:312:48": 118,
        "s:312:48:312:Infinity": 119,
        "s:312:48:175:Infinity": 120,
        "f:312:48:312:Infinity": 49,
        "s:165:29:165:55": 121,
        "s:166:21:166:41": 122,
        "s:174:29:174:55": 123,
        "s:175:21:175:41": 124,
        "s:175:41:175:Infinity": 125,
        "b:175:41:175:Infinity:175:41:175:Infinity": 20,
        "f:322:24:322:30": 50,
        "s:323:2:328:Infinity": 126,
        "f:325:6:325:17": 51,
        "s:325:27:325:73": 127,
        "f:325:73:325:Infinity": 52,
        "s:325:73:328:Infinity": 128,
        "f:327:21:327:Infinity": 53,
        "s:328:18:328:56": 129,
        "s:332:1:332:Infinity": 130
      },
      "fnNames": {}
    }
  },
  "C:\\Users\\xorex\\Code\\ubet-render\\src\\index.tsx": {
    "path": "C:\\Users\\xorex\\Code\\ubet-render\\src\\index.tsx",
    "statementMap": {
      "0": {
        "start": { "line": 5, "column": 15 },
        "end": { "line": 5, "column": null }
      },
      "1": {
        "start": { "line": 6, "column": 0 },
        "end": { "line": 6, "column": null }
      },
      "2": {
        "start": { "line": 6, "column": 13 },
        "end": { "line": 6, "column": null }
      },
      "3": {
        "start": { "line": 7, "column": 0 },
        "end": { "line": 7, "column": null }
      },
      "4": {
        "start": { "line": 7, "column": 7 },
        "end": { "line": 7, "column": 22 }
      }
    },
    "fnMap": {
      "0": {
        "name": "(anonymous_0)",
        "decl": {
          "start": { "line": 7, "column": 0 },
          "end": { "line": 7, "column": 7 }
        },
        "loc": {
          "start": { "line": 7, "column": 7 },
          "end": { "line": 7, "column": 22 }
        },
        "line": 7
      }
    },
    "branchMap": {
      "0": {
        "loc": {
          "start": { "line": 6, "column": 0 },
          "end": { "line": 6, "column": null }
        },
        "type": "if",
        "locations": [
          {
            "start": { "line": 6, "column": 0 },
            "end": { "line": 6, "column": null }
          },
          { "start": {}, "end": {} }
        ],
        "line": 6
      }
    },
    "s": { "0": 2, "1": 2, "2": 1, "3": 1, "4": 0 },
    "f": { "0": 0 },
    "b": { "0": [1, 1] },
    "meta": {
      "lastBranch": 1,
      "lastFunction": 1,
      "lastStatement": 5,
      "seen": {
        "s:5:15:5:Infinity": 0,
        "b:6:0:6:Infinity:undefined:undefined:undefined:undefined": 0,
        "s:6:0:6:Infinity": 1,
        "s:6:13:6:Infinity": 2,
        "s:7:0:7:Infinity": 3,
        "f:7:0:7:7": 0,
        "s:7:7:7:22": 4
      },
      "fnNames": {}
    }
  },
  "C:\\Users\\xorex\\Code\\ubet-render\\src\\components\\index.ts": {
    "path": "C:\\Users\\xorex\\Code\\ubet-render\\src\\components\\index.ts",
    "statementMap": {},
    "fnMap": {},
    "branchMap": {},
    "s": {},
    "f": {},
    "b": {},
    "meta": {
      "lastBranch": 0,
      "lastFunction": 0,
      "lastStatement": 0,
      "seen": {},
      "fnNames": {}
    }
  },
  "C:\\Users\\xorex\\Code\\ubet-render\\src\\components\\layout\\AppHeader.tsx": {
    "path": "C:\\Users\\xorex\\Code\\ubet-render\\src\\components\\layout\\AppHeader.tsx",
    "statementMap": {
      "0": {
        "start": { "line": 14, "column": 50 },
        "end": { "line": 14, "column": null }
      },
      "1": {
        "start": { "line": 17, "column": 2 },
        "end": { "line": 24, "column": null }
      },
      "2": {
        "start": { "line": 19, "column": 4 },
        "end": { "line": 23, "column": null }
      },
      "3": {
        "start": { "line": 20, "column": 6 },
        "end": { "line": 20, "column": null }
      },
      "4": {
        "start": { "line": 21, "column": 11 },
        "end": { "line": 23, "column": null }
      },
      "5": {
        "start": { "line": 22, "column": 6 },
        "end": { "line": 22, "column": null }
      },
      "6": {
        "start": { "line": 26, "column": 8 },
        "end": { "line": 30, "column": null }
      },
      "7": {
        "start": { "line": 27, "column": 4 },
        "end": { "line": 27, "column": null }
      },
      "8": {
        "start": { "line": 28, "column": 4 },
        "end": { "line": 28, "column": null }
      },
      "9": {
        "start": { "line": 28, "column": 24 },
        "end": { "line": 28, "column": null }
      },
      "10": {
        "start": { "line": 32, "column": 2 },
        "end": { "line": 146, "column": null }
      },
      "11": {
        "start": { "line": 32, "column": 2 },
        "end": { "line": 32, "column": null }
      },
      "12": {
        "start": { "line": 32, "column": 2 },
        "end": { "line": 50, "column": null }
      },
      "13": {
        "start": { "line": 41, "column": 18 },
        "end": { "line": 46, "column": 35 }
      },
      "14": {
        "start": { "line": 42, "column": 16 },
        "end": { "line": 42, "column": 29 }
      },
      "15": {
        "start": { "line": 46, "column": 35 },
        "end": { "line": 48, "column": 68 }
      },
      "16": {
        "start": { "line": 50, "column": 20 },
        "end": { "line": 59, "column": null }
      },
      "17": {
        "start": { "line": 50, "column": 20 },
        "end": { "line": 55, "column": null }
      },
      "18": {
        "start": { "line": 50, "column": 20 },
        "end": { "line": 55, "column": 28 }
      },
      "19": {
        "start": { "line": 55, "column": 28 },
        "end": { "line": 59, "column": 27 }
      },
      "20": {
        "start": { "line": 55, "column": 15 },
        "end": { "line": 59, "column": 27 }
      },
      "21": {
        "start": { "line": 59, "column": 27 },
        "end": { "line": 68, "column": null }
      },
      "22": {
        "start": { "line": 59, "column": 27 },
        "end": { "line": 62, "column": null }
      },
      "23": {
        "start": { "line": 59, "column": 27 },
        "end": { "line": 62, "column": 28 }
      },
      "24": {
        "start": { "line": 62, "column": 28 },
        "end": { "line": 68, "column": 38 }
      },
      "25": {
        "start": { "line": 62, "column": 15 },
        "end": { "line": 68, "column": 38 }
      },
      "26": {
        "start": { "line": 64, "column": 18 },
        "end": { "line": 64, "column": 30 }
      },
      "27": {
        "start": { "line": 68, "column": 38 },
        "end": { "line": 82, "column": null }
      },
      "28": {
        "start": { "line": 74, "column": 20 },
        "end": { "line": 74, "column": 53 }
      },
      "29": {
        "start": { "line": 74, "column": 22 },
        "end": { "line": 74, "column": 36 }
      },
      "30": {
        "start": { "line": 74, "column": 53 },
        "end": { "line": 74, "column": null }
      },
      "31": {
        "start": { "line": 74, "column": 53 },
        "end": { "line": 83, "column": 51 }
      },
      "32": {
        "start": { "line": 83, "column": 31 },
        "end": { "line": 83, "column": 51 }
      },
      "33": {
        "start": { "line": 83, "column": 51 },
        "end": { "line": 85, "column": null }
      },
      "34": {
        "start": { "line": 85, "column": 58 },
        "end": { "line": 82, "column": null }
      },
      "35": {
        "start": { "line": 76, "column": 21 },
        "end": { "line": 76, "column": 81 }
      },
      "36": {
        "start": { "line": 77, "column": 24 },
        "end": { "line": 77, "column": 98 }
      },
      "37": {
        "start": { "line": 82, "column": 26 },
        "end": { "line": 82, "column": 41 }
      },
      "38": {
        "start": { "line": 82, "column": 41 },
        "end": { "line": 82, "column": null }
      },
      "39": {
        "start": { "line": 82, "column": 41 },
        "end": { "line": 97, "column": null }
      },
      "40": {
        "start": { "line": 91, "column": 20 },
        "end": { "line": 91, "column": 52 }
      },
      "41": {
        "start": { "line": 91, "column": 22 },
        "end": { "line": 91, "column": 36 }
      },
      "42": {
        "start": { "line": 91, "column": 52 },
        "end": { "line": 91, "column": null }
      },
      "43": {
        "start": { "line": 91, "column": 52 },
        "end": { "line": 95, "column": 45 }
      },
      "44": {
        "start": { "line": 95, "column": 29 },
        "end": { "line": 95, "column": 45 }
      },
      "45": {
        "start": { "line": 95, "column": 45 },
        "end": { "line": 97, "column": null }
      },
      "46": {
        "start": { "line": 97, "column": 63 },
        "end": { "line": 97, "column": null }
      },
      "47": {
        "start": { "line": 97, "column": 63 },
        "end": { "line": 118, "column": null }
      },
      "48": {
        "start": { "line": 102, "column": 20 },
        "end": { "line": 102, "column": 35 }
      },
      "49": {
        "start": { "line": 102, "column": 35 },
        "end": { "line": 102, "column": null }
      },
      "50": {
        "start": { "line": 102, "column": 35 },
        "end": { "line": 107, "column": null }
      },
      "51": {
        "start": { "line": 107, "column": 38 },
        "end": { "line": 109, "column": null }
      },
      "52": {
        "start": { "line": 109, "column": 59 },
        "end": { "line": 116, "column": 56 }
      },
      "53": {
        "start": { "line": 116, "column": 31 },
        "end": { "line": 116, "column": 56 }
      },
      "54": {
        "start": { "line": 116, "column": 56 },
        "end": { "line": 118, "column": null }
      },
      "55": {
        "start": { "line": 118, "column": 65 },
        "end": { "line": 118, "column": null }
      },
      "56": {
        "start": { "line": 118, "column": 65 },
        "end": { "line": 38, "column": null }
      },
      "57": {
        "start": { "line": 38, "column": 202 },
        "end": { "line": 38, "column": null }
      },
      "58": {
        "start": { "line": 127, "column": 16 },
        "end": { "line": 127, "column": 36 }
      },
      "59": {
        "start": { "line": 127, "column": 36 },
        "end": { "line": 127, "column": null }
      },
      "60": {
        "start": { "line": 127, "column": 36 },
        "end": { "line": 131, "column": null }
      },
      "61": {
        "start": { "line": 131, "column": 25 },
        "end": { "line": 131, "column": 51 }
      },
      "62": {
        "start": { "line": 129, "column": 15 },
        "end": { "line": 129, "column": 29 }
      },
      "63": {
        "start": { "line": 129, "column": 29 },
        "end": { "line": 129, "column": null }
      },
      "64": {
        "start": { "line": 129, "column": 29 },
        "end": { "line": 135, "column": null }
      },
      "65": {
        "start": { "line": 135, "column": 66 },
        "end": { "line": 146, "column": 66 }
      },
      "66": {
        "start": { "line": 146, "column": 66 },
        "end": { "line": 146, "column": null }
      },
      "67": {
        "start": { "line": 158, "column": 1 },
        "end": { "line": 158, "column": null }
      }
    },
    "fnMap": {
      "0": {
        "name": "AppHeader",
        "decl": {
          "start": { "line": 4, "column": 16 },
          "end": { "line": 4, "column": 26 }
        },
        "loc": {
          "start": { "line": 13, "column": 3 },
          "end": { "line": 158, "column": 1 }
        },
        "line": 13
      },
      "1": {
        "name": "(anonymous_1)",
        "decl": {
          "start": { "line": 17, "column": 2 },
          "end": { "line": 17, "column": 21 }
        },
        "loc": {
          "start": { "line": 17, "column": 21 },
          "end": { "line": 24, "column": 3 }
        },
        "line": 17
      },
      "2": {
        "name": "(anonymous_2)",
        "decl": {
          "start": { "line": 26, "column": 8 },
          "end": { "line": 26, "column": 30 }
        },
        "loc": {
          "start": { "line": 26, "column": 30 },
          "end": { "line": 30, "column": null }
        },
        "line": 26
      },
      "3": {
        "name": "(anonymous_3)",
        "decl": {
          "start": { "line": 32, "column": 2 },
          "end": { "line": 32, "column": null }
        },
        "loc": {
          "start": { "line": 32, "column": 2 },
          "end": { "line": 38, "column": null }
        },
        "line": 32
      },
      "4": {
        "name": "icon",
        "decl": {
          "start": { "line": 41, "column": 14 },
          "end": { "line": 41, "column": 18 }
        },
        "loc": {
          "start": { "line": 41, "column": 18 },
          "end": { "line": 46, "column": null }
        },
        "line": 41
      },
      "5": {
        "name": "(anonymous_5)",
        "decl": {
          "start": { "line": 42, "column": 16 },
          "end": { "line": 42, "column": 22 }
        },
        "loc": {
          "start": { "line": 42, "column": 16 },
          "end": { "line": 42, "column": 29 }
        },
        "line": 42
      },
      "6": {
        "name": "(anonymous_6)",
        "decl": {
          "start": { "line": 46, "column": 35 },
          "end": { "line": 46, "column": null }
        },
        "loc": {
          "start": { "line": 46, "column": 35 },
          "end": { "line": 48, "column": null }
        },
        "line": 46
      },
      "7": {
        "name": "(anonymous_7)",
        "decl": {
          "start": { "line": 50, "column": 20 },
          "end": { "line": 50, "column": null }
        },
        "loc": {
          "start": { "line": 50, "column": 20 },
          "end": { "line": 59, "column": null }
        },
        "line": 50
      },
      "8": {
        "name": "(anonymous_8)",
        "decl": {
          "start": { "line": 55, "column": 28 },
          "end": { "line": 55, "column": null }
        },
        "loc": {
          "start": { "line": 55, "column": 15 },
          "end": { "line": 59, "column": 27 }
        },
        "line": 55
      },
      "9": {
        "name": "(anonymous_9)",
        "decl": {
          "start": { "line": 59, "column": 27 },
          "end": { "line": 59, "column": null }
        },
        "loc": {
          "start": { "line": 59, "column": 27 },
          "end": { "line": 68, "column": null }
        },
        "line": 59
      },
      "10": {
        "name": "(anonymous_10)",
        "decl": {
          "start": { "line": 62, "column": 28 },
          "end": { "line": 62, "column": null }
        },
        "loc": {
          "start": { "line": 62, "column": 15 },
          "end": { "line": 68, "column": 38 }
        },
        "line": 62
      },
      "11": {
        "name": "(anonymous_11)",
        "decl": {
          "start": { "line": 64, "column": 18 },
          "end": { "line": 64, "column": 24 }
        },
        "loc": {
          "start": { "line": 64, "column": 18 },
          "end": { "line": 64, "column": 30 }
        },
        "line": 64
      },
      "12": {
        "name": "when",
        "decl": {
          "start": { "line": 74, "column": 16 },
          "end": { "line": 74, "column": 20 }
        },
        "loc": {
          "start": { "line": 74, "column": 20 },
          "end": { "line": 74, "column": null }
        },
        "line": 74
      },
      "13": {
        "name": "(anonymous_13)",
        "decl": {
          "start": { "line": 74, "column": 22 },
          "end": { "line": 74, "column": 23 }
        },
        "loc": {
          "start": { "line": 74, "column": 22 },
          "end": { "line": 74, "column": 36 }
        },
        "line": 74
      },
      "14": {
        "name": "children",
        "decl": {
          "start": { "line": 74, "column": 53 },
          "end": { "line": 74, "column": null }
        },
        "loc": {
          "start": { "line": 74, "column": 53 },
          "end": { "line": 82, "column": null }
        },
        "line": 74
      },
      "15": {
        "name": "(anonymous_15)",
        "decl": {
          "start": { "line": 85, "column": 58 },
          "end": { "line": 85, "column": null }
        },
        "loc": {
          "start": { "line": 85, "column": 58 },
          "end": { "line": 82, "column": null }
        },
        "line": 85
      },
      "16": {
        "name": "when_2",
        "decl": {
          "start": { "line": 91, "column": 16 },
          "end": { "line": 91, "column": 20 }
        },
        "loc": {
          "start": { "line": 91, "column": 20 },
          "end": { "line": 91, "column": null }
        },
        "line": 91
      },
      "17": {
        "name": "(anonymous_17)",
        "decl": {
          "start": { "line": 91, "column": 22 },
          "end": { "line": 91, "column": 23 }
        },
        "loc": {
          "start": { "line": 91, "column": 22 },
          "end": { "line": 91, "column": 36 }
        },
        "line": 91
      },
      "18": {
        "name": "children_2",
        "decl": {
          "start": { "line": 91, "column": 52 },
          "end": { "line": 91, "column": null }
        },
        "loc": {
          "start": { "line": 91, "column": 52 },
          "end": { "line": 97, "column": null }
        },
        "line": 91
      },
      "19": {
        "name": "when_3",
        "decl": {
          "start": { "line": 102, "column": 16 },
          "end": { "line": 102, "column": 20 }
        },
        "loc": {
          "start": { "line": 102, "column": 20 },
          "end": { "line": 102, "column": null }
        },
        "line": 102
      },
      "20": {
        "name": "children_3",
        "decl": {
          "start": { "line": 102, "column": 35 },
          "end": { "line": 102, "column": null }
        },
        "loc": {
          "start": { "line": 102, "column": 35 },
          "end": { "line": 118, "column": null }
        },
        "line": 102
      },
      "21": {
        "name": "(anonymous_21)",
        "decl": {
          "start": { "line": 109, "column": 59 },
          "end": { "line": 109, "column": null }
        },
        "loc": {
          "start": { "line": 116, "column": 31 },
          "end": { "line": 116, "column": 56 }
        },
        "line": 116
      },
      "22": {
        "name": "(anonymous_22)",
        "decl": {
          "start": { "line": 118, "column": 65 },
          "end": { "line": 118, "column": null }
        },
        "loc": {
          "start": { "line": 118, "column": 65 },
          "end": { "line": 38, "column": null }
        },
        "line": 118
      },
      "23": {
        "name": "when_4",
        "decl": {
          "start": { "line": 127, "column": 12 },
          "end": { "line": 127, "column": 16 }
        },
        "loc": {
          "start": { "line": 127, "column": 16 },
          "end": { "line": 127, "column": null }
        },
        "line": 127
      },
      "24": {
        "name": "children_4",
        "decl": {
          "start": { "line": 127, "column": 36 },
          "end": { "line": 127, "column": null }
        },
        "loc": {
          "start": { "line": 127, "column": 36 },
          "end": { "line": 146, "column": null }
        },
        "line": 127
      }
    },
    "branchMap": {
      "0": {
        "loc": {
          "start": { "line": 19, "column": 4 },
          "end": { "line": 23, "column": null }
        },
        "type": "if",
        "locations": [
          {
            "start": { "line": 19, "column": 4 },
            "end": { "line": 23, "column": null }
          },
          {
            "start": { "line": 21, "column": 11 },
            "end": { "line": 23, "column": null }
          }
        ],
        "line": 19
      },
      "1": {
        "loc": {
          "start": { "line": 19, "column": 8 },
          "end": { "line": 19, "column": 46 }
        },
        "type": "binary-expr",
        "locations": [
          {
            "start": { "line": 19, "column": 8 },
            "end": { "line": 19, "column": 30 }
          },
          {
            "start": { "line": 19, "column": 30 },
            "end": { "line": 19, "column": 46 }
          }
        ],
        "line": 19
      },
      "2": {
        "loc": {
          "start": { "line": 21, "column": 11 },
          "end": { "line": 23, "column": null }
        },
        "type": "if",
        "locations": [
          {
            "start": { "line": 21, "column": 11 },
            "end": { "line": 23, "column": null }
          },
          { "start": {}, "end": {} }
        ],
        "line": 21
      },
      "3": {
        "loc": {
          "start": { "line": 21, "column": 15 },
          "end": { "line": 21, "column": 60 }
        },
        "type": "binary-expr",
        "locations": [
          {
            "start": { "line": 21, "column": 15 },
            "end": { "line": 21, "column": 38 }
          },
          {
            "start": { "line": 21, "column": 38 },
            "end": { "line": 21, "column": 60 }
          }
        ],
        "line": 21
      },
      "4": {
        "loc": {
          "start": { "line": 28, "column": 4 },
          "end": { "line": 28, "column": null }
        },
        "type": "if",
        "locations": [
          {
            "start": { "line": 28, "column": 4 },
            "end": { "line": 28, "column": null }
          },
          { "start": {}, "end": {} }
        ],
        "line": 28
      },
      "5": {
        "loc": {
          "start": { "line": 42, "column": 16 },
          "end": { "line": 46, "column": 35 }
        },
        "type": "cond-expr",
        "locations": [
          {
            "start": { "line": 43, "column": 20 },
            "end": { "line": 43, "column": null }
          },
          {
            "start": { "line": 44, "column": 20 },
            "end": { "line": 46, "column": 35 }
          }
        ],
        "line": 42
      },
      "6": {
        "loc": {
          "start": { "line": 44, "column": 20 },
          "end": { "line": 46, "column": 35 }
        },
        "type": "cond-expr",
        "locations": [
          {
            "start": { "line": 45, "column": 22 },
            "end": { "line": 45, "column": null }
          },
          {
            "start": { "line": 46, "column": 22 },
            "end": { "line": 46, "column": 35 }
          }
        ],
        "line": 44
      },
      "7": {
        "loc": {
          "start": { "line": 48, "column": 21 },
          "end": { "line": 48, "column": 68 }
        },
        "type": "cond-expr",
        "locations": [
          {
            "start": { "line": 48, "column": 37 },
            "end": { "line": 48, "column": 66 }
          },
          {
            "start": { "line": 48, "column": 66 },
            "end": { "line": 48, "column": 68 }
          }
        ],
        "line": 48
      },
      "8": {
        "loc": {
          "start": { "line": 55, "column": 15 },
          "end": { "line": 59, "column": 27 }
        },
        "type": "cond-expr",
        "locations": [
          {
            "start": { "line": 56, "column": 18 },
            "end": { "line": 56, "column": null }
          },
          {
            "start": { "line": 57, "column": 18 },
            "end": { "line": 59, "column": 27 }
          }
        ],
        "line": 55
      },
      "9": {
        "loc": {
          "start": { "line": 57, "column": 18 },
          "end": { "line": 59, "column": 27 }
        },
        "type": "cond-expr",
        "locations": [
          {
            "start": { "line": 58, "column": 20 },
            "end": { "line": 58, "column": null }
          },
          {
            "start": { "line": 59, "column": 20 },
            "end": { "line": 59, "column": 27 }
          }
        ],
        "line": 57
      },
      "10": {
        "loc": {
          "start": { "line": 62, "column": 15 },
          "end": { "line": 68, "column": 38 }
        },
        "type": "cond-expr",
        "locations": [
          {
            "start": { "line": 63, "column": 18 },
            "end": { "line": 63, "column": null }
          },
          {
            "start": { "line": 64, "column": 18 },
            "end": { "line": 68, "column": 38 }
          }
        ],
        "line": 62
      },
      "11": {
        "loc": {
          "start": { "line": 64, "column": 18 },
          "end": { "line": 68, "column": 38 }
        },
        "type": "cond-expr",
        "locations": [
          {
            "start": { "line": 65, "column": 20 },
            "end": { "line": 65, "column": null }
          },
          {
            "start": { "line": 66, "column": 20 },
            "end": { "line": 68, "column": 38 }
          }
        ],
        "line": 64
      },
      "12": {
        "loc": {
          "start": { "line": 66, "column": 20 },
          "end": { "line": 68, "column": 38 }
        },
        "type": "cond-expr",
        "locations": [
          {
            "start": { "line": 67, "column": 22 },
            "end": { "line": 67, "column": null }
          },
          {
            "start": { "line": 68, "column": 22 },
            "end": { "line": 68, "column": 38 }
          }
        ],
        "line": 66
      },
      "13": {
        "loc": {
          "start": { "line": 74, "column": 22 },
          "end": { "line": 74, "column": 53 }
        },
        "type": "binary-expr",
        "locations": [
          {
            "start": { "line": 74, "column": 22 },
            "end": { "line": 74, "column": 40 }
          },
          {
            "start": { "line": 74, "column": 40 },
            "end": { "line": 74, "column": 53 }
          }
        ],
        "line": 74
      },
      "14": {
        "loc": {
          "start": { "line": 76, "column": 21 },
          "end": { "line": 76, "column": 81 }
        },
        "type": "cond-expr",
        "locations": [
          {
            "start": { "line": 76, "column": 39 },
            "end": { "line": 76, "column": 73 }
          },
          {
            "start": { "line": 76, "column": 73 },
            "end": { "line": 76, "column": 81 }
          }
        ],
        "line": 76
      },
      "15": {
        "loc": {
          "start": { "line": 77, "column": 24 },
          "end": { "line": 77, "column": 98 }
        },
        "type": "cond-expr",
        "locations": [
          {
            "start": { "line": 77, "column": 66 },
            "end": { "line": 77, "column": 89 }
          },
          {
            "start": { "line": 77, "column": 89 },
            "end": { "line": 77, "column": 98 }
          }
        ],
        "line": 77
      },
      "16": {
        "loc": {
          "start": { "line": 77, "column": 24 },
          "end": { "line": 77, "column": 66 }
        },
        "type": "binary-expr",
        "locations": [
          {
            "start": { "line": 77, "column": 24 },
            "end": { "line": 77, "column": 43 }
          },
          {
            "start": { "line": 77, "column": 43 },
            "end": { "line": 77, "column": 66 }
          }
        ],
        "line": 77
      },
      "17": {
        "loc": {
          "start": { "line": 82, "column": 41 },
[...]
        },
        "type": "if",
        "locations": [
          {
            "start": { "line": 336, "column": 4 },
            "end": { "line": 336, "column": null }
          },
          { "start": {}, "end": {} }
        ],
        "line": 336
      },
      "28": {
        "loc": {
          "start": { "line": 336, "column": 8 },
          "end": { "line": 336, "column": 56 }
        },
        "type": "binary-expr",
        "locations": [
          {
            "start": { "line": 336, "column": 8 },
            "end": { "line": 336, "column": 36 }
          },
          {
            "start": { "line": 336, "column": 36 },
            "end": { "line": 336, "column": 56 }
          }
        ],
        "line": 336
      },
      "29": {
        "loc": {
          "start": { "line": 342, "column": 4 },
          "end": { "line": 342, "column": null }
        },
        "type": "if",
        "locations": [
          {
            "start": { "line": 342, "column": 4 },
            "end": { "line": 342, "column": null }
          },
          { "start": {}, "end": {} }
        ],
        "line": 342
      },
      "30": {
        "loc": {
          "start": { "line": 343, "column": 4 },
          "end": { "line": 343, "column": null }
        },
        "type": "if",
        "locations": [
          {
            "start": { "line": 343, "column": 4 },
            "end": { "line": 343, "column": null }
          },
          { "start": {}, "end": {} }
        ],
        "line": 343
      },
      "31": {
        "loc": {
          "start": { "line": 344, "column": 4 },
          "end": { "line": 344, "column": null }
        },
        "type": "if",
        "locations": [
          {
            "start": { "line": 344, "column": 4 },
            "end": { "line": 344, "column": null }
          },
          { "start": {}, "end": {} }
        ],
        "line": 344
      },
      "32": {
        "loc": {
          "start": { "line": 345, "column": 4 },
          "end": { "line": 345, "column": null }
        },
        "type": "if",
        "locations": [
          {
            "start": { "line": 345, "column": 4 },
            "end": { "line": 345, "column": null }
          },
          { "start": {}, "end": {} }
        ],
        "line": 345
      },
      "33": {
        "loc": {
          "start": { "line": 346, "column": 4 },
          "end": { "line": 347, "column": null }
        },
        "type": "if",
        "locations": [
          {
            "start": { "line": 346, "column": 4 },
            "end": { "line": 347, "column": null }
          },
          { "start": {}, "end": {} }
        ],
        "line": 346
      },
      "34": {
        "loc": {
          "start": { "line": 346, "column": 8 },
          "end": { "line": 346, "column": null }
        },
        "type": "binary-expr",
        "locations": [
          {
            "start": { "line": 346, "column": 8 },
            "end": { "line": 346, "column": 36 }
          },
          {
            "start": { "line": 346, "column": 36 },
            "end": { "line": 346, "column": null }
          }
        ],
        "line": 346
      },
      "35": {
        "loc": {
          "start": { "line": 348, "column": 4 },
          "end": { "line": 348, "column": null }
        },
        "type": "if",
        "locations": [
          {
            "start": { "line": 348, "column": 4 },
            "end": { "line": 348, "column": null }
          },
          { "start": {}, "end": {} }
        ],
        "line": 348
      },
      "36": {
        "loc": {
          "start": { "line": 397, "column": 24 },
          "end": { "line": 397, "column": null }
        },
        "type": "binary-expr",
        "locations": [
          {
            "start": { "line": 397, "column": 24 },
            "end": { "line": 397, "column": 56 }
          },
          {
            "start": { "line": 397, "column": 56 },
            "end": { "line": 397, "column": null }
          }
        ],
        "line": 397
      }
    },
    "s": {
      "0": 4,
      "1": 4,
      "2": 25,
      "3": 25,
      "4": 25,
      "5": 25,
      "6": 25,
      "7": 0,
      "8": 0,
      "9": 0,
      "10": 0,
      "11": 0,
      "12": 0,
      "13": 0,
      "14": 0,
      "15": 0,
      "16": 25,
      "17": 25,
      "18": 0,
      "19": 0,
      "20": 0,
      "21": 25,
      "22": 25,
      "23": 25,
      "24": 25,
      "25": 25,
      "26": 25,
      "27": 25,
      "28": 25,
      "29": 25,
      "30": 25,
      "31": 25,
      "32": 25,
      "33": 25,
      "34": 25,
      "35": 4,
      "36": 25,
      "37": 25,
      "38": 4,
      "39": 4,
      "40": 4,
      "41": 4,
      "42": 4,
      "43": 25,
      "44": 27,
      "45": 5,
      "46": 5,
      "47": 5,
      "48": 25,
      "49": 5,
      "50": 5,
      "51": 5,
      "52": 5,
      "53": 5,
      "54": 5,
      "55": 5,
      "56": 5,
      "57": 5,
      "58": 5,
      "59": 5,
      "60": 0,
      "61": 0,
      "62": 5,
      "63": 25,
      "64": 1,
      "65": 1,
      "66": 1,
      "67": 2,
      "68": 1,
      "69": 1,
      "70": 1,
      "71": 1,
      "72": 1,
      "73": 1,
      "74": 1,
      "75": 0,
      "76": 0,
      "77": 25,
      "78": 1,
      "79": 1,
      "80": 1,
      "81": 1,
      "82": 1,
      "83": 1,
      "84": 25,
      "85": 1,
      "86": 1,
      "87": 1,
      "88": 1,
      "89": 1,
      "90": 25,
      "91": 1,
      "92": 1,
      "93": 1,
      "94": 1,
      "95": 1,
      "96": 25,
      "97": 1,
      "98": 1,
      "99": 1,
      "100": 1,
      "101": 1,
      "102": 1,
      "103": 25,
      "104": 6,
      "105": 1,
      "106": 5,
      "107": 0,
      "108": 0,
      "109": 5,
      "110": 5,
      "111": 5,
      "112": 5,
      "113": 5,
      "114": 5,
      "115": 7,
      "116": 7,
      "117": 1,
      "118": 1,
      "119": 1,
      "120": 1,
      "121": 1,
      "122": 1,
      "123": 1,
      "124": 1,
      "125": 1,
      "126": 1,
      "127": 1,
      "128": 1,
      "129": 1,
      "130": 1,
      "131": 5,
      "132": 5,
      "133": 6,
      "134": 0,
      "135": 0,
      "136": 0,
      "137": 0,
      "138": 0,
      "139": 25,
      "140": 0,
      "141": 0,
      "142": 0,
      "143": 0,
      "144": 0,
      "145": 0,
      "146": 0,
      "147": 0,
      "148": 0,
      "149": 0,
      "150": 0,
      "151": 0,
      "152": 25,
      "153": 0,
      "154": 0,
      "155": 0,
      "156": 0,
      "157": 0,
      "158": 25,
      "159": 0,
      "160": 0,
      "161": 0,
      "162": 0,
      "163": 0,
      "164": 0,
      "165": 0,
      "166": 25,
      "167": 124,
      "168": 124,
      "169": 25,
      "170": 23,
      "171": 23,
      "172": 25,
      "173": 18,
      "174": 25,
      "175": 84,
      "176": 25,
      "177": 62,
      "178": 25,
      "179": 84,
      "180": 84,
      "181": 77,
      "182": 7,
      "183": 0,
      "184": 7,
      "185": 25,
      "186": 65,
      "187": 65,
      "188": 25,
      "189": 40,
      "190": 24,
      "191": 16,
      "192": 5,
      "193": 11,
      "194": 5,
      "195": 6,
      "196": 0,
      "197": 6,
      "198": 0,
      "199": 6,
      "200": 25,
      "201": 57,
      "202": 57,
      "203": 57,
      "204": 0,
      "205": 0,
      "206": 0,
      "207": 57,
      "208": 51,
      "209": 25,
      "210": 19,
      "211": 25,
      "212": 37
    },
    "f": {
      "0": 25,
      "1": 0,
      "2": 0,
      "3": 0,
      "4": 4,
      "5": 4,
      "6": 27,
      "7": 5,
      "8": 1,
      "9": 2,
      "10": 1,
      "11": 1,
      "12": 1,
      "13": 1,
      "14": 6,
      "15": 7,
      "16": 0,
      "17": 0,
      "18": 0,
      "19": 124,
      "20": 23,
      "21": 18,
      "22": 84,
      "23": 62,
      "24": 84,
      "25": 65,
      "26": 57,
      "27": 0,
      "28": 51,
      "29": 19,
      "30": 37
    },
    "b": {
      "0": [0, 0],
      "1": [0, 0],
      "2": [4, 0],
      "3": [4, 4],
      "4": [5, 22],
      "5": [27, 24],
      "6": [5, 0],
      "7": [1, 0],
      "8": [1, 0],
      "9": [1, 1],
      "10": [0, 0],
      "11": [0, 1],
      "12": [0, 1],
      "13": [6],
      "14": [1, 5],
      "15": [6, 6, 6],
      "16": [0, 5],
      "17": [1, 1, 1, 1, 1, 1, 1],
      "18": [0, 5],
      "19": [0, 5],
      "20": [0, 0],
      "21": [0, 0],
      "22": [124, 23, 23, 0, 0],
      "23": [23, 18, 18, 0, 0],
      "24": [84, 7, 7],
      "25": [77, 7],
      "26": [84, 7],
      "27": [0, 7],
      "28": [7, 7],
      "29": [25, 40],
      "30": [24, 16],
      "31": [5, 11],
      "32": [5, 6],
      "33": [0, 6],
      "34": [6, 6],
      "35": [0, 6],
      "36": [37, 21]
    },
    "meta": {
      "lastBranch": 37,
      "lastFunction": 31,
      "lastStatement": 213,
      "seen": {
        "s:19:17:19:Infinity": 0,
        "s:20:24:20:Infinity": 1,
        "f:22:16:22:30": 0,
        "s:23:17:23:36": 2,
        "s:27:2:42:Infinity": 3,
        "s:28:15:28:Infinity": 4,
        "s:29:4:29:Infinity": 5,
        "s:30:4:30:Infinity": 6,
        "s:32:4:35:Infinity": 7,
        "s:36:4:36:Infinity": 8,
        "f:36:4:36:25": 1,
        "s:36:25:36:Infinity": 9,
        "s:37:4:41:Infinity": 10,
        "f:37:4:37:22": 2,
        "b:38:6:38:Infinity:undefined:undefined:undefined:undefined": 0,
        "s:38:6:38:Infinity": 11,
        "s:38:27:38:Infinity": 12,
        "b:39:6:39:Infinity:undefined:undefined:undefined:undefined": 1,
        "s:39:6:39:Infinity": 13,
        "s:39:28:39:Infinity": 14,
        "s:40:6:40:Infinity": 15,
        "s:45:2:54:Infinity": 16,
        "s:46:4:50:Infinity": 17,
        "s:52:4:52:Infinity": 18,
        "s:53:4:53:Infinity": 19,
        "f:53:4:53:22": 3,
        "s:53:22:53:Infinity": 20,
        "s:56:32:56:Infinity": 21,
        "s:57:30:57:Infinity": 22,
        "s:58:26:58:Infinity": 23,
        "s:59:48:59:Infinity": 24,
        "s:60:38:60:Infinity": 25,
        "s:61:26:61:Infinity": 26,
        "s:62:36:66:Infinity": 27,
        "s:68:36:68:Infinity": 28,
        "s:69:22:69:Infinity": 29,
        "s:70:22:70:Infinity": 30,
        "s:71:18:71:Infinity": 31,
        "s:73:20:73:Infinity": 32,
        "s:74:24:74:Infinity": 33,
        "s:76:8:76:Infinity": 34,
        "f:76:8:76:26": 4,
        "s:76:26:76:Infinity": 35,
        "s:78:28:78:Infinity": 36,
        "s:79:8:86:Infinity": 37,
        "f:79:8:79:21": 5,
        "s:80:4:80:Infinity": 38,
        "s:81:4:81:Infinity": 39,
        "b:82:4:85:Infinity:undefined:undefined:undefined:undefined": 2,
        "s:82:4:85:Infinity": 40,
        "b:82:8:82:37:82:37:82:61": 3,
        "s:83:6:83:Infinity": 41,
        "s:84:6:84:Infinity": 42,
        "s:88:8:94:Infinity": 43,
        "f:88:8:88:29": 6,
        "b:89:4:93:Infinity:undefined:undefined:undefined:undefined": 4,
        "s:89:4:93:Infinity": 44,
        "b:89:8:89:26:89:26:89:36": 5,
        "s:90:6:90:Infinity": 45,
        "s:91:6:91:Infinity": 46,
        "s:92:6:92:Infinity": 47,
        "s:96:8:113:Infinity": 48,
        "f:96:8:96:28": 7,
        "s:97:4:97:Infinity": 49,
        "s:98:4:98:Infinity": 50,
        "s:99:4:99:Infinity": 51,
        "b:100:4:111:Infinity:108:11:111:Infinity": 6,
        "s:100:4:111:Infinity": 52,
        "s:101:6:101:Infinity": 53,
        "s:102:6:102:Infinity": 54,
        "s:103:6:103:Infinity": 55,
        "s:104:6:104:Infinity": 56,
        "s:105:6:105:Infinity": 57,
        "s:106:6:106:Infinity": 58,
        "s:107:6:107:Infinity": 59,
        "s:109:6:109:Infinity": 60,
        "s:110:6:110:Infinity": 61,
        "s:112:4:112:Infinity": 62,
        "s:115:8:136:Infinity": 63,
        "f:115:8:115:26": 8,
        "s:116:4:116:Infinity": 64,
        "s:117:22:117:Infinity": 65,
        "s:118:28:121:Infinity": 66,
        "f:118:38:118:Infinity": 9,
        "s:119:18:119:Infinity": 67,
        "s:123:6:125:Infinity": 68,
        "b:124:10:124:Infinity:125:10:125:Infinity": 7,
        "s:126:4:126:Infinity": 69,
        "s:128:27:128:Infinity": 70,
        "b:129:4:135:Infinity:133:11:135:Infinity": 8,
        "s:129:4:135:Infinity": 71,
        "b:129:8:129:34:129:34:129:56": 9,
        "s:130:24:130:Infinity": 72,
        "s:131:6:131:Infinity": 73,
        "s:132:6:132:Infinity": 74,
        "b:133:11:135:Infinity:undefined:undefined:undefined:undefined": 10,
        "s:133:11:135:Infinity": 75,
        "s:134:6:134:Infinity": 76,
        "s:138:8:148:Infinity": 77,
        "f:138:8:138:22": 10,
        "s:139:4:139:Infinity": 78,
        "s:140:4:140:Infinity": 79,
        "s:141:4:141:Infinity": 80,
        "s:142:4:142:Infinity": 81,
        "b:142:36:142:61:142:61:142:67": 11,
        "s:143:4:143:Infinity": 82,
        "s:144:4:147:Infinity": 83,
        "b:145:24:145:56:145:56:145:Infinity": 12,
        "s:150:8:156:Infinity": 84,
        "f:150:8:150:29": 11,
        "s:151:4:151:Infinity": 85,
        "s:152:4:152:Infinity": 86,
        "s:153:4:153:Infinity": 87,
        "s:154:4:154:Infinity": 88,
        "s:155:4:155:Infinity": 89,
        "s:158:8:164:Infinity": 90,
        "f:158:8:158:27": 12,
        "s:159:4:159:Infinity": 91,
        "s:160:4:160:Infinity": 92,
        "s:161:4:161:Infinity": 93,
        "s:162:4:162:Infinity": 94,
        "s:163:4:163:Infinity": 95,
        "s:166:8:173:Infinity": 96,
        "f:166:8:166:28": 13,
        "s:167:4:167:Infinity": 97,
        "s:168:4:168:Infinity": 98,
        "s:169:4:169:Infinity": 99,
        "s:170:4:170:Infinity": 100,
        "s:171:4:171:Infinity": 101,
        "s:172:4:172:Infinity": 102,
        "s:175:22:259:Infinity": 103,
        "f:175:22:175:29": 14,
        "b:175:47:175:57": 13,
        "b:176:4:176:Infinity:undefined:undefined:undefined:undefined": 14,
        "s:176:4:176:Infinity": 104,
        "b:176:8:176:22:176:22:176:33:176:33:176:47": 15,
        "s:176:47:176:Infinity": 105,
        "b:178:4:183:Infinity:undefined:undefined:undefined:undefined": 16,
        "s:178:4:183:Infinity": 106,
        "s:179:6:181:Infinity": 107,
        "s:182:6:182:Infinity": 108,
        "s:185:4:185:Infinity": 109,
        "s:190:4:190:Infinity": 110,
        "s:191:4:191:Infinity": 111,
        "s:192:4:192:Infinity": 112,
        "s:194:4:258:Infinity": 113,
        "s:195:6:225:Infinity": 114,
        "f:196:21:196:Infinity": 15,
        "s:198:26:198:Infinity": 115,
        "b:200:12:204:Infinity:205:12:207:Infinity:208:12:210:Infinity:211:12:213:Infinity:214:12:216:Infinity:217:12:219:Infinity:220:12:222:Infinity": 17,
        "s:199:10:223:Infinity": 116,
        "s:201:14:203:Infinity": 117,
        "s:204:14:204:Infinity": 118,
        "s:206:14:206:Infinity": 119,
        "s:207:14:207:Infinity": 120,
        "s:209:14:209:Infinity": 121,
        "s:210:14:210:Infinity": 122,
        "s:212:14:212:Infinity": 123,
        "s:213:14:213:Infinity": 124,
        "s:215:14:215:Infinity": 125,
        "s:216:14:216:Infinity": 126,
        "s:218:14:218:Infinity": 127,
        "s:219:14:219:Infinity": 128,
        "s:221:14:221:Infinity": 129,
        "s:222:14:222:Infinity": 130,
        "s:227:22:227:Infinity": 131,
        "s:229:24:245:Infinity": 132,
        "b:235:42:235:49:235:49:235:Infinity": 18,
        "b:244:51:244:72:244:72:244:Infinity": 19,
        "s:247:6:251:Infinity": 133,
        "s:253:6:253:Infinity": 134,
        "s:254:6:254:Infinity": 135,
        "s:255:6:255:Infinity": 136,
        "s:256:6:256:Infinity": 137,
        "s:257:6:257:Infinity": 138,
        "s:261:23:280:Infinity": 139,
        "f:261:23:261:35": 16,
        "b:262:4:262:Infinity:undefined:undefined:undefined:undefined": 20,
        "s:262:4:262:Infinity": 140,
        "s:262:19:262:Infinity": 141,
        "s:263:4:279:Infinity": 142,
        "s:264:22:264:Infinity": 143,
        "b:265:6:273:Infinity:269:13:273:Infinity": 21,
        "s:265:6:273:Infinity": 144,
        "s:266:8:266:Infinity": 145,
        "s:267:8:267:Infinity": 146,
        "s:268:8:268:Infinity": 147,
        "s:271:8:271:Infinity": 148,
        "s:272:8:272:Infinity": 149,
        "s:277:6:277:Infinity": 150,
        "s:278:6:278:Infinity": 151,
        "s:282:23:294:Infinity": 152,
        "f:282:23:282:35": 17,
        "s:283:4:293:Infinity": 153,
        "s:284:6:284:Infinity": 154,
        "s:286:6:286:Infinity": 155,
        "s:287:6:287:Infinity": 156,
        "s:292:6:292:Infinity": 157,
        "s:296:22:306:Infinity": 158,
        "f:296:22:296:34": 18,
        "s:297:4:305:Infinity": 159,
        "s:298:6:298:Infinity": 160,
        "s:299:6:299:Infinity": 161,
        "s:300:6:300:Infinity": 162,
        "s:302:6:302:Infinity": 163,
        "s:303:6:303:Infinity": 164,
        "s:304:6:304:Infinity": 165,
        "s:308:8:315:Infinity": 166,
        "f:308:8:308:33": 19,
        "s:309:14:309:Infinity": 167,
        "s:310:4:313:Infinity": 168,
        "b:311:6:311:Infinity:312:8:312:30:312:30:312:Infinity:313:9:313:32:313:32:313:Infinity": 22,
        "s:317:8:324:Infinity": 169,
        "f:317:8:317:33": 20,
        "s:318:14:318:Infinity": 170,
        "s:319:4:322:Infinity": 171,
        "b:320:6:320:Infinity:321:8:321:30:321:30:321:Infinity:322:9:322:32:322:32:322:Infinity": 23,
        "s:326:8:326:Infinity": 172,
        "f:326:8:326:32": 21,
        "s:326:32:326:Infinity": 173,
        "s:328:8:329:Infinity": 174,
        "f:328:8:328:Infinity": 22,
        "s:329:4:329:Infinity": 175,
        "b:329:4:329:26:329:26:329:48:329:48:329:Infinity": 24,
        "s:331:8:331:Infinity": 176,
        "f:331:8:331:29": 23,
        "s:331:29:331:Infinity": 177,
        "s:333:8:338:Infinity": 178,
        "f:333:8:333:25": 24,
        "s:334:17:334:Infinity": 179,
        "b:335:4:335:Infinity:undefined:undefined:undefined:undefined": 25,
        "s:335:4:335:Infinity": 180,
        "b:335:8:335:25:335:25:335:40": 26,
        "s:335:40:335:Infinity": 181,
        "b:336:4:336:Infinity:undefined:undefined:undefined:undefined": 27,
        "s:336:4:336:Infinity": 182,
        "b:336:8:336:36:336:36:336:56": 28,
        "s:336:56:336:Infinity": 183,
        "s:337:4:337:Infinity": 184,
        "s:340:25:350:Infinity": 185,
        "f:340:25:340:42": 25,
        "s:341:17:341:Infinity": 186,
        "b:342:4:342:Infinity:undefined:undefined:undefined:undefined": 29,
        "s:342:4:342:Infinity": 187,
        "s:342:23:342:Infinity": 188,
        "b:343:4:343:Infinity:undefined:undefined:undefined:undefined": 30,
        "s:343:4:343:Infinity": 189,
        "s:343:29:343:Infinity": 190,
        "b:344:4:344:Infinity:undefined:undefined:undefined:undefined": 31,
        "s:344:4:344:Infinity": 191,
        "s:344:29:344:Infinity": 192,
        "b:345:4:345:Infinity:undefined:undefined:undefined:undefined": 32,
        "s:345:4:345:Infinity": 193,
        "s:345:28:345:Infinity": 194,
        "b:346:4:347:Infinity:undefined:undefined:undefined:undefined": 33,
        "s:346:4:347:Infinity": 195,
        "b:346:8:346:36:346:36:346:Infinity": 34,
        "s:347:6:347:Infinity": 196,
        "b:348:4:348:Infinity:undefined:undefined:undefined:undefined": 35,
        "s:348:4:348:Infinity": 197,
        "s:348:25:348:Infinity": 198,
        "s:349:4:349:Infinity": 199,
        "s:355:2:380:Infinity": 200,
        "f:355:2:355:21": 26,
        "s:356:18:366:Infinity": 201,
        "s:367:4:367:Infinity": 202,
        "s:369:18:377:Infinity": 203,
        "f:369:29:369:41": 27,
        "s:370:6:376:Infinity": 204,
        "s:371:8:373:Infinity": 205,
        "s:375:8:375:Infinity": 206,
        "s:379:4:379:Infinity": 207,
        "f:379:4:379:20": 28,
        "s:379:20:379:39": 208,
        "s:382:2:384:Infinity": 209,
        "f:382:2:382:18": 29,
        "s:383:4:383:Infinity": 210,
        "s:388:2:407:Infinity": 211,
        "f:397:4:397:24": 30,
        "s:397:24:397:Infinity": 212,
        "b:397:24:397:56:397:56:397:Infinity": 36
      },
      "fnNames": {}
    }
  }
}
